2024-07-04T13:50:15: LogHost: Initializing to normal mode
2024-07-04T13:52:32: LogHost: SuppressChangeNotifications was called (perhaps via AddRange), yet you do not
2024-07-04T13:52:32: LogHost: have a subscription to ShouldReset. This probably isn't what you want, as ItemsAdded
2024-07-04T13:52:32: LogHost: and friends will appear to 'miss' items
2024-07-04T13:52:47: Trying without host
2024-07-04T13:56:21: Trying without host
2024-07-04T13:59:48: Trying without host
2024-07-04T14:01:24: Trying without host
2024-07-04T14:01:48: Trying without host
2024-07-04T14:01:48: ReactiveList`1: Property change notifications are enabled and type SourceTree.Model.RepositoryRemoteProjectLink isn't INotifyPropertyChanged or IReactiveObject
2024-07-04T14:01:50: ScrollToItem idx:16 scrollHeight=85 offset=13.47
2024-07-04T14:01:50: 2024/07/04 14:01:50 : REFRESHING DIFF
2024-07-04T14:02:33: Checking remote repositories...
2024-07-04T14:02:58: Trying without host
2024-07-04T14:03:02: Trying without host
2024-07-04T14:03:05: Trying without host
2024-07-04T14:04:02: Trying without host
2024-07-04T14:04:14: Trying without host
2024-07-04T14:04:14: ReactiveList`1: Property change notifications are enabled and type SourceTree.Model.RepositoryRemoteProjectLink isn't INotifyPropertyChanged or IReactiveObject
2024-07-04T14:04:15: ScrollToItem idx:16 scrollHeight=85 offset=13.47
2024-07-04T14:04:16: ScrollToItem idx:10 scrollHeight=85 offset=8.42
2024-07-04T14:04:20: 2024/07/04 14:04:20 : REFRESHING DIFF
2024-07-04T14:04:20: ScrollToItem idx:16 scrollHeight=85 offset=13.47
2024-07-04T14:04:20: 2024/07/04 14:04:20 : REFRESHING DIFF
2024-07-04T14:05:50: VaultClient::ReadCredentials
2024-07-04T14:05:50: VaultClient::ReadCredentials
2024-07-04T14:12:33: Checking remote repositories...
2024-07-04T14:12:33: Trying without host
2024-07-04T14:22:41: Checking remote repositories...
2024-07-04T14:22:41: Trying without host
2024-07-04T14:22:44: Trying without host
2024-07-04T14:32:47: Checking remote repositories...
2024-07-04T14:32:47: Trying without host
2024-07-04T14:32:52: Trying without host
2024-07-04T14:42:54: Checking remote repositories...
2024-07-04T14:42:54: Trying without host
2024-07-04T14:42:58: Trying without host
2024-07-04T14:53:01: Checking remote repositories...
2024-07-04T14:53:01: Trying without host
2024-07-04T14:53:06: Trying without host
2024-07-04T15:03:08: Checking remote repositories...
2024-07-04T15:03:08: Trying without host
2024-07-04T15:03:12: Trying without host
2024-07-04T15:13:15: Checking remote repositories...
2024-07-04T15:13:15: Trying without host
2024-07-04T15:13:18: Trying without host
2024-07-04T15:23:21: Checking remote repositories...
2024-07-04T15:23:21: Trying without host
2024-07-04T15:23:24: Trying without host
2024-07-04T15:33:27: Checking remote repositories...
2024-07-04T15:33:27: Trying without host
2024-07-04T15:33:32: Trying without host
2024-07-04T15:37:30: ScrollToItem idx:10 scrollHeight=85 offset=8.42
2024-07-04T15:37:31: 2024/07/04 15:37:31 : REFRESHING DIFF
2024-07-04T15:37:31: ScrollToItem idx:16 scrollHeight=85 offset=13.47
2024-07-04T15:37:31: 2024/07/04 15:37:31 : REFRESHING DIFF
2024-07-04T15:39:13: ScrollToItem idx:10 scrollHeight=85 offset=8.42
2024-07-04T15:39:15: 2024/07/04 15:39:15 : REFRESHING DIFF
2024-07-04T15:39:15: ScrollToItem idx:16 scrollHeight=85 offset=13.47
2024-07-04T15:39:15: 2024/07/04 15:39:15 : REFRESHING DIFF
2024-07-04T15:39:17: ScrollToItem idx:10 scrollHeight=85 offset=8.42
2024-07-04T15:43:35: Checking remote repositories...
2024-07-04T15:43:35: Trying without host
2024-07-04T15:43:39: Trying without host
2024-07-04T15:43:43: ScrollToItem idx:10 scrollHeight=85 offset=8.42
2024-07-04T15:43:48: ReactiveList`1: Property change notifications are enabled and type SourceTree.Model.RepositoryRemoteProjectLink isn't INotifyPropertyChanged or IReactiveObject
2024-07-04T15:43:49: ScrollToItem idx:10 scrollHeight=85 offset=8.42
2024-07-04T15:43:49: ScrollToItem idx:0 scrollHeight=86 offset=
2024-07-04T15:44:37: ScrollToItem idx:10 scrollHeight=85 offset=8.42
2024-07-04T15:53:41: Checking remote repositories...
2024-07-04T15:53:41: Trying without host
2024-07-04T16:03:44: Checking remote repositories...
2024-07-04T16:03:44: Trying without host
2024-07-04T16:03:48: Trying without host
2024-07-04T16:04:47: ScrollToItem idx:0 scrollHeight=86 offset=
2024-07-04T16:04:49: ScrollToItem idx:10 scrollHeight=85 offset=8.42
2024-07-04T16:04:50: ScrollToItem idx:0 scrollHeight=86 offset=
2024-07-04T16:06:51: ScrollToItem idx:10 scrollHeight=85 offset=8.42
2024-07-04T16:12:10: ScrollToItem idx:0 scrollHeight=85 offset=
2024-07-04T16:12:10: 2024/07/04 16:12:10 : REFRESHING DIFF
2024-07-04T16:12:14: Trying without host
2024-07-04T16:12:18: 2024/07/04 16:12:18 : REFRESHING DIFF
2024-07-04T16:12:18: ScrollToItem idx:0 scrollHeight=85 offset=
2024-07-04T16:12:19: 2024/07/04 16:12:19 : REFRESHING DIFF
2024-07-04T16:12:38: ScrollToItem idx:10 scrollHeight=85 offset=8.42
2024-07-04T16:13:51: Checking remote repositories...
2024-07-04T16:13:51: Trying without host
2024-07-04T16:14:22: 2024/07/04 16:14:22 : REFRESHING DIFF
2024-07-04T16:14:22: ScrollToItem idx:0 scrollHeight=85 offset=
2024-07-04T16:14:22: 2024/07/04 16:14:22 : REFRESHING DIFF
2024-07-04T16:14:23: ReactiveList`1: Property change notifications are enabled and type SourceTree.Model.RepositoryRemoteProjectLink isn't INotifyPropertyChanged or IReactiveObject
2024-07-04T16:14:38: ScrollToItem idx:10 scrollHeight=85 offset=8.42
2024-07-04T16:17:09: 2024/07/04 16:17:09 : REFRESHING DIFF
2024-07-04T16:17:09: ScrollToItem idx:0 scrollHeight=85 offset=
2024-07-04T16:17:09: 2024/07/04 16:17:09 : REFRESHING DIFF
2024-07-04T16:17:24: Trying without host
2024-07-04T16:17:27: 2024/07/04 16:17:27 : REFRESHING DIFF
2024-07-04T16:17:27: ScrollToItem idx:0 scrollHeight=85 offset=
2024-07-04T16:17:27: 2024/07/04 16:17:27 : REFRESHING DIFF
2024-07-04T16:18:19: 2024/07/04 16:18:19 : REFRESHING DIFF
2024-07-04T16:18:19: ScrollToItem idx:0 scrollHeight=85 offset=
2024-07-04T16:18:20: 2024/07/04 16:18:20 : REFRESHING DIFF
2024-07-04T16:18:46: ScrollToItem idx:0 scrollHeight=86 offset=
2024-07-04T16:18:51: 2024/07/04 16:18:51 : REFRESHING DIFF
2024-07-04T16:18:51: ScrollToItem idx:1 scrollHeight=86 offset=.84
2024-07-04T16:18:51: 2024/07/04 16:18:51 : REFRESHING DIFF
2024-07-04T16:23:54: Checking remote repositories...
2024-07-04T16:23:54: Trying without host
2024-07-04T16:33:07: ScrollToItem idx:0 scrollHeight=86 offset=
2024-07-04T16:33:58: Checking remote repositories...
2024-07-04T16:33:58: Trying without host
2024-07-04T16:34:01: Trying without host
2024-07-04T16:40:31: 2024/07/04 16:40:31 : REFRESHING DIFF
2024-07-04T16:40:31: 2024/07/04 16:40:31 : REFRESHING DIFF
2024-07-04T16:41:03: ScrollToItem idx:1 scrollHeight=86 offset=.84
2024-07-04T16:41:04: 2024/07/04 16:41:04 : REFRESHING DIFF
2024-07-04T16:41:04: ScrollToItem idx:1 scrollHeight=86 offset=.84
2024-07-04T16:41:04: 2024/07/04 16:41:04 : REFRESHING DIFF
2024-07-04T16:44:05: Checking remote repositories...
2024-07-04T16:44:05: Trying without host
2024-07-04T16:44:08: Trying without host
2024-07-04T16:47:06: 2024/07/04 16:47:06 : REFRESHING DIFF
2024-07-04T16:47:06: 2024/07/04 16:47:06 : REFRESHING DIFF
2024-07-04T16:47:09: 2024/07/04 16:47:09 : REFRESHING DIFF
2024-07-04T16:47:10: 2024/07/04 16:47:10 : REFRESHING DIFF
2024-07-04T16:54:11: Checking remote repositories...
2024-07-04T16:54:11: Trying without host
2024-07-04T16:54:16: Trying without host
2024-07-04T17:04:18: Checking remote repositories...
2024-07-04T17:04:18: Trying without host
2024-07-04T17:04:21: Trying without host
2024-07-04T17:14:24: Checking remote repositories...
2024-07-04T17:14:25: Trying without host
2024-07-04T17:14:28: Trying without host
2024-07-04T17:24:31: Checking remote repositories...
2024-07-04T17:24:31: Trying without host
2024-07-04T17:24:36: Trying without host
2024-07-04T17:34:39: Checking remote repositories...
2024-07-04T17:34:39: Trying without host
2024-07-04T17:34:42: Trying without host
2024-07-04T17:44:45: Checking remote repositories...
2024-07-04T17:44:45: Trying without host
2024-07-04T17:44:50: Trying without host
2024-07-04T17:54:52: Checking remote repositories...
2024-07-04T17:54:52: Trying without host
2024-07-04T17:54:55: Trying without host
2024-07-04T17:55:57: ScrollToItem idx:1 scrollHeight=86 offset=.84
