2024-08-02T09:03:33: LogHost: Initializing to normal mode
2024-08-02T09:03:35: ReactiveList`1: Property change notifications are enabled and type SourceTree.Model.RepositoryRemoteProjectLink isn't INotifyPropertyChanged or IReactiveObject
2024-08-02T09:03:35: ReactiveList`1: Property change notifications are enabled and type SourceTree.Model.RepositoryRemoteProjectLink isn't INotifyPropertyChanged or IReactiveObject
2024-08-02T09:03:35: ReactiveList`1: Property change notifications are enabled and type SourceTree.Model.RepositoryRemoteProjectLink isn't INotifyPropertyChanged or IReactiveObject
2024-08-02T09:03:35: ReactiveList`1: Property change notifications are enabled and type SourceTree.Model.RepositoryRemoteProjectLink isn't INotifyPropertyChanged or IReactiveObject
2024-08-02T09:03:35: ReactiveList`1: Property change notifications are enabled and type SourceTree.Model.RepositoryRemoteProjectLink isn't INotifyPropertyChanged or IReactiveObject
2024-08-02T09:03:35: Could not obtain git dir,  is not a git repo.
2024-08-02T09:03:36: ScrollToItem idx:0 scrollHeight=57 offset=
2024-08-02T09:03:42: 2024/08/02 9:03:42 : REFRESHING DIFF
2024-08-02T09:03:44: 2024/08/02 9:03:44 : REFRESHING DIFF
2024-08-02T09:03:45: 2024/08/02 9:03:45 : REFRESHING DIFF
2024-08-02T09:03:48: ReactiveList`1: Property change notifications are enabled and type SourceTree.Model.RepositoryRemoteProjectLink isn't INotifyPropertyChanged or IReactiveObject
2024-08-02T09:03:48: ScrollToItem idx:0 scrollHeight=87 offset=
2024-08-02T09:03:54: Trying without host
2024-08-02T09:03:54: Trying without host
2024-08-02T09:03:58: ScrollToItem idx:0 scrollHeight=87 offset=
2024-08-02T09:04:02: 2024/08/02 9:04:02 : REFRESHING DIFF
2024-08-02T09:04:03: 2024/08/02 9:04:03 : REFRESHING DIFF
2024-08-02T09:04:03: ScrollToItem idx:1 scrollHeight=57 offset=.79
2024-08-02T09:04:04: 2024/08/02 9:04:04 : REFRESHING DIFF
2024-08-02T09:04:06: ReactiveList`1: Property change notifications are enabled and type SourceTree.Model.RepositoryRemoteProjectLink isn't INotifyPropertyChanged or IReactiveObject
2024-08-02T09:04:07: ScrollToItem idx:0 scrollHeight=62 offset=
2024-08-02T09:04:07: 2024/08/02 9:04:07 : REFRESHING DIFF
2024-08-02T09:04:07: 2024/08/02 9:04:07 : REFRESHING DIFF
2024-08-02T09:04:07: ScrollToItem idx:1 scrollHeight=87 offset=.85
2024-08-02T09:04:07: 2024/08/02 9:04:07 : REFRESHING DIFF
2024-08-02T09:04:09: 2024/08/02 9:04:09 : REFRESHING DIFF
2024-08-02T09:04:12: 2024/08/02 9:04:12 : REFRESHING DIFF
2024-08-02T09:04:13: 2024/08/02 9:04:13 : REFRESHING DIFF
2024-08-02T09:04:14: 2024/08/02 9:04:14 : REFRESHING DIFF
2024-08-02T09:06:52: 2024/08/02 9:06:52 : REFRESHING DIFF
2024-08-02T09:06:52: 2024/08/02 9:06:52 : REFRESHING DIFF
2024-08-02T09:06:52: ScrollToItem idx:1 scrollHeight=57 offset=.79
2024-08-02T09:06:52: 2024/08/02 9:06:52 : REFRESHING DIFF
2024-08-02T09:06:52: 2024/08/02 9:06:52 : REFRESHING DIFF
2024-08-02T09:06:53: 2024/08/02 9:06:53 : REFRESHING DIFF
2024-08-02T09:06:53: 2024/08/02 9:06:53 : REFRESHING DIFF
2024-08-02T09:07:02: Trying without host
2024-08-02T09:07:02: Trying without host
2024-08-02T09:13:36: Checking remote repositories...
2024-08-02T09:13:36: Trying without host
2024-08-02T09:13:40: Trying without host
2024-08-02T09:23:44: Checking remote repositories...
2024-08-02T09:23:44: Trying without host
2024-08-02T09:23:47: Trying without host
2024-08-02T09:23:50: Trying without host
2024-08-02T09:23:53: Trying without host
2024-08-02T09:33:56: Checking remote repositories...
2024-08-02T09:33:56: Trying without host
2024-08-02T09:33:59: Trying without host
2024-08-02T09:34:02: Trying without host
2024-08-02T09:34:04: Trying without host
2024-08-02T09:44:07: Checking remote repositories...
2024-08-02T09:44:07: Trying without host
2024-08-02T09:44:13: Trying without host
2024-08-02T09:44:16: Trying without host
2024-08-02T09:44:19: Trying without host
2024-08-02T09:54:21: Checking remote repositories...
2024-08-02T09:54:21: Trying without host
2024-08-02T09:54:25: Trying without host
2024-08-02T09:54:28: Trying without host
2024-08-02T09:54:30: Trying without host
2024-08-02T10:04:33: Checking remote repositories...
2024-08-02T10:04:33: Trying without host
2024-08-02T10:04:38: Trying without host
2024-08-02T10:04:41: Trying without host
2024-08-02T10:04:44: Trying without host
2024-08-02T10:14:46: Checking remote repositories...
2024-08-02T10:14:46: Trying without host
2024-08-02T10:14:50: Trying without host
2024-08-02T10:14:53: Trying without host
2024-08-02T10:14:55: Trying without host
2024-08-02T10:24:58: Checking remote repositories...
2024-08-02T10:24:58: Trying without host
2024-08-02T10:25:02: Trying without host
2024-08-02T10:25:05: Trying without host
2024-08-02T10:25:07: Trying without host
2024-08-02T10:35:10: Checking remote repositories...
2024-08-02T10:35:10: Trying without host
2024-08-02T10:35:15: Trying without host
2024-08-02T10:35:18: Trying without host
2024-08-02T10:35:21: Trying without host
2024-08-02T10:45:24: Checking remote repositories...
2024-08-02T10:45:24: Trying without host
2024-08-02T10:45:27: Trying without host
2024-08-02T10:45:29: Trying without host
2024-08-02T10:45:33: Trying without host
2024-08-02T10:55:35: Checking remote repositories...
2024-08-02T10:55:35: Trying without host
2024-08-02T10:55:38: Trying without host
2024-08-02T10:55:42: Trying without host
2024-08-02T10:55:44: Trying without host
2024-08-02T11:05:47: Checking remote repositories...
2024-08-02T11:05:47: Trying without host
2024-08-02T11:05:52: Trying without host
2024-08-02T11:05:55: Trying without host
2024-08-02T11:05:57: Trying without host
2024-08-02T11:16:00: Checking remote repositories...
2024-08-02T11:16:00: Trying without host
2024-08-02T11:16:03: Trying without host
2024-08-02T11:16:06: Trying without host
2024-08-02T11:16:09: Trying without host
2024-08-02T11:26:12: Checking remote repositories...
2024-08-02T11:26:12: Trying without host
2024-08-02T11:26:15: Trying without host
2024-08-02T11:26:18: Trying without host
2024-08-02T11:26:21: Trying without host
2024-08-02T11:36:24: Checking remote repositories...
2024-08-02T11:36:24: Trying without host
2024-08-02T11:36:27: Trying without host
2024-08-02T11:36:29: Trying without host
2024-08-02T11:36:33: Trying without host
2024-08-02T11:46:35: Checking remote repositories...
2024-08-02T11:46:35: Trying without host
2024-08-02T11:46:38: Trying without host
2024-08-02T11:46:41: Trying without host
2024-08-02T11:46:44: Trying without host
2024-08-02T11:56:46: Checking remote repositories...
2024-08-02T11:56:46: Trying without host
2024-08-02T11:56:52: Trying without host
2024-08-02T11:56:55: Trying without host
2024-08-02T11:56:57: Trying without host
2024-08-02T12:07:00: Checking remote repositories...
2024-08-02T12:07:00: Trying without host
2024-08-02T12:07:05: Trying without host
2024-08-02T12:07:08: Trying without host
2024-08-02T12:07:11: Trying without host
2024-08-02T12:17:13: Checking remote repositories...
2024-08-02T12:17:13: Trying without host
2024-08-02T12:17:16: Trying without host
2024-08-02T12:17:20: Trying without host
2024-08-02T12:17:22: Trying without host
2024-08-02T12:27:25: Checking remote repositories...
2024-08-02T12:27:25: Trying without host
2024-08-02T12:27:29: Trying without host
2024-08-02T12:27:32: Trying without host
2024-08-02T12:27:34: Trying without host
2024-08-02T12:37:37: Checking remote repositories...
2024-08-02T12:37:37: Trying without host
2024-08-02T12:37:40: Trying without host
2024-08-02T12:37:43: Trying without host
2024-08-02T12:37:46: Trying without host
2024-08-02T12:47:49: Checking remote repositories...
2024-08-02T12:47:49: Trying without host
2024-08-02T12:47:52: Trying without host
2024-08-02T12:47:54: Trying without host
2024-08-02T12:47:57: Trying without host
2024-08-02T12:58:00: Checking remote repositories...
2024-08-02T12:58:00: Trying without host
2024-08-02T12:58:03: Trying without host
2024-08-02T12:58:06: Trying without host
2024-08-02T12:58:09: Trying without host
2024-08-02T13:08:12: Checking remote repositories...
2024-08-02T13:08:12: Trying without host
2024-08-02T13:08:17: Trying without host
2024-08-02T13:08:19: Trying without host
2024-08-02T13:08:22: Trying without host
2024-08-02T13:18:25: Checking remote repositories...
2024-08-02T13:18:25: Trying without host
2024-08-02T13:18:28: Trying without host
2024-08-02T13:18:31: Trying without host
2024-08-02T13:18:34: Trying without host
2024-08-02T13:28:36: Checking remote repositories...
2024-08-02T13:28:36: Trying without host
2024-08-02T13:28:40: Trying without host
2024-08-02T13:28:42: Trying without host
2024-08-02T13:28:45: Trying without host
2024-08-02T13:38:48: Checking remote repositories...
2024-08-02T13:38:48: Trying without host
2024-08-02T13:38:53: Trying without host
2024-08-02T13:38:56: Trying without host
2024-08-02T13:38:58: Trying without host
2024-08-02T13:49:01: Checking remote repositories...
2024-08-02T13:49:01: Trying without host
2024-08-02T13:49:05: Trying without host
2024-08-02T13:49:08: Trying without host
2024-08-02T13:49:10: Trying without host
2024-08-02T13:58:29: ScrollToItem idx:1 scrollHeight=57 offset=.79
2024-08-02T13:58:30: ScrollToItem idx:1 scrollHeight=57 offset=.79
2024-08-02T13:58:40: Trying without host
2024-08-02T13:58:40: Trying without host
2024-08-02T13:58:47: 2024/08/02 13:58:47 : REFRESHING DIFF
2024-08-02T13:58:47: ScrollToItem idx:1 scrollHeight=87 offset=.85
2024-08-02T13:58:48: 2024/08/02 13:58:48 : REFRESHING DIFF
