2024-09-13T11:34:35: LogHost: Initializing to normal mode
2024-09-13T11:34:37: ReactiveList`1: Property change notifications are enabled and type SourceTree.Model.RepositoryRemoteProjectLink isn't INotifyPropertyChanged or IReactiveObject
2024-09-13T11:34:37: ReactiveList`1: Property change notifications are enabled and type SourceTree.Model.RepositoryRemoteProjectLink isn't INotifyPropertyChanged or IReactiveObject
2024-09-13T11:34:37: ReactiveList`1: Property change notifications are enabled and type SourceTree.Model.RepositoryRemoteProjectLink isn't INotifyPropertyChanged or IReactiveObject
2024-09-13T11:34:37: ReactiveList`1: Property change notifications are enabled and type SourceTree.Model.RepositoryRemoteProjectLink isn't INotifyPropertyChanged or IReactiveObject
2024-09-13T11:34:37: ReactiveList`1: Property change notifications are enabled and type SourceTree.Model.RepositoryRemoteProjectLink isn't INotifyPropertyChanged or IReactiveObject
2024-09-13T11:34:37: Could not obtain git dir,  is not a git repo.
2024-09-13T11:34:39: ScrollToItem idx:0 scrollHeight=79 offset=
2024-09-13T11:34:39: 2024/09/13 11:34:39 : REFRESHING DIFF
2024-09-13T11:34:41: Trying without host
2024-09-13T11:34:41: Trying without host
2024-09-13T11:34:45: 2024/09/13 11:34:45 : REFRESHING DIFF
2024-09-13T11:34:45: ScrollToItem idx:0 scrollHeight=79 offset=
2024-09-13T11:34:46: 2024/09/13 11:34:46 : REFRESHING DIFF
2024-09-13T11:34:48: ReactiveList`1: Property change notifications are enabled and type SourceTree.Model.RepositoryRemoteProjectLink isn't INotifyPropertyChanged or IReactiveObject
2024-09-13T11:34:49: ScrollToItem idx:0 scrollHeight=79 offset=
2024-09-13T11:34:49: 2024/09/13 11:34:49 : REFRESHING DIFF
2024-09-13T11:34:50: Trying without host
2024-09-13T11:34:50: Trying without host
2024-09-13T11:34:52: 2024/09/13 11:34:52 : REFRESHING DIFF
2024-09-13T11:34:52: ScrollToItem idx:1 scrollHeight=79 offset=.78
2024-09-13T11:34:53: 2024/09/13 11:34:53 : REFRESHING DIFF
2024-09-13T11:34:55: 2024/09/13 11:34:55 : REFRESHING DIFF
2024-09-13T11:44:38: Checking remote repositories...
2024-09-13T11:54:38: Checking remote repositories...
2024-09-13T11:54:38: Trying without host
2024-09-13T11:54:44: Trying without host
2024-09-13T11:54:47: Trying without host
2024-09-13T11:54:50: Trying without host
2024-09-13T12:04:52: Checking remote repositories...
2024-09-13T12:04:52: Trying without host
2024-09-13T12:04:57: Trying without host
2024-09-13T12:05:00: Trying without host
2024-09-13T12:05:03: Trying without host
2024-09-13T12:15:05: Checking remote repositories...
2024-09-13T12:15:05: Trying without host
2024-09-13T12:15:09: Trying without host
2024-09-13T12:15:11: Trying without host
2024-09-13T12:15:14: Trying without host
2024-09-13T12:25:17: Checking remote repositories...
2024-09-13T12:25:17: Trying without host
2024-09-13T12:25:22: Trying without host
2024-09-13T12:25:25: Trying without host
2024-09-13T12:25:27: Trying without host
2024-09-13T12:35:31: Checking remote repositories...
2024-09-13T12:35:31: Trying without host
2024-09-13T12:35:34: Trying without host
2024-09-13T12:35:37: Trying without host
2024-09-13T12:35:40: Trying without host
2024-09-13T12:45:43: Checking remote repositories...
2024-09-13T12:45:43: Trying without host
2024-09-13T12:45:46: Trying without host
2024-09-13T12:45:49: Trying without host
2024-09-13T12:45:52: Trying without host
2024-09-13T12:55:55: Checking remote repositories...
2024-09-13T12:55:55: Trying without host
2024-09-13T12:55:58: Trying without host
2024-09-13T12:56:01: Trying without host
2024-09-13T12:56:04: Trying without host
2024-09-13T13:06:06: Checking remote repositories...
2024-09-13T13:06:06: Trying without host
2024-09-13T13:06:10: Trying without host
2024-09-13T13:06:12: Trying without host
2024-09-13T13:06:15: Trying without host
2024-09-13T13:16:18: Checking remote repositories...
2024-09-13T13:16:18: Trying without host
2024-09-13T13:16:21: Trying without host
2024-09-13T13:16:24: Trying without host
2024-09-13T13:16:27: Trying without host
2024-09-13T13:26:30: Checking remote repositories...
2024-09-13T13:26:30: Trying without host
2024-09-13T13:26:35: Trying without host
2024-09-13T13:26:38: Trying without host
2024-09-13T13:26:41: Trying without host
2024-09-13T13:36:44: Checking remote repositories...
2024-09-13T13:36:44: Trying without host
2024-09-13T13:36:49: Trying without host
2024-09-13T13:36:51: Trying without host
2024-09-13T13:36:54: Trying without host
2024-09-13T13:46:57: Checking remote repositories...
2024-09-13T13:46:57: Trying without host
2024-09-13T13:47:00: Trying without host
2024-09-13T13:47:03: Trying without host
2024-09-13T13:47:06: Trying without host
2024-09-13T13:50:33: Could not obtain git dir,  is not a git repo.
2024-09-13T13:50:43: Trying without host
2024-09-13T13:50:43: Trying without host
2024-09-13T13:50:46: 2024/09/13 13:50:46 : REFRESHING DIFF
2024-09-13T13:50:46: ScrollToItem idx:0 scrollHeight=79 offset=
2024-09-13T13:50:46: 2024/09/13 13:50:46 : REFRESHING DIFF
2024-09-13T13:50:48: 2024/09/13 13:50:48 : REFRESHING DIFF
2024-09-13T13:50:48: ScrollToItem idx:0 scrollHeight=79 offset=
2024-09-13T13:50:48: 2024/09/13 13:50:48 : REFRESHING DIFF
2024-09-13T13:50:51: Trying without host
2024-09-13T13:50:51: Trying without host
2024-09-13T13:50:52: 2024/09/13 13:50:52 : REFRESHING DIFF
2024-09-13T13:50:52: ScrollToItem idx:0 scrollHeight=79 offset=
2024-09-13T13:50:53: 2024/09/13 13:50:53 : REFRESHING DIFF
2024-09-13T13:50:56: 2024/09/13 13:50:56 : REFRESHING DIFF
2024-09-13T13:50:56: ScrollToItem idx:0 scrollHeight=79 offset=
2024-09-13T13:50:57: 2024/09/13 13:50:57 : REFRESHING DIFF
2024-09-13T13:50:59: 2024/09/13 13:50:59 : REFRESHING DIFF
2024-09-13T13:50:59: ScrollToItem idx:0 scrollHeight=79 offset=
2024-09-13T13:51:00: 2024/09/13 13:51:00 : REFRESHING DIFF
2024-09-13T13:51:16: 2024/09/13 13:51:16 : REFRESHING DIFF
2024-09-13T13:51:16: ScrollToItem idx:0 scrollHeight=79 offset=
2024-09-13T13:51:17: 2024/09/13 13:51:17 : REFRESHING DIFF
2024-09-13T13:51:23: 2024/09/13 13:51:23 : REFRESHING DIFF
2024-09-13T13:51:23: ScrollToItem idx:0 scrollHeight=79 offset=
2024-09-13T13:51:23: 2024/09/13 13:51:23 : REFRESHING DIFF
2024-09-13T13:57:09: Checking remote repositories...
2024-09-13T13:57:09: Trying without host
2024-09-13T13:57:12: Trying without host
2024-09-13T14:07:15: Checking remote repositories...
2024-09-13T14:07:15: Trying without host
2024-09-13T14:07:21: Trying without host
2024-09-13T14:07:24: Trying without host
2024-09-13T14:07:27: Trying without host
2024-09-13T14:17:30: Checking remote repositories...
2024-09-13T14:17:30: Trying without host
2024-09-13T14:17:33: Trying without host
2024-09-13T14:17:36: Trying without host
2024-09-13T14:17:39: Trying without host
2024-09-13T14:27:42: Checking remote repositories...
2024-09-13T14:27:42: Trying without host
2024-09-13T14:27:45: Trying without host
2024-09-13T14:27:48: Trying without host
2024-09-13T14:27:50: Trying without host
2024-09-13T14:37:53: Checking remote repositories...
2024-09-13T14:37:53: Trying without host
2024-09-13T14:37:58: Trying without host
2024-09-13T14:38:01: Trying without host
2024-09-13T14:38:03: Trying without host
2024-09-13T14:48:06: Checking remote repositories...
2024-09-13T14:48:06: Trying without host
2024-09-13T14:48:09: Trying without host
2024-09-13T14:48:12: Trying without host
2024-09-13T14:48:15: Trying without host
2024-09-13T14:58:18: Checking remote repositories...
2024-09-13T14:58:18: Trying without host
2024-09-13T14:58:23: Trying without host
2024-09-13T14:58:26: Trying without host
2024-09-13T14:58:29: Trying without host
2024-09-13T15:08:31: Checking remote repositories...
2024-09-13T15:08:31: Trying without host
2024-09-13T15:08:35: Trying without host
2024-09-13T15:08:37: Trying without host
2024-09-13T15:08:40: Trying without host
2024-09-13T15:18:43: Checking remote repositories...
2024-09-13T15:18:43: Trying without host
2024-09-13T15:18:46: Trying without host
2024-09-13T15:18:49: Trying without host
2024-09-13T15:18:52: Trying without host
2024-09-13T15:28:55: Checking remote repositories...
2024-09-13T15:28:55: Trying without host
2024-09-13T15:28:58: Trying without host
2024-09-13T15:29:01: Trying without host
2024-09-13T15:29:04: Trying without host
2024-09-13T15:39:07: Checking remote repositories...
2024-09-13T15:39:07: Trying without host
2024-09-13T15:39:12: Trying without host
2024-09-13T15:39:16: Trying without host
2024-09-13T15:39:18: Trying without host
2024-09-13T15:49:21: Checking remote repositories...
2024-09-13T15:49:21: Trying without host
2024-09-13T15:49:26: Trying without host
2024-09-13T15:49:29: Trying without host
2024-09-13T15:49:32: Trying without host
2024-09-13T15:59:35: Checking remote repositories...
2024-09-13T15:59:35: Trying without host
2024-09-13T15:59:38: Trying without host
2024-09-13T15:59:41: Trying without host
2024-09-13T15:59:44: Trying without host
2024-09-13T16:07:31: Could not obtain git dir,  is not a git repo.
2024-09-13T16:07:36: Trying without host
2024-09-13T16:07:36: Trying without host
2024-09-13T16:07:39: 2024/09/13 16:07:39 : REFRESHING DIFF
2024-09-13T16:07:39: ScrollToItem idx:1 scrollHeight=79 offset=.78
2024-09-13T16:07:39: 2024/09/13 16:07:39 : REFRESHING DIFF
2024-09-13T16:07:40: 2024/09/13 16:07:40 : REFRESHING DIFF
2024-09-13T16:07:40: ScrollToItem idx:1 scrollHeight=79 offset=.78
2024-09-13T16:07:41: 2024/09/13 16:07:41 : REFRESHING DIFF
2024-09-13T16:07:45: Trying without host
2024-09-13T16:07:45: Trying without host
2024-09-13T16:07:48: 2024/09/13 16:07:48 : REFRESHING DIFF
2024-09-13T16:07:48: ScrollToItem idx:1 scrollHeight=79 offset=.78
2024-09-13T16:07:48: 2024/09/13 16:07:48 : REFRESHING DIFF
2024-09-13T16:08:05: 2024/09/13 16:08:05 : REFRESHING DIFF
2024-09-13T16:08:06: ScrollToItem idx:1 scrollHeight=79 offset=.78
2024-09-13T16:08:06: 2024/09/13 16:08:06 : REFRESHING DIFF
