2024-08-02T14:46:34: LogHost: Initializing to normal mode
2024-08-02T14:46:36: ReactiveList`1: Property change notifications are enabled and type SourceTree.Model.RepositoryRemoteProjectLink isn't INotifyPropertyChanged or IReactiveObject
2024-08-02T14:46:36: ReactiveList`1: Property change notifications are enabled and type SourceTree.Model.RepositoryRemoteProjectLink isn't INotifyPropertyChanged or IReactiveObject
2024-08-02T14:46:36: ReactiveList`1: Property change notifications are enabled and type SourceTree.Model.RepositoryRemoteProjectLink isn't INotifyPropertyChanged or IReactiveObject
2024-08-02T14:46:36: ReactiveList`1: Property change notifications are enabled and type SourceTree.Model.RepositoryRemoteProjectLink isn't INotifyPropertyChanged or IReactiveObject
2024-08-02T14:46:36: ReactiveList`1: Property change notifications are enabled and type SourceTree.Model.RepositoryRemoteProjectLink isn't INotifyPropertyChanged or IReactiveObject
2024-08-02T14:46:36: Could not obtain git dir,  is not a git repo.
2024-08-02T14:46:37: ScrollToItem idx:0 scrollHeight=87 offset=
2024-08-02T14:46:42: ReactiveList`1: Property change notifications are enabled and type SourceTree.Model.RepositoryRemoteProjectLink isn't INotifyPropertyChanged or IReactiveObject
2024-08-02T14:46:43: ScrollToItem idx:2 scrollHeight=58 offset=1.59
2024-08-02T14:46:43: 2024/08/02 14:46:43 : REFRESHING DIFF
2024-08-02T14:46:49: Trying without host
2024-08-02T14:46:49: Trying without host
2024-08-02T14:47:11: 2024/08/02 14:47:11 : REFRESHING DIFF
2024-08-02T14:47:13: 2024/08/02 14:47:13 : REFRESHING DIFF
2024-08-02T14:47:13: 2024/08/02 14:47:13 : REFRESHING DIFF
2024-08-02T14:47:16: 2024/08/02 14:47:16 : REFRESHING DIFF
2024-08-02T14:47:18: 2024/08/02 14:47:18 : REFRESHING DIFF
2024-08-02T14:47:19: 2024/08/02 14:47:19 : REFRESHING DIFF
2024-08-02T14:47:19: ScrollToItem idx:2 scrollHeight=58 offset=1.59
2024-08-02T14:47:20: 2024/08/02 14:47:20 : REFRESHING DIFF
2024-08-02T14:47:23: Trying without host
2024-08-02T14:47:23: Trying without host
2024-08-02T14:48:22: Trying without host
2024-08-02T14:48:22: Trying without host
2024-08-02T14:56:37: Checking remote repositories...
2024-08-02T14:56:37: Trying without host
2024-08-02T14:56:40: Trying without host
2024-08-02T14:56:43: Trying without host
2024-08-02T15:00:46: 2024/08/02 15:00:46 : REFRESHING DIFF
2024-08-02T15:00:49: 2024/08/02 15:00:49 : REFRESHING DIFF
2024-08-02T15:00:49: ScrollToItem idx:2 scrollHeight=58 offset=1.59
2024-08-02T15:00:49: 2024/08/02 15:00:49 : REFRESHING DIFF
2024-08-02T15:01:17: 2024/08/02 15:01:17 : REFRESHING DIFF
2024-08-02T15:01:20: 2024/08/02 15:01:20 : REFRESHING DIFF
2024-08-02T15:01:30: 2024/08/02 15:01:30 : REFRESHING DIFF
2024-08-02T15:01:32: 2024/08/02 15:01:32 : REFRESHING DIFF
2024-08-02T15:01:35: ScrollToItem idx:0 scrollHeight=87 offset=
2024-08-02T15:01:37: 2024/08/02 15:01:37 : REFRESHING DIFF
2024-08-02T15:01:39: Trying without host
2024-08-02T15:01:39: Trying without host
2024-08-02T15:01:42: 2024/08/02 15:01:42 : REFRESHING DIFF
2024-08-02T15:01:42: ScrollToItem idx:1 scrollHeight=87 offset=.85
2024-08-02T15:01:42: 2024/08/02 15:01:42 : REFRESHING DIFF
2024-08-02T15:01:44: 2024/08/02 15:01:44 : REFRESHING DIFF
2024-08-02T15:01:44: ScrollToItem idx:2 scrollHeight=58 offset=1.59
2024-08-02T15:01:45: 2024/08/02 15:01:45 : REFRESHING DIFF
2024-08-02T15:01:51: Trying without host
2024-08-02T15:01:51: Trying without host
2024-08-02T15:02:16: 2024/08/02 15:02:16 : REFRESHING DIFF
2024-08-02T15:02:17: 2024/08/02 15:02:17 : REFRESHING DIFF
2024-08-02T15:02:20: 2024/08/02 15:02:20 : REFRESHING DIFF
2024-08-02T15:02:21: 2024/08/02 15:02:21 : REFRESHING DIFF
2024-08-02T15:02:25: 2024/08/02 15:02:25 : REFRESHING DIFF
2024-08-02T15:02:25: ScrollToItem idx:1 scrollHeight=87 offset=.85
2024-08-02T15:02:26: 2024/08/02 15:02:26 : REFRESHING DIFF
2024-08-02T15:02:27: ScrollToItem idx:0 scrollHeight=58 offset=
2024-08-02T15:02:27: 2024/08/02 15:02:27 : REFRESHING DIFF
2024-08-02T15:02:27: ScrollToItem idx:1 scrollHeight=87 offset=.85
2024-08-02T15:02:27: 2024/08/02 15:02:27 : REFRESHING DIFF
2024-08-02T15:02:30: ScrollToItem idx:0 scrollHeight=58 offset=
2024-08-02T15:02:32: 2024/08/02 15:02:32 : REFRESHING DIFF
2024-08-02T15:02:32: ScrollToItem idx:2 scrollHeight=58 offset=1.59
2024-08-02T15:02:32: 2024/08/02 15:02:32 : REFRESHING DIFF
2024-08-02T15:02:32: ScrollToItem idx:2 scrollHeight=58 offset=1.59
2024-08-02T15:02:33: ScrollToItem idx:2 scrollHeight=58 offset=1.59
2024-08-02T15:02:44: 2024/08/02 15:02:44 : REFRESHING DIFF
2024-08-02T15:02:48: ScrollToItem idx:2 scrollHeight=58 offset=1.59
2024-08-02T15:02:49: 2024/08/02 15:02:49 : REFRESHING DIFF
2024-08-02T15:02:49: 2024/08/02 15:02:49 : REFRESHING DIFF
2024-08-02T15:02:51: 2024/08/02 15:02:51 : REFRESHING DIFF
2024-08-02T15:02:52: 2024/08/02 15:02:52 : REFRESHING DIFF
2024-08-02T15:02:52: 2024/08/02 15:02:52 : REFRESHING DIFF
2024-08-02T15:02:54: 2024/08/02 15:02:54 : REFRESHING DIFF
2024-08-02T15:02:55: 2024/08/02 15:02:55 : REFRESHING DIFF
2024-08-02T15:02:57: 2024/08/02 15:02:57 : REFRESHING DIFF
2024-08-02T15:02:58: 2024/08/02 15:02:58 : REFRESHING DIFF
2024-08-02T15:02:58: 2024/08/02 15:02:58 : REFRESHING DIFF
2024-08-02T15:03:14: 2024/08/02 15:03:14 : REFRESHING DIFF
2024-08-02T15:03:17: 2024/08/02 15:03:17 : REFRESHING DIFF
2024-08-02T15:03:22: Trying without host
2024-08-02T15:03:22: Trying without host
2024-08-02T15:06:46: Checking remote repositories...
2024-08-02T15:06:46: Trying without host
2024-08-02T15:06:49: Trying without host
2024-08-02T15:06:52: Trying without host
2024-08-02T15:07:08: ScrollToItem idx:2 scrollHeight=58 offset=1.59
2024-08-02T15:07:33: 2024/08/02 15:07:33 : REFRESHING DIFF
2024-08-02T15:07:41: 2024/08/02 15:07:41 : REFRESHING DIFF
2024-08-02T15:07:45: 2024/08/02 15:07:45 : REFRESHING DIFF
2024-08-02T15:08:13: 2024/08/02 15:08:13 : REFRESHING DIFF
2024-08-02T15:08:15: 2024/08/02 15:08:15 : REFRESHING DIFF
2024-08-02T15:08:15: 2024/08/02 15:08:15 : REFRESHING DIFF
2024-08-02T15:08:19: 2024/08/02 15:08:19 : REFRESHING DIFF
2024-08-02T15:08:27: 2024/08/02 15:08:27 : REFRESHING DIFF
2024-08-02T15:08:27: 2024/08/02 15:08:27 : REFRESHING DIFF
2024-08-02T15:10:58: 2024/08/02 15:10:58 : REFRESHING DIFF
2024-08-02T15:10:58: ScrollToItem idx:1 scrollHeight=87 offset=.85
2024-08-02T15:10:59: 2024/08/02 15:10:59 : REFRESHING DIFF
2024-08-02T15:11:02: 2024/08/02 15:11:02 : REFRESHING DIFF
2024-08-02T15:11:02: ScrollToItem idx:1 scrollHeight=87 offset=.85
2024-08-02T15:11:02: 2024/08/02 15:11:02 : REFRESHING DIFF
2024-08-02T15:11:03: ScrollToItem idx:1 scrollHeight=87 offset=.85
2024-08-02T15:11:04: ScrollToItem idx:1 scrollHeight=87 offset=.85
2024-08-02T15:11:54: 2024/08/02 15:11:54 : REFRESHING DIFF
2024-08-02T15:11:54: ScrollToItem idx:1 scrollHeight=87 offset=.85
2024-08-02T15:11:55: 2024/08/02 15:11:55 : REFRESHING DIFF
2024-08-02T15:14:41: ScrollToItem idx:2 scrollHeight=58 offset=1.59
2024-08-02T15:15:09: 2024/08/02 15:15:09 : REFRESHING DIFF
2024-08-02T15:15:09: 2024/08/02 15:15:09 : REFRESHING DIFF
2024-08-02T15:15:34: 2024/08/02 15:15:34 : REFRESHING DIFF
2024-08-02T15:15:34: 2024/08/02 15:15:34 : REFRESHING DIFF
2024-08-02T15:15:37: 2024/08/02 15:15:37 : REFRESHING DIFF
2024-08-02T15:15:49: 2024/08/02 15:15:49 : REFRESHING DIFF
2024-08-02T15:15:50: 2024/08/02 15:15:50 : REFRESHING DIFF
2024-08-02T15:15:55: 2024/08/02 15:15:55 : REFRESHING DIFF
2024-08-02T15:15:56: ScrollToItem idx:2 scrollHeight=58 offset=1.59
2024-08-02T15:15:56: 2024/08/02 15:15:56 : REFRESHING DIFF
2024-08-02T15:16:06: ScrollToItem idx:2 scrollHeight=58 offset=1.59
2024-08-02T15:16:12: 2024/08/02 15:16:12 : REFRESHING DIFF
2024-08-02T15:16:12: 2024/08/02 15:16:12 : REFRESHING DIFF
2024-08-02T15:16:55: Checking remote repositories...
2024-08-02T15:16:55: Trying without host
2024-08-02T15:16:59: Trying without host
2024-08-02T15:17:02: Trying without host
2024-08-02T15:17:05: Trying without host
2024-08-02T15:17:25: 2024/08/02 15:17:25 : REFRESHING DIFF
2024-08-02T15:17:25: ScrollToItem idx:2 scrollHeight=51 offset=1.4
2024-08-02T15:17:25: 2024/08/02 15:17:25 : REFRESHING DIFF
2024-08-02T15:17:29: 2024/08/02 15:17:29 : REFRESHING DIFF
2024-08-02T15:17:30: 2024/08/02 15:17:30 : REFRESHING DIFF
2024-08-02T15:17:37: 2024/08/02 15:17:37 : REFRESHING DIFF
2024-08-02T15:17:38: 2024/08/02 15:17:38 : REFRESHING DIFF
2024-08-02T15:17:39: 2024/08/02 15:17:39 : REFRESHING DIFF
2024-08-02T15:17:49: 2024/08/02 15:17:49 : REFRESHING DIFF
2024-08-02T15:18:00: 2024/08/02 15:18:00 : REFRESHING DIFF
2024-08-02T15:18:00: 2024/08/02 15:18:00 : REFRESHING DIFF
2024-08-02T15:18:11: 2024/08/02 15:18:11 : REFRESHING DIFF
2024-08-02T15:18:11: ScrollToItem idx:0 scrollHeight=50 offset=
2024-08-02T15:18:11: 2024/08/02 15:18:11 : REFRESHING DIFF
2024-08-02T15:18:28: Trying without host
2024-08-02T15:18:28: Trying without host
2024-08-02T15:18:31: 2024/08/02 15:18:31 : REFRESHING DIFF
2024-08-02T15:18:31: ScrollToItem idx:0 scrollHeight=50 offset=
2024-08-02T15:18:31: 2024/08/02 15:18:31 : REFRESHING DIFF
2024-08-02T15:20:02: 2024/08/02 15:20:02 : REFRESHING DIFF
2024-08-02T15:20:02: ScrollToItem idx:0 scrollHeight=57 offset=
2024-08-02T15:20:03: 2024/08/02 15:20:03 : REFRESHING DIFF
2024-08-02T15:20:14: 2024/08/02 15:20:14 : REFRESHING DIFF
2024-08-02T15:20:14: ScrollToItem idx:0 scrollHeight=57 offset=
2024-08-02T15:20:15: 2024/08/02 15:20:15 : REFRESHING DIFF
2024-08-02T15:27:07: Checking remote repositories...
2024-08-02T15:27:07: Trying without host
2024-08-02T15:27:10: Trying without host
2024-08-02T15:27:13: Trying without host
2024-08-02T15:37:16: Checking remote repositories...
2024-08-02T15:37:16: Trying without host
2024-08-02T15:37:21: Trying without host
2024-08-02T15:37:24: Trying without host
2024-08-02T15:37:27: Trying without host
2024-08-02T15:47:29: Checking remote repositories...
2024-08-02T15:47:29: Trying without host
2024-08-02T15:47:33: Trying without host
2024-08-02T15:47:35: Trying without host
2024-08-02T15:47:38: Trying without host
2024-08-02T15:52:27: 2024/08/02 15:52:27 : REFRESHING DIFF
2024-08-02T15:52:32: 2024/08/02 15:52:32 : REFRESHING DIFF
2024-08-02T15:52:32: ScrollToItem idx:0 scrollHeight=57 offset=
2024-08-02T15:52:32: 2024/08/02 15:52:32 : REFRESHING DIFF
2024-08-02T15:52:42: 2024/08/02 15:52:42 : REFRESHING DIFF
2024-08-02T15:52:42: ScrollToItem idx:2 scrollHeight=87 offset=1.71
2024-08-02T15:52:42: 2024/08/02 15:52:42 : REFRESHING DIFF
2024-08-02T15:54:39: 2024/08/02 15:54:39 : REFRESHING DIFF
2024-08-02T15:54:40: 2024/08/02 15:54:40 : REFRESHING DIFF
2024-08-02T15:54:42: 2024/08/02 15:54:42 : REFRESHING DIFF
2024-08-02T15:54:42: ScrollToItem idx:0 scrollHeight=57 offset=
2024-08-02T15:54:42: 2024/08/02 15:54:42 : REFRESHING DIFF
2024-08-02T15:54:48: 2024/08/02 15:54:48 : REFRESHING DIFF
2024-08-02T15:54:48: ScrollToItem idx:1 scrollHeight=87 offset=.85
2024-08-02T15:54:48: 2024/08/02 15:54:48 : REFRESHING DIFF
2024-08-02T15:55:32: 2024/08/02 15:55:32 : REFRESHING DIFF
2024-08-02T15:55:32: ScrollToItem idx:0 scrollHeight=57 offset=
2024-08-02T15:55:32: 2024/08/02 15:55:32 : REFRESHING DIFF
2024-08-02T15:55:57: 2024/08/02 15:55:57 : REFRESHING DIFF
2024-08-02T15:55:57: ScrollToItem idx:0 scrollHeight=86 offset=
2024-08-02T15:55:57: 2024/08/02 15:55:57 : REFRESHING DIFF
2024-08-02T15:56:12: 2024/08/02 15:56:12 : REFRESHING DIFF
2024-08-02T15:56:12: ScrollToItem idx:0 scrollHeight=57 offset=
2024-08-02T15:56:13: 2024/08/02 15:56:13 : REFRESHING DIFF
2024-08-02T15:57:41: Checking remote repositories...
2024-08-02T15:57:41: Trying without host
2024-08-02T15:57:44: Trying without host
2024-08-02T15:57:47: Trying without host
2024-08-02T16:07:50: Checking remote repositories...
2024-08-02T16:07:50: Trying without host
2024-08-02T16:07:53: Trying without host
2024-08-02T16:07:56: Trying without host
2024-08-02T16:07:59: Trying without host
2024-08-02T16:09:01: 2024/08/02 16:09:01 : REFRESHING DIFF
2024-08-02T16:09:01: ScrollToItem idx:0 scrollHeight=86 offset=
2024-08-02T16:09:01: 2024/08/02 16:09:01 : REFRESHING DIFF
2024-08-02T16:09:08: 2024/08/02 16:09:08 : REFRESHING DIFF
2024-08-02T16:09:08: ScrollToItem idx:0 scrollHeight=57 offset=
2024-08-02T16:09:08: 2024/08/02 16:09:08 : REFRESHING DIFF
2024-08-02T16:09:09: 2024/08/02 16:09:09 : REFRESHING DIFF
2024-08-02T16:09:28: 2024/08/02 16:09:28 : REFRESHING DIFF
2024-08-02T16:09:29: 2024/08/02 16:09:29 : REFRESHING DIFF
2024-08-02T16:09:30: 2024/08/02 16:09:30 : REFRESHING DIFF
2024-08-02T16:09:41: 2024/08/02 16:09:41 : REFRESHING DIFF
2024-08-02T16:09:43: 2024/08/02 16:09:43 : REFRESHING DIFF
2024-08-02T16:09:44: 2024/08/02 16:09:44 : REFRESHING DIFF
2024-08-02T16:09:46: 2024/08/02 16:09:46 : REFRESHING DIFF
2024-08-02T16:16:24: 2024/08/02 16:16:24 : REFRESHING DIFF
2024-08-02T16:18:01: Checking remote repositories...
2024-08-02T16:18:01: Trying without host
2024-08-02T16:18:06: Trying without host
2024-08-02T16:18:09: Trying without host
2024-08-02T16:18:12: Trying without host
2024-08-02T16:26:18: 2024/08/02 16:26:18 : REFRESHING DIFF
2024-08-02T16:26:18: ScrollToItem idx:0 scrollHeight=86 offset=
2024-08-02T16:26:19: 2024/08/02 16:26:19 : REFRESHING DIFF
2024-08-02T16:26:20: 2024/08/02 16:26:20 : REFRESHING DIFF
2024-08-02T16:26:20: ScrollToItem idx:11 scrollHeight=57 offset=8.71
2024-08-02T16:26:21: 2024/08/02 16:26:21 : REFRESHING DIFF
