2024-08-20T17:28:10: LogHost: Initializing to normal mode
2024-08-20T17:28:12: ReactiveList`1: Property change notifications are enabled and type SourceTree.Model.RepositoryRemoteProjectLink isn't INotifyPropertyChanged or IReactiveObject
2024-08-20T17:28:12: ReactiveList`1: Property change notifications are enabled and type SourceTree.Model.RepositoryRemoteProjectLink isn't INotifyPropertyChanged or IReactiveObject
2024-08-20T17:28:12: ReactiveList`1: Property change notifications are enabled and type SourceTree.Model.RepositoryRemoteProjectLink isn't INotifyPropertyChanged or IReactiveObject
2024-08-20T17:28:12: ReactiveList`1: Property change notifications are enabled and type SourceTree.Model.RepositoryRemoteProjectLink isn't INotifyPropertyChanged or IReactiveObject
2024-08-20T17:28:12: ReactiveList`1: Property change notifications are enabled and type SourceTree.Model.RepositoryRemoteProjectLink isn't INotifyPropertyChanged or IReactiveObject
2024-08-20T17:28:12: Could not obtain git dir,  is not a git repo.
2024-08-20T17:28:14: ScrollToItem idx:0 scrollHeight=77 offset=
2024-08-20T17:38:13: Checking remote repositories...
2024-08-20T17:38:13: Trying without host
2024-08-20T17:38:17: Trying without host
2024-08-20T17:48:21: Checking remote repositories...
2024-08-20T17:48:21: Trying without host
2024-08-20T17:48:26: Trying without host
2024-08-20T17:48:29: Trying without host
2024-08-20T17:48:32: Trying without host
2024-08-20T17:58:34: Checking remote repositories...
2024-08-20T17:58:34: Trying without host
2024-08-20T17:58:38: Trying without host
2024-08-20T17:58:40: Trying without host
2024-08-20T17:58:43: Trying without host
