2024-09-06T09:07:50: LogHost: Initializing to normal mode
2024-09-06T09:07:52: ReactiveList`1: Property change notifications are enabled and type SourceTree.Model.RepositoryRemoteProjectLink isn't INotifyPropertyChanged or IReactiveObject
2024-09-06T09:07:52: ReactiveList`1: Property change notifications are enabled and type SourceTree.Model.RepositoryRemoteProjectLink isn't INotifyPropertyChanged or IReactiveObject
2024-09-06T09:07:52: ReactiveList`1: Property change notifications are enabled and type SourceTree.Model.RepositoryRemoteProjectLink isn't INotifyPropertyChanged or IReactiveObject
2024-09-06T09:07:52: ReactiveList`1: Property change notifications are enabled and type SourceTree.Model.RepositoryRemoteProjectLink isn't INotifyPropertyChanged or IReactiveObject
2024-09-06T09:07:52: ReactiveList`1: Property change notifications are enabled and type SourceTree.Model.RepositoryRemoteProjectLink isn't INotifyPropertyChanged or IReactiveObject
2024-09-06T09:07:53: Could not obtain git dir,  is not a git repo.
2024-09-06T09:07:53: ScrollToItem idx:1 scrollHeight=83 offset=.82
2024-09-06T09:07:54: 2024/09/06 9:07:54 : REFRESHING DIFF
2024-09-06T09:07:59: Trying without host
2024-09-06T09:07:59: Trying without host
2024-09-06T09:08:02: 2024/09/06 9:08:02 : REFRESHING DIFF
2024-09-06T09:08:02: ScrollToItem idx:1 scrollHeight=83 offset=.82
2024-09-06T09:08:02: 2024/09/06 9:08:02 : REFRESHING DIFF
2024-09-06T09:08:04: 2024/09/06 9:08:04 : REFRESHING DIFF
2024-09-06T09:08:13: ReactiveList`1: Property change notifications are enabled and type SourceTree.Model.RepositoryRemoteProjectLink isn't INotifyPropertyChanged or IReactiveObject
2024-09-06T09:08:13: ScrollToItem idx:0 scrollHeight=77 offset=
2024-09-06T09:08:20: Trying without host
2024-09-06T09:08:20: Trying without host
2024-09-06T09:08:22: ScrollToItem idx:0 scrollHeight=77 offset=
