2024-09-12T11:40:53: LogHost: Initializing to normal mode
2024-09-12T11:40:55: ReactiveList`1: Property change notifications are enabled and type SourceTree.Model.RepositoryRemoteProjectLink isn't INotifyPropertyChanged or IReactiveObject
2024-09-12T11:40:55: ReactiveList`1: Property change notifications are enabled and type SourceTree.Model.RepositoryRemoteProjectLink isn't INotifyPropertyChanged or IReactiveObject
2024-09-12T11:40:55: ReactiveList`1: Property change notifications are enabled and type SourceTree.Model.RepositoryRemoteProjectLink isn't INotifyPropertyChanged or IReactiveObject
2024-09-12T11:40:55: ReactiveList`1: Property change notifications are enabled and type SourceTree.Model.RepositoryRemoteProjectLink isn't INotifyPropertyChanged or IReactiveObject
2024-09-12T11:40:55: ReactiveList`1: Property change notifications are enabled and type SourceTree.Model.RepositoryRemoteProjectLink isn't INotifyPropertyChanged or IReactiveObject
2024-09-12T11:40:55: Could not obtain git dir,  is not a git repo.
2024-09-12T11:40:56: ScrollToItem idx:0 scrollHeight=86 offset=
2024-09-12T11:40:57: 2024/09/12 11:40:57 : REFRESHING DIFF
2024-09-12T11:41:02: Trying without host
2024-09-12T11:41:02: Trying without host
2024-09-12T11:41:06: 2024/09/12 11:41:06 : REFRESHING DIFF
2024-09-12T11:41:06: ScrollToItem idx:1 scrollHeight=86 offset=.85
2024-09-12T11:41:06: 2024/09/12 11:41:06 : REFRESHING DIFF
2024-09-12T11:41:12: ReactiveList`1: Property change notifications are enabled and type SourceTree.Model.RepositoryRemoteProjectLink isn't INotifyPropertyChanged or IReactiveObject
2024-09-12T11:41:12: ScrollToItem idx:0 scrollHeight=86 offset=
2024-09-12T11:41:12: 2024/09/12 11:41:12 : REFRESHING DIFF
2024-09-12T11:41:14: Trying without host
2024-09-12T11:41:14: Trying without host
2024-09-12T11:41:16: 2024/09/12 11:41:16 : REFRESHING DIFF
2024-09-12T11:41:16: ScrollToItem idx:1 scrollHeight=86 offset=.85
2024-09-12T11:41:16: 2024/09/12 11:41:16 : REFRESHING DIFF
2024-09-12T11:41:18: 2024/09/12 11:41:18 : REFRESHING DIFF
2024-09-12T11:41:22: 2024/09/12 11:41:22 : REFRESHING DIFF
