2024-09-18T09:40:10: LogHost: Initializing to normal mode
2024-09-18T09:40:12: ReactiveList`1: Property change notifications are enabled and type SourceTree.Model.RepositoryRemoteProjectLink isn't INotifyPropertyChanged or IReactiveObject
2024-09-18T09:40:12: ReactiveList`1: Property change notifications are enabled and type SourceTree.Model.RepositoryRemoteProjectLink isn't INotifyPropertyChanged or IReactiveObject
2024-09-18T09:40:12: ReactiveList`1: Property change notifications are enabled and type SourceTree.Model.RepositoryRemoteProjectLink isn't INotifyPropertyChanged or IReactiveObject
2024-09-18T09:40:12: ReactiveList`1: Property change notifications are enabled and type SourceTree.Model.RepositoryRemoteProjectLink isn't INotifyPropertyChanged or IReactiveObject
2024-09-18T09:40:12: ReactiveList`1: Property change notifications are enabled and type SourceTree.Model.RepositoryRemoteProjectLink isn't INotifyPropertyChanged or IReactiveObject
2024-09-18T09:40:12: Could not obtain git dir,  is not a git repo.
2024-09-18T09:40:13: ScrollToItem idx:0 scrollHeight=86 offset=
2024-09-18T09:40:14: 2024/09/18 9:40:14 : REFRESHING DIFF
2024-09-18T09:40:19: Trying without host
2024-09-18T09:40:19: Trying without host
2024-09-18T09:40:24: 2024/09/18 9:40:24 : REFRESHING DIFF
2024-09-18T09:40:24: ScrollToItem idx:5 scrollHeight=86 offset=4.26
2024-09-18T09:40:24: 2024/09/18 9:40:24 : REFRESHING DIFF
2024-09-18T09:40:30: 2024/09/18 9:40:30 : REFRESHING DIFF
2024-09-18T09:40:39: ReactiveList`1: Property change notifications are enabled and type SourceTree.Model.RepositoryRemoteProjectLink isn't INotifyPropertyChanged or IReactiveObject
2024-09-18T09:40:39: ScrollToItem idx:1 scrollHeight=86 offset=.85
2024-09-18T09:40:40: 2024/09/18 9:40:40 : REFRESHING DIFF
2024-09-18T09:40:42: Trying without host
2024-09-18T09:40:42: Trying without host
2024-09-18T09:40:44: 2024/09/18 9:40:44 : REFRESHING DIFF
2024-09-18T09:40:44: ScrollToItem idx:1 scrollHeight=86 offset=.85
2024-09-18T09:40:44: 2024/09/18 9:40:44 : REFRESHING DIFF
2024-09-18T09:40:46: 2024/09/18 9:40:46 : REFRESHING DIFF
2024-09-18T09:40:49: 2024/09/18 9:40:49 : REFRESHING DIFF
2024-09-18T09:40:49: ScrollToItem idx:4 scrollHeight=86 offset=3.41
2024-09-18T09:40:49: 2024/09/18 9:40:49 : REFRESHING DIFF
2024-09-18T09:40:52: 2024/09/18 9:40:52 : REFRESHING DIFF
2024-09-18T09:41:00: Trying without host
2024-09-18T09:41:00: Trying without host
2024-09-18T09:41:02: 2024/09/18 9:41:02 : REFRESHING DIFF
2024-09-18T09:41:02: ScrollToItem idx:0 scrollHeight=86 offset=
2024-09-18T09:41:02: 2024/09/18 9:41:02 : REFRESHING DIFF
2024-09-18T09:50:13: Checking remote repositories...
2024-09-18T10:00:13: Checking remote repositories...
2024-09-18T10:00:13: Trying without host
2024-09-18T10:00:17: Trying without host
2024-09-18T10:00:19: Trying without host
2024-09-18T10:00:22: Trying without host
2024-09-18T10:10:25: Checking remote repositories...
2024-09-18T10:10:25: Trying without host
2024-09-18T10:10:28: Trying without host
2024-09-18T10:10:31: Trying without host
2024-09-18T10:10:34: Trying without host
2024-09-18T10:20:37: Checking remote repositories...
2024-09-18T10:20:37: Trying without host
2024-09-18T10:20:40: Trying without host
2024-09-18T10:20:42: Trying without host
2024-09-18T10:20:45: Trying without host
2024-09-18T10:30:48: Checking remote repositories...
2024-09-18T10:30:48: Trying without host
2024-09-18T10:30:53: Trying without host
2024-09-18T10:30:56: Trying without host
2024-09-18T10:30:58: Trying without host
2024-09-18T10:41:02: Checking remote repositories...
2024-09-18T10:41:02: Trying without host
2024-09-18T10:41:07: Trying without host
2024-09-18T10:41:10: Trying without host
2024-09-18T10:41:12: Trying without host
