2024-08-19T10:05:24: LogHost: Initializing to normal mode
2024-08-19T10:05:26: ReactiveList`1: Property change notifications are enabled and type SourceTree.Model.RepositoryRemoteProjectLink isn't INotifyPropertyChanged or IReactiveObject
2024-08-19T10:05:26: ReactiveList`1: Property change notifications are enabled and type SourceTree.Model.RepositoryRemoteProjectLink isn't INotifyPropertyChanged or IReactiveObject
2024-08-19T10:05:26: ReactiveList`1: Property change notifications are enabled and type SourceTree.Model.RepositoryRemoteProjectLink isn't INotifyPropertyChanged or IReactiveObject
2024-08-19T10:05:26: ReactiveList`1: Property change notifications are enabled and type SourceTree.Model.RepositoryRemoteProjectLink isn't INotifyPropertyChanged or IReactiveObject
2024-08-19T10:05:26: ReactiveList`1: Property change notifications are enabled and type SourceTree.Model.RepositoryRemoteProjectLink isn't INotifyPropertyChanged or IReactiveObject
2024-08-19T10:05:26: Could not obtain git dir,  is not a git repo.
2024-08-19T10:05:27: ScrollToItem idx:0 scrollHeight=77 offset=
2024-08-19T10:05:27: 2024/08/19 10:05:27 : REFRESHING DIFF
2024-08-19T10:05:33: ReactiveList`1: Property change notifications are enabled and type SourceTree.Model.RepositoryRemoteProjectLink isn't INotifyPropertyChanged or IReactiveObject
2024-08-19T10:05:33: ScrollToItem idx:0 scrollHeight=91 offset=
2024-08-19T10:05:33: 2024/08/19 10:05:33 : REFRESHING DIFF
2024-08-19T10:05:44: Trying without host
2024-08-19T10:05:44: Trying without host
2024-08-19T10:05:47: 2024/08/19 10:05:47 : REFRESHING DIFF
2024-08-19T10:05:47: ScrollToItem idx:0 scrollHeight=91 offset=
2024-08-19T10:05:47: 2024/08/19 10:05:47 : REFRESHING DIFF
2024-08-19T10:05:50: 2024/08/19 10:05:50 : REFRESHING DIFF
2024-08-19T10:05:50: ScrollToItem idx:0 scrollHeight=77 offset=
2024-08-19T10:05:50: 2024/08/19 10:05:50 : REFRESHING DIFF
2024-08-19T10:06:01: Trying without host
2024-08-19T10:06:01: Trying without host
2024-08-19T10:06:03: 2024/08/19 10:06:03 : REFRESHING DIFF
2024-08-19T10:06:03: ScrollToItem idx:0 scrollHeight=77 offset=
2024-08-19T10:06:04: 2024/08/19 10:06:04 : REFRESHING DIFF
