2024-08-13T14:36:30: LogHost: Initializing to normal mode
2024-08-13T14:36:31: ReactiveList`1: Property change notifications are enabled and type SourceTree.Model.RepositoryRemoteProjectLink isn't INotifyPropertyChanged or IReactiveObject
2024-08-13T14:36:31: ReactiveList`1: Property change notifications are enabled and type SourceTree.Model.RepositoryRemoteProjectLink isn't INotifyPropertyChanged or IReactiveObject
2024-08-13T14:36:31: ReactiveList`1: Property change notifications are enabled and type SourceTree.Model.RepositoryRemoteProjectLink isn't INotifyPropertyChanged or IReactiveObject
2024-08-13T14:36:31: ReactiveList`1: Property change notifications are enabled and type SourceTree.Model.RepositoryRemoteProjectLink isn't INotifyPropertyChanged or IReactiveObject
2024-08-13T14:36:31: ReactiveList`1: Property change notifications are enabled and type SourceTree.Model.RepositoryRemoteProjectLink isn't INotifyPropertyChanged or IReactiveObject
2024-08-13T14:36:32: Could not obtain git dir,  is not a git repo.
2024-08-13T14:36:32: ScrollToItem idx:0 scrollHeight=86 offset=
2024-08-13T14:36:33: 2024/08/13 14:36:33 : REFRESHING DIFF
2024-08-13T14:36:44: Trying without host
2024-08-13T14:36:44: Trying without host
2024-08-13T14:36:48: 2024/08/13 14:36:48 : REFRESHING DIFF
2024-08-13T14:36:48: ScrollToItem idx:0 scrollHeight=86 offset=
2024-08-13T14:36:48: 2024/08/13 14:36:48 : REFRESHING DIFF
2024-08-13T14:36:56: Trying without host
2024-08-13T14:36:56: Trying without host
2024-08-13T14:37:03: ReactiveList`1: Property change notifications are enabled and type SourceTree.Model.RepositoryRemoteProjectLink isn't INotifyPropertyChanged or IReactiveObject
2024-08-13T14:37:04: ScrollToItem idx:0 scrollHeight=68 offset=
2024-08-13T14:37:23: 2024/08/13 14:37:23 : REFRESHING DIFF
2024-08-13T14:37:26: Trying without host
2024-08-13T14:37:26: Trying without host
2024-08-13T14:37:29: 2024/08/13 14:37:29 : REFRESHING DIFF
2024-08-13T14:37:29: ScrollToItem idx:0 scrollHeight=67 offset=
2024-08-13T14:37:29: 2024/08/13 14:37:29 : REFRESHING DIFF
2024-08-13T14:37:35: 2024/08/13 14:37:35 : REFRESHING DIFF
2024-08-13T14:37:36: 2024/08/13 14:37:36 : REFRESHING DIFF
2024-08-13T14:37:36: ScrollToItem idx:0 scrollHeight=86 offset=
2024-08-13T14:37:36: 2024/08/13 14:37:36 : REFRESHING DIFF
2024-08-13T14:37:40: 2024/08/13 14:37:40 : REFRESHING DIFF
2024-08-13T14:37:40: ScrollToItem idx:2 scrollHeight=67 offset=1.63
2024-08-13T14:37:40: 2024/08/13 14:37:40 : REFRESHING DIFF
2024-08-13T14:37:55: Could not obtain git dir,  is not a git repo.
2024-08-13T14:38:01: Trying without host
2024-08-13T14:38:01: Trying without host
2024-08-13T14:38:04: 2024/08/13 14:38:04 : REFRESHING DIFF
2024-08-13T14:38:04: ScrollToItem idx:2 scrollHeight=67 offset=1.63
2024-08-13T14:38:05: 2024/08/13 14:38:05 : REFRESHING DIFF
2024-08-13T14:38:07: 2024/08/13 14:38:07 : REFRESHING DIFF
2024-08-13T14:38:07: ScrollToItem idx:0 scrollHeight=86 offset=
2024-08-13T14:38:07: 2024/08/13 14:38:07 : REFRESHING DIFF
2024-08-13T14:38:09: Trying without host
2024-08-13T14:38:09: Trying without host
2024-08-13T14:38:11: 2024/08/13 14:38:11 : REFRESHING DIFF
2024-08-13T14:38:11: ScrollToItem idx:0 scrollHeight=86 offset=
2024-08-13T14:38:11: 2024/08/13 14:38:11 : REFRESHING DIFF
2024-08-13T14:39:02: 2024/08/13 14:39:02 : REFRESHING DIFF
2024-08-13T14:39:03: 2024/08/13 14:39:03 : REFRESHING DIFF
2024-08-13T14:40:47: 2024/08/13 14:40:47 : REFRESHING DIFF
2024-08-13T14:40:47: ScrollToItem idx:2 scrollHeight=67 offset=1.63
2024-08-13T14:40:47: 2024/08/13 14:40:47 : REFRESHING DIFF
2024-08-13T14:40:52: 2024/08/13 14:40:52 : REFRESHING DIFF
2024-08-13T14:46:33: Checking remote repositories...
2024-08-13T14:56:33: Checking remote repositories...
2024-08-13T14:56:33: Trying without host
2024-08-13T14:56:36: Trying without host
2024-08-13T14:56:39: Trying without host
2024-08-13T14:56:42: Trying without host
2024-08-13T15:06:44: Checking remote repositories...
2024-08-13T15:06:44: Trying without host
2024-08-13T15:06:48: Trying without host
2024-08-13T15:06:50: Trying without host
2024-08-13T15:06:54: Trying without host
2024-08-13T15:16:56: Checking remote repositories...
2024-08-13T15:16:56: Trying without host
2024-08-13T15:17:00: Trying without host
2024-08-13T15:17:02: Trying without host
2024-08-13T15:17:05: Trying without host
2024-08-13T15:27:08: Checking remote repositories...
2024-08-13T15:27:08: Trying without host
2024-08-13T15:27:13: Trying without host
2024-08-13T15:27:16: Trying without host
2024-08-13T15:27:19: Trying without host
2024-08-13T15:37:21: Checking remote repositories...
2024-08-13T15:37:21: Trying without host
2024-08-13T15:37:25: Trying without host
2024-08-13T15:37:28: Trying without host
2024-08-13T15:37:31: Trying without host
2024-08-13T15:47:33: Checking remote repositories...
2024-08-13T15:47:33: Trying without host
2024-08-13T15:47:37: Trying without host
2024-08-13T15:47:40: Trying without host
2024-08-13T15:47:43: Trying without host
2024-08-13T15:57:45: Checking remote repositories...
2024-08-13T15:57:45: Trying without host
2024-08-13T15:57:49: Trying without host
2024-08-13T15:57:51: Trying without host
2024-08-13T15:57:54: Trying without host
2024-08-13T16:07:57: Checking remote repositories...
2024-08-13T16:07:57: Trying without host
2024-08-13T16:08:00: Trying without host
2024-08-13T16:08:03: Trying without host
2024-08-13T16:08:06: Trying without host
2024-08-13T16:14:23: 2024/08/13 16:14:23 : REFRESHING DIFF
2024-08-13T16:18:08: Checking remote repositories...
2024-08-13T16:18:08: Trying without host
2024-08-13T16:18:12: Trying without host
2024-08-13T16:18:15: Trying without host
2024-08-13T16:18:17: Trying without host
2024-08-13T16:28:20: Checking remote repositories...
2024-08-13T16:28:20: Trying without host
2024-08-13T16:28:25: Trying without host
2024-08-13T16:28:28: Trying without host
2024-08-13T16:28:31: Trying without host
2024-08-13T16:38:34: Checking remote repositories...
2024-08-13T16:38:34: Trying without host
2024-08-13T16:38:37: Trying without host
2024-08-13T16:38:39: Trying without host
2024-08-13T16:38:43: Trying without host
2024-08-13T16:48:45: Checking remote repositories...
2024-08-13T16:48:45: Trying without host
2024-08-13T16:48:50: Trying without host
2024-08-13T16:48:53: Trying without host
2024-08-13T16:48:55: Trying without host
2024-08-13T16:58:59: Checking remote repositories...
2024-08-13T16:58:59: Trying without host
2024-08-13T16:59:02: Trying without host
2024-08-13T16:59:05: Trying without host
2024-08-13T16:59:07: Trying without host
2024-08-13T17:09:10: Checking remote repositories...
2024-08-13T17:09:10: Trying without host
2024-08-13T17:09:14: Trying without host
2024-08-13T17:09:17: Trying without host
2024-08-13T17:09:20: Trying without host
2024-08-13T17:19:22: Checking remote repositories...
2024-08-13T17:19:22: Trying without host
2024-08-13T17:19:26: Trying without host
2024-08-13T17:19:28: Trying without host
2024-08-13T17:19:32: Trying without host
2024-08-13T17:29:34: Checking remote repositories...
2024-08-13T17:29:34: Trying without host
2024-08-13T17:29:39: Trying without host
2024-08-13T17:29:42: Trying without host
2024-08-13T17:29:45: Trying without host
2024-08-13T17:39:48: Checking remote repositories...
2024-08-13T17:39:48: Trying without host
2024-08-13T17:39:53: Trying without host
2024-08-13T17:39:55: Trying without host
2024-08-13T17:39:59: Trying without host
2024-08-13T17:50:01: Checking remote repositories...
2024-08-13T17:50:01: Trying without host
2024-08-13T17:50:05: Trying without host
2024-08-13T17:50:08: Trying without host
2024-08-13T17:50:11: Trying without host
2024-08-13T18:00:13: Checking remote repositories...
2024-08-13T18:00:13: Trying without host
2024-08-13T18:00:18: Trying without host
2024-08-13T18:00:21: Trying without host
2024-08-13T18:00:24: Trying without host
