2024-07-10T10:31:39: LogHost: Initializing to normal mode
2024-07-10T10:31:41: ReactiveList`1: Property change notifications are enabled and type SourceTree.Model.RepositoryRemoteProjectLink isn't INotifyPropertyChanged or IReactiveObject
2024-07-10T10:31:41: ReactiveList`1: Property change notifications are enabled and type SourceTree.Model.RepositoryRemoteProjectLink isn't INotifyPropertyChanged or IReactiveObject
2024-07-10T10:31:41: ReactiveList`1: Property change notifications are enabled and type SourceTree.Model.RepositoryRemoteProjectLink isn't INotifyPropertyChanged or IReactiveObject
2024-07-10T10:31:41: ReactiveList`1: Property change notifications are enabled and type SourceTree.Model.RepositoryRemoteProjectLink isn't INotifyPropertyChanged or IReactiveObject
2024-07-10T10:31:41: ReactiveList`1: Property change notifications are enabled and type SourceTree.Model.RepositoryRemoteProjectLink isn't INotifyPropertyChanged or IReactiveObject
2024-07-10T10:31:41: Could not obtain git dir,  is not a git repo.
2024-07-10T10:31:42: ScrollToItem idx:0 scrollHeight=47 offset=
2024-07-10T10:31:52: ScrollToItem idx:0 scrollHeight=47 offset=
2024-07-10T10:31:53: ReactiveList`1: Property change notifications are enabled and type SourceTree.Model.RepositoryRemoteProjectLink isn't INotifyPropertyChanged or IReactiveObject
2024-07-10T10:33:19: ScrollToItem idx:0 scrollHeight=47 offset=
2024-07-10T10:33:28: ScrollToItem idx:0 scrollHeight=47 offset=
2024-07-10T10:33:30: ReactiveList`1: Property change notifications are enabled and type SourceTree.Model.RepositoryRemoteProjectLink isn't INotifyPropertyChanged or IReactiveObject
2024-07-10T10:33:39: ScrollToItem idx:0 scrollHeight=47 offset=
2024-07-10T10:33:41: ReactiveList`1: Property change notifications are enabled and type SourceTree.Model.RepositoryRemoteProjectLink isn't INotifyPropertyChanged or IReactiveObject
2024-07-10T10:33:55: ScrollToItem idx:0 scrollHeight=47 offset=
2024-07-10T10:33:58: LogHost: SuppressChangeNotifications was called (perhaps via AddRange), yet you do not
2024-07-10T10:33:58: LogHost: have a subscription to ShouldReset. This probably isn't what you want, as ItemsAdded
2024-07-10T10:33:58: LogHost: and friends will appear to 'miss' items
2024-07-10T10:34:41: Trying without host
2024-07-10T10:34:43: Trying without host
2024-07-10T10:34:43: Trying without host
2024-07-10T10:37:29: Trying without host
2024-07-10T10:37:33: Trying without host
2024-07-10T10:37:33: ReactiveList`1: Property change notifications are enabled and type SourceTree.Model.RepositoryRemoteProjectLink isn't INotifyPropertyChanged or IReactiveObject
2024-07-10T10:37:34: ScrollToItem idx:0 scrollHeight=86 offset=
2024-07-10T10:37:34: 2024/07/10 10:37:34 : REFRESHING DIFF
2024-07-10T10:37:49: Trying without host
2024-07-10T10:37:50: Trying without host
2024-07-10T10:37:51: Trying without host
2024-07-10T10:38:08: Trying without host
2024-07-10T10:38:10: Trying without host
2024-07-10T10:38:10: ReactiveList`1: Property change notifications are enabled and type SourceTree.Model.RepositoryRemoteProjectLink isn't INotifyPropertyChanged or IReactiveObject
2024-07-10T10:38:11: ScrollToItem idx:0 scrollHeight=86 offset=
2024-07-10T10:38:11: ScrollToItem idx:0 scrollHeight=46 offset=
2024-07-10T10:38:11: 2024/07/10 10:38:11 : REFRESHING DIFF
2024-07-10T10:41:42: Checking remote repositories...
2024-07-10T10:51:42: Checking remote repositories...
2024-07-10T10:51:42: Trying without host
2024-07-10T10:51:45: Trying without host
2024-07-10T10:51:48: Trying without host
2024-07-10T10:51:51: Trying without host
2024-07-10T10:51:54: Trying without host
2024-07-10T10:59:08: 2024/07/10 10:59:08 : REFRESHING DIFF
2024-07-10T10:59:08: ScrollToItem idx:1 scrollHeight=87 offset=.85
2024-07-10T10:59:09: 2024/07/10 10:59:09 : REFRESHING DIFF
2024-07-10T10:59:11: 2024/07/10 10:59:11 : REFRESHING DIFF
2024-07-10T10:59:11: ScrollToItem idx:1 scrollHeight=47 offset=.76
2024-07-10T10:59:11: 2024/07/10 10:59:11 : REFRESHING DIFF
2024-07-10T10:59:14: 2024/07/10 10:59:14 : REFRESHING DIFF
2024-07-10T10:59:14: ScrollToItem idx:1 scrollHeight=87 offset=.85
2024-07-10T10:59:14: 2024/07/10 10:59:14 : REFRESHING DIFF
2024-07-10T10:59:20: 2024/07/10 10:59:20 : REFRESHING DIFF
2024-07-10T10:59:20: 2024/07/10 10:59:20 : REFRESHING DIFF
2024-07-10T10:59:29: ReactiveList`1: Property change notifications are enabled and type SourceTree.Model.RepositoryRemoteProjectLink isn't INotifyPropertyChanged or IReactiveObject
2024-07-10T10:59:49: 2024/07/10 10:59:49 : REFRESHING DIFF
2024-07-10T10:59:49: ScrollToItem idx:1 scrollHeight=47 offset=.76
2024-07-10T10:59:49: 2024/07/10 10:59:49 : REFRESHING DIFF
2024-07-10T10:59:51: ReactiveList`1: Property change notifications are enabled and type SourceTree.Model.RepositoryRemoteProjectLink isn't INotifyPropertyChanged or IReactiveObject
2024-07-10T11:00:01: 2024/07/10 11:00:01 : REFRESHING DIFF
2024-07-10T11:00:01: ScrollToItem idx:1 scrollHeight=47 offset=.76
2024-07-10T11:00:01: 2024/07/10 11:00:01 : REFRESHING DIFF
