2024-08-07T09:05:32: LogHost: Initializing to normal mode
2024-08-07T09:05:34: ReactiveList`1: Property change notifications are enabled and type SourceTree.Model.RepositoryRemoteProjectLink isn't INotifyPropertyChanged or IReactiveObject
2024-08-07T09:05:34: ReactiveList`1: Property change notifications are enabled and type SourceTree.Model.RepositoryRemoteProjectLink isn't INotifyPropertyChanged or IReactiveObject
2024-08-07T09:05:34: ReactiveList`1: Property change notifications are enabled and type SourceTree.Model.RepositoryRemoteProjectLink isn't INotifyPropertyChanged or IReactiveObject
2024-08-07T09:05:34: ReactiveList`1: Property change notifications are enabled and type SourceTree.Model.RepositoryRemoteProjectLink isn't INotifyPropertyChanged or IReactiveObject
2024-08-07T09:05:34: Could not obtain git dir,  is not a git repo.
2024-08-07T09:05:35: ReactiveList`1: Property change notifications are enabled and type SourceTree.Model.RepositoryRemoteProjectLink isn't INotifyPropertyChanged or IReactiveObject
2024-08-07T09:05:35: ScrollToItem idx:0 scrollHeight=86 offset=
2024-08-07T09:05:36: 2024/08/07 9:05:36 : REFRESHING DIFF
2024-08-07T09:05:41: Trying without host
2024-08-07T09:05:41: Trying without host
2024-08-07T09:05:45: 2024/08/07 9:05:45 : REFRESHING DIFF
2024-08-07T09:05:45: ScrollToItem idx:1 scrollHeight=86 offset=.85
2024-08-07T09:05:45: 2024/08/07 9:05:45 : REFRESHING DIFF
2024-08-07T09:05:48: ReactiveList`1: Property change notifications are enabled and type SourceTree.Model.RepositoryRemoteProjectLink isn't INotifyPropertyChanged or IReactiveObject
2024-08-07T09:05:49: ScrollToItem idx:0 scrollHeight=58 offset=
2024-08-07T09:05:49: 2024/08/07 9:05:49 : REFRESHING DIFF
2024-08-07T09:05:54: Trying without host
2024-08-07T09:05:54: Trying without host
2024-08-07T09:05:57: 2024/08/07 9:05:57 : REFRESHING DIFF
2024-08-07T09:05:57: ScrollToItem idx:1 scrollHeight=59 offset=.8
2024-08-07T09:05:57: 2024/08/07 9:05:57 : REFRESHING DIFF
2024-08-07T09:06:01: 2024/08/07 9:06:01 : REFRESHING DIFF
