2024-09-12T13:39:08: LogHost: Initializing to normal mode
2024-09-12T13:39:10: ReactiveList`1: Property change notifications are enabled and type SourceTree.Model.RepositoryRemoteProjectLink isn't INotifyPropertyChanged or IReactiveObject
2024-09-12T13:39:10: ReactiveList`1: Property change notifications are enabled and type SourceTree.Model.RepositoryRemoteProjectLink isn't INotifyPropertyChanged or IReactiveObject
2024-09-12T13:39:10: ReactiveList`1: Property change notifications are enabled and type SourceTree.Model.RepositoryRemoteProjectLink isn't INotifyPropertyChanged or IReactiveObject
2024-09-12T13:39:10: ReactiveList`1: Property change notifications are enabled and type SourceTree.Model.RepositoryRemoteProjectLink isn't INotifyPropertyChanged or IReactiveObject
2024-09-12T13:39:10: ReactiveList`1: Property change notifications are enabled and type SourceTree.Model.RepositoryRemoteProjectLink isn't INotifyPropertyChanged or IReactiveObject
2024-09-12T13:39:10: Could not obtain git dir,  is not a git repo.
2024-09-12T13:39:11: ScrollToItem idx:0 scrollHeight=79 offset=
2024-09-12T13:39:11: 2024/09/12 13:39:11 : REFRESHING DIFF
2024-09-12T13:39:15: ReactiveList`1: Property change notifications are enabled and type SourceTree.Model.RepositoryRemoteProjectLink isn't INotifyPropertyChanged or IReactiveObject
2024-09-12T13:39:15: ScrollToItem idx:0 scrollHeight=79 offset=
2024-09-12T13:39:15: 2024/09/12 13:39:15 : REFRESHING DIFF
2024-09-12T13:39:18: 2024/09/12 13:39:18 : REFRESHING DIFF
2024-09-12T13:39:19: 2024/09/12 13:39:19 : REFRESHING DIFF
2024-09-12T13:39:19: ScrollToItem idx:0 scrollHeight=79 offset=
2024-09-12T13:39:20: 2024/09/12 13:39:20 : REFRESHING DIFF
2024-09-12T13:49:11: Checking remote repositories...
2024-09-12T13:49:11: Trying without host
2024-09-12T13:49:17: Trying without host
2024-09-12T13:50:56: Trying without host
2024-09-12T13:50:56: Trying without host
2024-09-12T13:50:58: 2024/09/12 13:50:58 : REFRESHING DIFF
2024-09-12T13:50:58: ScrollToItem idx:1 scrollHeight=79 offset=.78
2024-09-12T13:50:58: 2024/09/12 13:50:58 : REFRESHING DIFF
2024-09-12T13:51:00: 2024/09/12 13:51:00 : REFRESHING DIFF
2024-09-12T13:51:04: 2024/09/12 13:51:04 : REFRESHING DIFF
2024-09-12T13:51:05: 2024/09/12 13:51:05 : REFRESHING DIFF
