2024-07-08T09:28:09: LogHost: Initializing to normal mode
2024-07-08T09:28:10: ReactiveList`1: Property change notifications are enabled and type SourceTree.Model.RepositoryRemoteProjectLink isn't INotifyPropertyChanged or IReactiveObject
2024-07-08T09:28:10: ReactiveList`1: Property change notifications are enabled and type SourceTree.Model.RepositoryRemoteProjectLink isn't INotifyPropertyChanged or IReactiveObject
2024-07-08T09:28:10: ReactiveList`1: Property change notifications are enabled and type SourceTree.Model.RepositoryRemoteProjectLink isn't INotifyPropertyChanged or IReactiveObject
2024-07-08T09:28:11: Could not obtain git dir,  is not a git repo.
2024-07-08T09:28:12: ScrollToItem idx:0 scrollHeight=86 offset=
2024-07-08T09:28:17: LogHost: SuppressChangeNotifications was called (perhaps via AddRange), yet you do not
2024-07-08T09:28:17: LogHost: have a subscription to ShouldReset. This probably isn't what you want, as ItemsAdded
2024-07-08T09:28:17: LogHost: and friends will appear to 'miss' items
2024-07-08T09:33:55: ScrollToItem idx:0 scrollHeight=86 offset=
2024-07-08T09:33:57: ReactiveList`1: Property change notifications are enabled and type SourceTree.Model.RepositoryRemoteProjectLink isn't INotifyPropertyChanged or IReactiveObject
2024-07-08T09:34:28: ReactiveList`1: Property change notifications are enabled and type SourceTree.Model.RepositoryRemoteProjectLink isn't INotifyPropertyChanged or IReactiveObject
2024-07-08T09:38:11: Checking remote repositories...
2024-07-08T09:38:11: Trying without host
2024-07-08T09:48:15: Checking remote repositories...
2024-07-08T09:48:15: Trying without host
2024-07-08T09:48:19: Trying without host
2024-07-08T09:55:56: Could not obtain git dir,  is not a git repo.
2024-07-08T09:56:22: Trying without host
2024-07-08T09:56:25: Trying without host
2024-07-08T09:56:25: Trying without host
2024-07-08T09:57:17: Trying without host
2024-07-08T09:57:19: Trying without host
2024-07-08T09:57:19: ReactiveList`1: Property change notifications are enabled and type SourceTree.Model.RepositoryRemoteProjectLink isn't INotifyPropertyChanged or IReactiveObject
2024-07-08T09:57:20: ScrollToItem idx:0 scrollHeight=86 offset=
2024-07-08T09:57:20: ScrollToItem idx:0 scrollHeight=45 offset=
2024-07-08T09:57:20: 2024/07/08 9:57:20 : REFRESHING DIFF
2024-07-08T09:57:37: Trying without host
2024-07-08T09:57:38: Trying without host
2024-07-08T09:57:39: Trying without host
2024-07-08T09:58:13: Trying without host
2024-07-08T09:58:16: Trying without host
2024-07-08T09:58:16: ReactiveList`1: Property change notifications are enabled and type SourceTree.Model.RepositoryRemoteProjectLink isn't INotifyPropertyChanged or IReactiveObject
2024-07-08T09:58:17: ScrollToItem idx:0 scrollHeight=45 offset=
2024-07-08T09:58:18: ScrollToItem idx:0 scrollHeight=85 offset=
2024-07-08T09:58:18: 2024/07/08 9:58:18 : REFRESHING DIFF
2024-07-08T09:58:19: 2024/07/08 9:58:19 : REFRESHING DIFF
2024-07-08T09:58:19: ScrollToItem idx:0 scrollHeight=45 offset=
2024-07-08T09:58:19: 2024/07/08 9:58:19 : REFRESHING DIFF
2024-07-08T09:58:20: 2024/07/08 9:58:20 : REFRESHING DIFF
2024-07-08T09:58:20: ScrollToItem idx:0 scrollHeight=85 offset=
2024-07-08T09:58:20: 2024/07/08 9:58:20 : REFRESHING DIFF
2024-07-08T09:58:22: Checking remote repositories...
2024-07-08T09:58:22: Trying without host
2024-07-08T09:58:25: Trying without host
2024-07-08T09:59:01: VaultClient::ReadCredentials
2024-07-08T09:59:01: VaultClient::ReadCredentials
2024-07-08T10:08:28: Checking remote repositories...
2024-07-08T10:08:28: Trying without host
2024-07-08T10:08:31: Trying without host
2024-07-08T10:08:34: Trying without host
2024-07-08T10:08:36: Trying without host
2024-07-08T10:18:39: Checking remote repositories...
2024-07-08T10:18:39: Trying without host
2024-07-08T10:18:42: Trying without host
2024-07-08T10:18:45: Trying without host
2024-07-08T10:18:48: Trying without host
2024-07-08T10:28:50: Checking remote repositories...
2024-07-08T10:28:50: Trying without host
2024-07-08T10:28:55: Trying without host
2024-07-08T10:28:58: Trying without host
2024-07-08T10:29:01: Trying without host
2024-07-08T10:39:04: Checking remote repositories...
2024-07-08T10:39:04: Trying without host
2024-07-08T10:39:07: Trying without host
2024-07-08T10:39:10: Trying without host
2024-07-08T10:39:13: Trying without host
2024-07-08T10:49:15: Checking remote repositories...
2024-07-08T10:49:15: Trying without host
2024-07-08T10:49:18: Trying without host
2024-07-08T10:49:21: Trying without host
2024-07-08T10:49:24: Trying without host
2024-07-08T10:59:27: Checking remote repositories...
2024-07-08T10:59:27: Trying without host
2024-07-08T10:59:32: Trying without host
2024-07-08T10:59:34: Trying without host
2024-07-08T10:59:37: Trying without host
2024-07-08T11:09:39: Checking remote repositories...
2024-07-08T11:09:39: Trying without host
2024-07-08T11:09:43: Trying without host
2024-07-08T11:09:46: Trying without host
2024-07-08T11:09:48: Trying without host
2024-07-08T11:19:51: Checking remote repositories...
2024-07-08T11:19:51: Trying without host
2024-07-08T11:19:54: Trying without host
2024-07-08T11:19:57: Trying without host
2024-07-08T11:20:00: Trying without host
2024-07-08T11:22:22: Could not obtain git dir,  is not a git repo.
2024-07-08T11:22:32: 2024/07/08 11:22:32 : REFRESHING DIFF
2024-07-08T11:22:32: 2024/07/08 11:22:32 : REFRESHING DIFF
2024-07-08T11:22:38: ReactiveList`1: Property change notifications are enabled and type SourceTree.Model.RepositoryRemoteProjectLink isn't INotifyPropertyChanged or IReactiveObject
2024-07-08T11:30:03: Checking remote repositories...
2024-07-08T11:30:03: Trying without host
2024-07-08T11:30:07: Trying without host
2024-07-08T11:30:10: Trying without host
2024-07-08T11:30:12: Trying without host
2024-07-08T11:40:16: Checking remote repositories...
2024-07-08T11:40:16: Trying without host
2024-07-08T11:40:19: Trying without host
2024-07-08T11:40:22: Trying without host
2024-07-08T11:40:25: Trying without host
2024-07-08T11:50:28: Checking remote repositories...
2024-07-08T11:50:28: Trying without host
2024-07-08T11:50:32: Trying without host
2024-07-08T11:50:36: Trying without host
2024-07-08T11:50:38: Trying without host
2024-07-08T12:00:41: Checking remote repositories...
2024-07-08T12:00:41: Trying without host
2024-07-08T12:00:45: Trying without host
2024-07-08T12:00:47: Trying without host
2024-07-08T12:00:50: Trying without host
2024-07-08T12:10:53: Checking remote repositories...
2024-07-08T12:10:53: Trying without host
2024-07-08T12:10:56: Trying without host
2024-07-08T12:10:59: Trying without host
2024-07-08T12:11:01: Trying without host
2024-07-08T12:21:04: Checking remote repositories...
2024-07-08T12:21:04: Trying without host
2024-07-08T12:21:07: Trying without host
2024-07-08T12:21:10: Trying without host
2024-07-08T12:21:13: Trying without host
2024-07-08T12:31:16: Checking remote repositories...
2024-07-08T12:31:16: Trying without host
2024-07-08T12:31:21: Trying without host
2024-07-08T12:31:24: Trying without host
2024-07-08T12:31:26: Trying without host
2024-07-08T12:41:29: Checking remote repositories...
2024-07-08T12:41:29: Trying without host
2024-07-08T12:41:34: Trying without host
2024-07-08T12:41:37: Trying without host
2024-07-08T12:41:40: Trying without host
2024-07-08T12:51:42: Checking remote repositories...
2024-07-08T12:51:42: Trying without host
2024-07-08T12:51:46: Trying without host
2024-07-08T12:51:49: Trying without host
2024-07-08T12:51:52: Trying without host
2024-07-08T13:01:54: Checking remote repositories...
2024-07-08T13:01:54: Trying without host
2024-07-08T13:01:58: Trying without host
2024-07-08T13:02:01: Trying without host
2024-07-08T13:02:03: Trying without host
2024-07-08T13:12:06: Checking remote repositories...
2024-07-08T13:12:06: Trying without host
2024-07-08T13:12:09: Trying without host
2024-07-08T13:12:12: Trying without host
2024-07-08T13:12:15: Trying without host
2024-07-08T13:22:18: Checking remote repositories...
2024-07-08T13:22:18: Trying without host
2024-07-08T13:22:21: Trying without host
2024-07-08T13:22:24: Trying without host
2024-07-08T13:22:27: Trying without host
2024-07-08T13:32:29: Checking remote repositories...
2024-07-08T13:32:29: Trying without host
2024-07-08T13:32:34: Trying without host
2024-07-08T13:32:37: Trying without host
2024-07-08T13:32:40: Trying without host
2024-07-08T13:42:43: Checking remote repositories...
2024-07-08T13:42:43: Trying without host
2024-07-08T13:42:46: Trying without host
2024-07-08T13:42:49: Trying without host
2024-07-08T13:42:52: Trying without host
2024-07-08T13:52:54: Checking remote repositories...
2024-07-08T13:52:54: Trying without host
2024-07-08T13:52:59: Trying without host
2024-07-08T13:53:02: Trying without host
2024-07-08T13:53:05: Trying without host
2024-07-08T14:03:07: Checking remote repositories...
2024-07-08T14:03:07: Trying without host
2024-07-08T14:03:11: Trying without host
2024-07-08T14:03:13: Trying without host
2024-07-08T14:03:16: Trying without host
2024-07-08T14:13:19: Checking remote repositories...
2024-07-08T14:13:19: Trying without host
2024-07-08T14:13:22: Trying without host
2024-07-08T14:13:25: Trying without host
2024-07-08T14:13:28: Trying without host
2024-07-08T14:23:31: Checking remote repositories...
2024-07-08T14:23:31: Trying without host
2024-07-08T14:23:34: Trying without host
2024-07-08T14:23:37: Trying without host
2024-07-08T14:23:40: Trying without host
2024-07-08T14:33:42: Checking remote repositories...
2024-07-08T14:33:42: Trying without host
2024-07-08T14:33:47: Trying without host
2024-07-08T14:33:50: Trying without host
2024-07-08T14:33:52: Trying without host
2024-07-08T14:43:55: Checking remote repositories...
2024-07-08T14:43:55: Trying without host
2024-07-08T14:43:59: Trying without host
2024-07-08T14:44:02: Trying without host
2024-07-08T14:44:04: Trying without host
2024-07-08T14:54:07: Checking remote repositories...
2024-07-08T14:54:07: Trying without host
2024-07-08T14:54:10: Trying without host
2024-07-08T14:54:13: Trying without host
2024-07-08T14:54:16: Trying without host
2024-07-08T15:04:18: Checking remote repositories...
2024-07-08T15:04:18: Trying without host
2024-07-08T15:04:22: Trying without host
2024-07-08T15:04:25: Trying without host
2024-07-08T15:04:27: Trying without host
2024-07-08T15:14:30: Checking remote repositories...
2024-07-08T15:14:30: Trying without host
2024-07-08T15:14:33: Trying without host
2024-07-08T15:14:36: Trying without host
2024-07-08T15:14:39: Trying without host
2024-07-08T15:24:41: Checking remote repositories...
2024-07-08T15:24:42: Trying without host
2024-07-08T15:24:45: Trying without host
2024-07-08T15:24:47: Trying without host
2024-07-08T15:24:50: Trying without host
2024-07-08T15:34:53: Checking remote repositories...
2024-07-08T15:34:53: Trying without host
2024-07-08T15:34:58: Trying without host
2024-07-08T15:35:02: Trying without host
2024-07-08T15:35:04: Trying without host
2024-07-08T15:45:07: Checking remote repositories...
2024-07-08T15:45:07: Trying without host
2024-07-08T15:45:10: Trying without host
2024-07-08T15:45:14: Trying without host
2024-07-08T15:45:16: Trying without host
2024-07-08T15:55:19: Checking remote repositories...
2024-07-08T15:55:19: Trying without host
2024-07-08T15:55:24: Trying without host
2024-07-08T15:55:27: Trying without host
2024-07-08T15:55:30: Trying without host
2024-07-08T16:05:32: Checking remote repositories...
2024-07-08T16:05:32: Trying without host
2024-07-08T16:05:36: Trying without host
2024-07-08T16:05:39: Trying without host
2024-07-08T16:05:41: Trying without host
2024-07-08T16:15:44: Checking remote repositories...
2024-07-08T16:15:44: Trying without host
2024-07-08T16:15:47: Trying without host
2024-07-08T16:15:50: Trying without host
2024-07-08T16:15:53: Trying without host
2024-07-08T16:25:55: Checking remote repositories...
2024-07-08T16:25:55: Trying without host
2024-07-08T16:25:58: Trying without host
2024-07-08T16:26:02: Trying without host
2024-07-08T16:26:04: Trying without host
2024-07-08T16:36:07: Checking remote repositories...
2024-07-08T16:36:07: Trying without host
2024-07-08T16:36:10: Trying without host
2024-07-08T16:36:14: Trying without host
2024-07-08T16:36:16: Trying without host
2024-07-08T16:46:19: Checking remote repositories...
2024-07-08T16:46:19: Trying without host
2024-07-08T16:46:24: Trying without host
2024-07-08T16:46:26: Trying without host
2024-07-08T16:46:30: Trying without host
2024-07-08T16:56:33: Checking remote repositories...
2024-07-08T16:56:33: Trying without host
2024-07-08T16:56:36: Trying without host
2024-07-08T16:56:39: Trying without host
2024-07-08T16:56:42: Trying without host
2024-07-08T17:06:44: Checking remote repositories...
2024-07-08T17:06:44: Trying without host
2024-07-08T17:06:47: Trying without host
2024-07-08T17:06:51: Trying without host
2024-07-08T17:06:53: Trying without host
2024-07-08T17:16:56: Checking remote repositories...
2024-07-08T17:16:56: Trying without host
2024-07-08T17:16:59: Trying without host
2024-07-08T17:17:02: Trying without host
2024-07-08T17:17:04: Trying without host
2024-07-08T17:27:07: Checking remote repositories...
2024-07-08T17:27:07: Trying without host
2024-07-08T17:27:10: Trying without host
2024-07-08T17:27:13: Trying without host
2024-07-08T17:27:15: Trying without host
2024-07-08T17:37:18: Checking remote repositories...
2024-07-08T17:37:18: Trying without host
2024-07-08T17:37:22: Trying without host
2024-07-08T17:37:25: Trying without host
2024-07-08T17:37:27: Trying without host
2024-07-08T17:39:51: ReactiveList`1: Property change notifications are enabled and type SourceTree.Model.RepositoryRemoteProjectLink isn't INotifyPropertyChanged or IReactiveObject
2024-07-08T17:40:41: ReactiveList`1: Property change notifications are enabled and type SourceTree.Model.RepositoryRemoteProjectLink isn't INotifyPropertyChanged or IReactiveObject
2024-07-08T17:41:02: 2024/07/08 17:41:02 : REFRESHING DIFF
2024-07-08T17:41:02: ScrollToItem idx:1 scrollHeight=46 offset=.74
2024-07-08T17:41:02: ReactiveList`1: Property change notifications are enabled and type SourceTree.Model.RepositoryRemoteProjectLink isn't INotifyPropertyChanged or IReactiveObject
2024-07-08T17:41:02: 2024/07/08 17:41:02 : REFRESHING DIFF
2024-07-08T17:47:30: Checking remote repositories...
2024-07-08T17:47:30: Trying without host
2024-07-08T17:47:34: Trying without host
2024-07-08T17:47:37: Trying without host
2024-07-08T17:47:39: Trying without host
2024-07-08T17:57:42: Checking remote repositories...
2024-07-08T17:57:42: Trying without host
2024-07-08T17:57:47: Trying without host
2024-07-08T17:57:50: Trying without host
2024-07-08T17:57:53: Trying without host
