2024-08-23T09:07:20: LogHost: Initializing to normal mode
2024-08-23T09:07:21: ReactiveList`1: Property change notifications are enabled and type SourceTree.Model.RepositoryRemoteProjectLink isn't INotifyPropertyChanged or IReactiveObject
2024-08-23T09:07:21: ReactiveList`1: Property change notifications are enabled and type SourceTree.Model.RepositoryRemoteProjectLink isn't INotifyPropertyChanged or IReactiveObject
2024-08-23T09:07:21: ReactiveList`1: Property change notifications are enabled and type SourceTree.Model.RepositoryRemoteProjectLink isn't INotifyPropertyChanged or IReactiveObject
2024-08-23T09:07:21: ReactiveList`1: Property change notifications are enabled and type SourceTree.Model.RepositoryRemoteProjectLink isn't INotifyPropertyChanged or IReactiveObject
2024-08-23T09:07:21: ReactiveList`1: Property change notifications are enabled and type SourceTree.Model.RepositoryRemoteProjectLink isn't INotifyPropertyChanged or IReactiveObject
2024-08-23T09:07:21: Could not obtain git dir,  is not a git repo.
2024-08-23T09:07:22: ScrollToItem idx:0 scrollHeight=79 offset=
2024-08-23T09:07:29: Trying without host
2024-08-23T09:07:29: Trying without host
2024-08-23T09:07:33: ScrollToItem idx:0 scrollHeight=85 offset=
2024-08-23T09:07:49: Trying without host
2024-08-23T09:07:49: Trying without host
2024-08-23T09:07:51: ScrollToItem idx:0 scrollHeight=84 offset=
2024-08-23T09:07:53: 2024/08/23 9:07:53 : REFRESHING DIFF
2024-08-23T09:08:03: 2024/08/23 9:08:03 : REFRESHING DIFF
2024-08-23T09:08:08: ReactiveList`1: Property change notifications are enabled and type SourceTree.Model.RepositoryRemoteProjectLink isn't INotifyPropertyChanged or IReactiveObject
2024-08-23T09:08:09: ScrollToItem idx:0 scrollHeight=90 offset=
2024-08-23T09:08:09: 2024/08/23 9:08:09 : REFRESHING DIFF
2024-08-23T09:08:17: Trying without host
2024-08-23T09:08:17: Trying without host
2024-08-23T09:08:19: 2024/08/23 9:08:19 : REFRESHING DIFF
2024-08-23T09:08:19: ScrollToItem idx:1 scrollHeight=90 offset=.89
2024-08-23T09:08:19: 2024/08/23 9:08:19 : REFRESHING DIFF
2024-08-23T09:08:21: 2024/08/23 9:08:21 : REFRESHING DIFF
2024-08-23T09:08:23: ScrollToItem idx:0 scrollHeight=90 offset=
2024-08-23T09:08:27: 2024/08/23 9:08:27 : REFRESHING DIFF
2024-08-23T09:08:27: ScrollToItem idx:9 scrollHeight=84 offset=7.96
2024-08-23T09:08:27: 2024/08/23 9:08:27 : REFRESHING DIFF
2024-08-23T09:08:30: 2024/08/23 9:08:30 : REFRESHING DIFF
2024-08-23T09:08:35: 2024/08/23 9:08:35 : REFRESHING DIFF
2024-08-23T09:08:36: 2024/08/23 9:08:36 : REFRESHING DIFF
2024-08-23T09:08:44: 2024/08/23 9:08:44 : REFRESHING DIFF
2024-08-23T09:08:44: ScrollToItem idx:0 scrollHeight=90 offset=
2024-08-23T09:08:45: 2024/08/23 9:08:45 : REFRESHING DIFF
2024-08-23T09:08:47: 2024/08/23 9:08:47 : REFRESHING DIFF
2024-08-23T09:08:47: ScrollToItem idx:3 scrollHeight=84 offset=2.65
2024-08-23T09:08:47: 2024/08/23 9:08:47 : REFRESHING DIFF
2024-08-23T09:09:29: ScrollToItem idx:0 scrollHeight=84 offset=
2024-08-23T09:09:31: ScrollToItem idx:0 scrollHeight=84 offset=
2024-08-23T09:09:31: ScrollToItem idx:0 scrollHeight=84 offset=
2024-08-23T09:09:57: 2024/08/23 9:09:57 : REFRESHING DIFF
2024-08-23T09:10:13: 2024/08/23 9:10:13 : REFRESHING DIFF
2024-08-23T09:13:55: 2024/08/23 9:13:55 : REFRESHING DIFF
2024-08-23T09:13:58: 2024/08/23 9:13:58 : REFRESHING DIFF
2024-08-23T09:15:12: 2024/08/23 9:15:12 : REFRESHING DIFF
2024-08-23T09:17:22: Checking remote repositories...
2024-08-23T09:23:50: 2024/08/23 9:23:50 : REFRESHING DIFF
2024-08-23T09:27:22: Checking remote repositories...
2024-08-23T09:27:22: Trying without host
2024-08-23T09:27:28: Trying without host
2024-08-23T09:27:30: Trying without host
2024-08-23T09:27:34: Trying without host
2024-08-23T09:37:06: LogHost: SuppressChangeNotifications was called (perhaps via AddRange), yet you do not
2024-08-23T09:37:06: LogHost: have a subscription to ShouldReset. This probably isn't what you want, as ItemsAdded
2024-08-23T09:37:06: LogHost: and friends will appear to 'miss' items
2024-08-23T09:37:18: ScrollToItem idx:0 scrollHeight=75 offset=
2024-08-23T09:37:37: Checking remote repositories...
2024-08-23T09:37:37: Trying without host
2024-08-23T09:37:41: Trying without host
2024-08-23T09:37:44: Trying without host
2024-08-23T09:37:47: Trying without host
2024-08-23T09:47:50: Checking remote repositories...
2024-08-23T09:47:50: Trying without host
2024-08-23T09:47:53: Trying without host
2024-08-23T09:47:56: Trying without host
2024-08-23T09:47:59: Trying without host
2024-08-23T09:52:28: Trying without host
2024-08-23T09:52:28: Trying without host
2024-08-23T09:52:32: 2024/08/23 9:52:32 : REFRESHING DIFF
2024-08-23T09:52:32: ScrollToItem idx:2 scrollHeight=81 offset=1.6
2024-08-23T09:52:32: 2024/08/23 9:52:32 : REFRESHING DIFF
2024-08-23T09:52:35: 2024/08/23 9:52:35 : REFRESHING DIFF
2024-08-23T09:52:36: 2024/08/23 9:52:36 : REFRESHING DIFF
2024-08-23T09:52:37: 2024/08/23 9:52:37 : REFRESHING DIFF
2024-08-23T09:52:39: 2024/08/23 9:52:39 : REFRESHING DIFF
2024-08-23T09:52:40: 2024/08/23 9:52:40 : REFRESHING DIFF
2024-08-23T09:52:46: ScrollToItem idx:0 scrollHeight=75 offset=
2024-08-23T09:52:55: Trying without host
2024-08-23T09:52:55: Trying without host
2024-08-23T09:52:58: ScrollToItem idx:0 scrollHeight=75 offset=
2024-08-23T09:53:04: 2024/08/23 9:53:04 : REFRESHING DIFF
2024-08-23T09:53:06: 2024/08/23 9:53:06 : REFRESHING DIFF
2024-08-23T09:58:02: Checking remote repositories...
2024-08-23T09:58:02: Trying without host
2024-08-23T09:58:05: Trying without host
2024-08-23T10:08:08: Checking remote repositories...
2024-08-23T10:08:08: Trying without host
2024-08-23T10:08:14: Trying without host
2024-08-23T10:08:17: Trying without host
2024-08-23T10:08:20: Trying without host
2024-08-23T10:08:44: ScrollToItem idx:0 scrollHeight=75 offset=
2024-08-23T10:08:50: Trying without host
2024-08-23T10:08:50: Trying without host
2024-08-23T10:08:52: ScrollToItem idx:0 scrollHeight=75 offset=
2024-08-23T10:08:54: ScrollToItem idx:0 scrollHeight=81 offset=
2024-08-23T10:08:58: Trying without host
2024-08-23T10:08:58: Trying without host
2024-08-23T10:09:01: ScrollToItem idx:0 scrollHeight=81 offset=
