2024-09-04T11:40:16: LogHost: Initializing to normal mode
2024-09-04T11:40:18: ReactiveList`1: Property change notifications are enabled and type SourceTree.Model.RepositoryRemoteProjectLink isn't INotifyPropertyChanged or IReactiveObject
2024-09-04T11:40:18: ReactiveList`1: Property change notifications are enabled and type SourceTree.Model.RepositoryRemoteProjectLink isn't INotifyPropertyChanged or IReactiveObject
2024-09-04T11:40:18: ReactiveList`1: Property change notifications are enabled and type SourceTree.Model.RepositoryRemoteProjectLink isn't INotifyPropertyChanged or IReactiveObject
2024-09-04T11:40:18: ReactiveList`1: Property change notifications are enabled and type SourceTree.Model.RepositoryRemoteProjectLink isn't INotifyPropertyChanged or IReactiveObject
2024-09-04T11:40:18: ReactiveList`1: Property change notifications are enabled and type SourceTree.Model.RepositoryRemoteProjectLink isn't INotifyPropertyChanged or IReactiveObject
2024-09-04T11:40:19: Could not obtain git dir,  is not a git repo.
2024-09-04T11:40:20: ScrollToItem idx:0 scrollHeight=77 offset=
2024-09-04T11:40:37: Trying without host
2024-09-04T11:40:37: Trying without host
2024-09-04T11:40:41: ScrollToItem idx:0 scrollHeight=77 offset=
2024-09-04T11:40:46: ReactiveList`1: Property change notifications are enabled and type SourceTree.Model.RepositoryRemoteProjectLink isn't INotifyPropertyChanged or IReactiveObject
2024-09-04T11:40:47: ScrollToItem idx:0 scrollHeight=83 offset=
2024-09-04T11:40:47: 2024/09/04 11:40:47 : REFRESHING DIFF
2024-09-04T11:40:48: 2024/09/04 11:40:48 : REFRESHING DIFF
2024-09-04T11:40:49: 2024/09/04 11:40:49 : REFRESHING DIFF
2024-09-04T11:40:51: Trying without host
2024-09-04T11:40:51: Trying without host
2024-09-04T11:40:53: 2024/09/04 11:40:53 : REFRESHING DIFF
2024-09-04T11:40:53: ScrollToItem idx:1 scrollHeight=83 offset=.82
2024-09-04T11:40:54: 2024/09/04 11:40:54 : REFRESHING DIFF
2024-09-04T11:40:55: 2024/09/04 11:40:55 : REFRESHING DIFF
2024-09-04T11:40:56: 2024/09/04 11:40:56 : REFRESHING DIFF
