2024-08-27T10:05:08: LogHost: Initializing to normal mode
2024-08-27T10:05:10: ReactiveList`1: Property change notifications are enabled and type SourceTree.Model.RepositoryRemoteProjectLink isn't INotifyPropertyChanged or IReactiveObject
2024-08-27T10:05:10: ReactiveList`1: Property change notifications are enabled and type SourceTree.Model.RepositoryRemoteProjectLink isn't INotifyPropertyChanged or IReactiveObject
2024-08-27T10:05:10: ReactiveList`1: Property change notifications are enabled and type SourceTree.Model.RepositoryRemoteProjectLink isn't INotifyPropertyChanged or IReactiveObject
2024-08-27T10:05:10: ReactiveList`1: Property change notifications are enabled and type SourceTree.Model.RepositoryRemoteProjectLink isn't INotifyPropertyChanged or IReactiveObject
2024-08-27T10:05:10: ReactiveList`1: Property change notifications are enabled and type SourceTree.Model.RepositoryRemoteProjectLink isn't INotifyPropertyChanged or IReactiveObject
2024-08-27T10:05:10: Could not obtain git dir,  is not a git repo.
2024-08-27T10:05:11: ScrollToItem idx:0 scrollHeight=77 offset=
2024-08-27T10:05:33: Trying without host
2024-08-27T10:05:33: Trying without host
2024-08-27T10:05:35: ScrollToItem idx:0 scrollHeight=77 offset=
2024-08-27T10:05:39: ReactiveList`1: Property change notifications are enabled and type SourceTree.Model.RepositoryRemoteProjectLink isn't INotifyPropertyChanged or IReactiveObject
2024-08-27T10:05:39: ScrollToItem idx:1 scrollHeight=83 offset=.82
2024-08-27T10:05:39: 2024/08/27 10:05:39 : REFRESHING DIFF
2024-08-27T10:05:44: Trying without host
2024-08-27T10:05:44: Trying without host
2024-08-27T10:05:47: 2024/08/27 10:05:47 : REFRESHING DIFF
2024-08-27T10:05:47: ScrollToItem idx:3 scrollHeight=83 offset=2.47
2024-08-27T10:05:47: 2024/08/27 10:05:47 : REFRESHING DIFF
2024-08-27T10:05:59: ScrollToItem idx:0 scrollHeight=77 offset=
2024-08-27T10:06:02: 2024/08/27 10:06:02 : REFRESHING DIFF
2024-08-27T10:06:02: ScrollToItem idx:3 scrollHeight=83 offset=2.47
2024-08-27T10:06:03: 2024/08/27 10:06:03 : REFRESHING DIFF
2024-08-27T10:06:04: ScrollToItem idx:0 scrollHeight=77 offset=
