2024-09-17T09:05:13: LogHost: Initializing to normal mode
2024-09-17T09:05:15: ReactiveList`1: Property change notifications are enabled and type SourceTree.Model.RepositoryRemoteProjectLink isn't INotifyPropertyChanged or IReactiveObject
2024-09-17T09:05:15: ReactiveList`1: Property change notifications are enabled and type SourceTree.Model.RepositoryRemoteProjectLink isn't INotifyPropertyChanged or IReactiveObject
2024-09-17T09:05:15: ReactiveList`1: Property change notifications are enabled and type SourceTree.Model.RepositoryRemoteProjectLink isn't INotifyPropertyChanged or IReactiveObject
2024-09-17T09:05:15: ReactiveList`1: Property change notifications are enabled and type SourceTree.Model.RepositoryRemoteProjectLink isn't INotifyPropertyChanged or IReactiveObject
2024-09-17T09:05:15: ReactiveList`1: Property change notifications are enabled and type SourceTree.Model.RepositoryRemoteProjectLink isn't INotifyPropertyChanged or IReactiveObject
2024-09-17T09:05:15: Could not obtain git dir,  is not a git repo.
2024-09-17T09:05:16: ScrollToItem idx:0 scrollHeight=79 offset=
2024-09-17T09:05:16: 2024/09/17 9:05:16 : REFRESHING DIFF
2024-09-17T09:06:10: Trying without host
2024-09-17T09:06:10: Trying without host
2024-09-17T09:06:14: 2024/09/17 9:06:14 : REFRESHING DIFF
2024-09-17T09:06:14: ScrollToItem idx:1 scrollHeight=79 offset=.78
2024-09-17T09:06:14: 2024/09/17 9:06:14 : REFRESHING DIFF
2024-09-17T09:06:17: 2024/09/17 9:06:17 : REFRESHING DIFF
2024-09-17T09:06:27: Trying without host
2024-09-17T09:06:27: Trying without host
2024-09-17T09:06:34: ReactiveList`1: Property change notifications are enabled and type SourceTree.Model.RepositoryRemoteProjectLink isn't INotifyPropertyChanged or IReactiveObject
2024-09-17T09:06:35: ScrollToItem idx:0 scrollHeight=79 offset=
2024-09-17T09:06:35: 2024/09/17 9:06:35 : REFRESHING DIFF
2024-09-17T09:06:37: Trying without host
2024-09-17T09:06:37: Trying without host
2024-09-17T09:06:39: 2024/09/17 9:06:39 : REFRESHING DIFF
2024-09-17T09:06:39: ScrollToItem idx:0 scrollHeight=79 offset=
2024-09-17T09:06:39: 2024/09/17 9:06:39 : REFRESHING DIFF
2024-09-17T09:06:49: 2024/09/17 9:06:49 : REFRESHING DIFF
2024-09-17T09:06:49: ScrollToItem idx:0 scrollHeight=79 offset=
2024-09-17T09:06:49: 2024/09/17 9:06:49 : REFRESHING DIFF
2024-09-17T09:06:52: Trying without host
2024-09-17T09:06:52: Trying without host
2024-09-17T09:06:54: 2024/09/17 9:06:54 : REFRESHING DIFF
2024-09-17T09:06:54: ScrollToItem idx:0 scrollHeight=79 offset=
2024-09-17T09:06:54: 2024/09/17 9:06:54 : REFRESHING DIFF
