2024-09-09T09:10:35: LogHost: Initializing to normal mode
2024-09-09T09:10:37: ReactiveList`1: Property change notifications are enabled and type SourceTree.Model.RepositoryRemoteProjectLink isn't INotifyPropertyChanged or IReactiveObject
2024-09-09T09:10:37: ReactiveList`1: Property change notifications are enabled and type SourceTree.Model.RepositoryRemoteProjectLink isn't INotifyPropertyChanged or IReactiveObject
2024-09-09T09:10:37: ReactiveList`1: Property change notifications are enabled and type SourceTree.Model.RepositoryRemoteProjectLink isn't INotifyPropertyChanged or IReactiveObject
2024-09-09T09:10:37: ReactiveList`1: Property change notifications are enabled and type SourceTree.Model.RepositoryRemoteProjectLink isn't INotifyPropertyChanged or IReactiveObject
2024-09-09T09:10:37: ReactiveList`1: Property change notifications are enabled and type SourceTree.Model.RepositoryRemoteProjectLink isn't INotifyPropertyChanged or IReactiveObject
2024-09-09T09:10:38: Could not obtain git dir,  is not a git repo.
2024-09-09T09:10:39: ScrollToItem idx:0 scrollHeight=77 offset=
2024-09-09T09:10:48: Trying without host
2024-09-09T09:10:48: Trying without host
2024-09-09T09:10:52: ScrollToItem idx:4 scrollHeight=81 offset=3.27
2024-09-09T09:11:05: 2024/09/09 9:11:05 : REFRESHING DIFF
2024-09-09T09:11:08: Trying without host
2024-09-09T09:11:08: Trying without host
2024-09-09T09:11:10: 2024/09/09 9:11:10 : REFRESHING DIFF
2024-09-09T09:11:10: ScrollToItem idx:0 scrollHeight=81 offset=
2024-09-09T09:11:10: 2024/09/09 9:11:10 : REFRESHING DIFF
2024-09-09T09:11:25: ReactiveList`1: Property change notifications are enabled and type SourceTree.Model.RepositoryRemoteProjectLink isn't INotifyPropertyChanged or IReactiveObject
2024-09-09T09:11:25: ScrollToItem idx:0 scrollHeight=83 offset=
2024-09-09T09:11:25: 2024/09/09 9:11:25 : REFRESHING DIFF
2024-09-09T09:11:30: Trying without host
2024-09-09T09:11:30: Trying without host
2024-09-09T09:11:32: 2024/09/09 9:11:32 : REFRESHING DIFF
2024-09-09T09:11:32: ScrollToItem idx:1 scrollHeight=83 offset=.82
2024-09-09T09:11:32: 2024/09/09 9:11:32 : REFRESHING DIFF
2024-09-09T09:11:41: 2024/09/09 9:11:41 : REFRESHING DIFF
2024-09-09T09:11:41: 2024/09/09 9:11:41 : REFRESHING DIFF
2024-09-09T09:11:48: Trying without host
2024-09-09T09:11:48: Trying without host
2024-09-09T09:11:50: 2024/09/09 9:11:50 : REFRESHING DIFF
2024-09-09T09:11:50: ScrollToItem idx:1 scrollHeight=83 offset=.82
2024-09-09T09:11:50: 2024/09/09 9:11:50 : REFRESHING DIFF
2024-09-09T09:11:53: 2024/09/09 9:11:53 : REFRESHING DIFF
2024-09-09T09:11:53: ScrollToItem idx:0 scrollHeight=81 offset=
2024-09-09T09:11:53: 2024/09/09 9:11:53 : REFRESHING DIFF
2024-09-09T09:11:55: 2024/09/09 9:11:55 : REFRESHING DIFF
2024-09-09T09:11:55: ScrollToItem idx:1 scrollHeight=83 offset=.82
2024-09-09T09:11:56: 2024/09/09 9:11:56 : REFRESHING DIFF
2024-09-09T09:11:57: 2024/09/09 9:11:57 : REFRESHING DIFF
2024-09-09T09:11:57: ScrollToItem idx:0 scrollHeight=81 offset=
2024-09-09T09:11:57: 2024/09/09 9:11:57 : REFRESHING DIFF
2024-09-09T09:15:13: 2024/09/09 9:15:13 : REFRESHING DIFF
2024-09-09T09:15:13: ScrollToItem idx:1 scrollHeight=83 offset=.82
2024-09-09T09:15:13: 2024/09/09 9:15:13 : REFRESHING DIFF
2024-09-09T09:15:23: Trying without host
2024-09-09T09:15:23: Trying without host
2024-09-09T09:15:26: 2024/09/09 9:15:26 : REFRESHING DIFF
2024-09-09T09:15:26: ScrollToItem idx:1 scrollHeight=83 offset=.82
2024-09-09T09:15:26: 2024/09/09 9:15:26 : REFRESHING DIFF
2024-09-09T09:15:29: 2024/09/09 9:15:29 : REFRESHING DIFF
2024-09-09T09:15:46: 2024/09/09 9:15:46 : REFRESHING DIFF
2024-09-09T09:15:46: ScrollToItem idx:0 scrollHeight=81 offset=
2024-09-09T09:15:46: 2024/09/09 9:15:46 : REFRESHING DIFF
2024-09-09T09:15:49: Trying without host
2024-09-09T09:15:49: Trying without host
2024-09-09T09:15:51: 2024/09/09 9:15:51 : REFRESHING DIFF
2024-09-09T09:15:51: ScrollToItem idx:0 scrollHeight=81 offset=
2024-09-09T09:15:51: 2024/09/09 9:15:51 : REFRESHING DIFF
2024-09-09T09:17:47: 2024/09/09 9:17:47 : REFRESHING DIFF
2024-09-09T09:17:47: 2024/09/09 9:17:47 : REFRESHING DIFF
2024-09-09T09:18:58: 2024/09/09 9:18:58 : REFRESHING DIFF
2024-09-09T09:18:59: 2024/09/09 9:18:59 : REFRESHING DIFF
2024-09-09T09:19:03: Trying without host
2024-09-09T09:19:03: Trying without host
2024-09-09T09:19:05: 2024/09/09 9:19:05 : REFRESHING DIFF
2024-09-09T09:19:06: ScrollToItem idx:0 scrollHeight=83 offset=
2024-09-09T09:19:06: 2024/09/09 9:19:06 : REFRESHING DIFF
2024-09-09T09:19:07: 2024/09/09 9:19:07 : REFRESHING DIFF
2024-09-09T09:19:07: ScrollToItem idx:0 scrollHeight=85 offset=
2024-09-09T09:19:07: 2024/09/09 9:19:07 : REFRESHING DIFF
2024-09-09T09:19:10: Trying without host
2024-09-09T09:19:10: Trying without host
2024-09-09T09:19:12: 2024/09/09 9:19:12 : REFRESHING DIFF
2024-09-09T09:19:12: ScrollToItem idx:0 scrollHeight=85 offset=
2024-09-09T09:19:12: 2024/09/09 9:19:12 : REFRESHING DIFF
