2024-09-04T13:23:58: LogHost: Initializing to normal mode
2024-09-04T13:24:00: ReactiveList`1: Property change notifications are enabled and type SourceTree.Model.RepositoryRemoteProjectLink isn't INotifyPropertyChanged or IReactiveObject
2024-09-04T13:24:00: ReactiveList`1: Property change notifications are enabled and type SourceTree.Model.RepositoryRemoteProjectLink isn't INotifyPropertyChanged or IReactiveObject
2024-09-04T13:24:00: ReactiveList`1: Property change notifications are enabled and type SourceTree.Model.RepositoryRemoteProjectLink isn't INotifyPropertyChanged or IReactiveObject
2024-09-04T13:24:00: ReactiveList`1: Property change notifications are enabled and type SourceTree.Model.RepositoryRemoteProjectLink isn't INotifyPropertyChanged or IReactiveObject
2024-09-04T13:24:00: ReactiveList`1: Property change notifications are enabled and type SourceTree.Model.RepositoryRemoteProjectLink isn't INotifyPropertyChanged or IReactiveObject
2024-09-04T13:24:00: Could not obtain git dir,  is not a git repo.
2024-09-04T13:24:01: ScrollToItem idx:0 scrollHeight=83 offset=
2024-09-04T13:24:01: 2024/09/04 13:24:01 : REFRESHING DIFF
2024-09-04T13:24:40: 2024/09/04 13:24:40 : REFRESHING DIFF
2024-09-04T13:24:45: 2024/09/04 13:24:45 : REFRESHING DIFF
2024-09-04T13:25:01: 2024/09/04 13:25:01 : REFRESHING DIFF
2024-09-04T13:25:06: 2024/09/04 13:25:06 : REFRESHING DIFF
2024-09-04T13:25:08: 2024/09/04 13:25:08 : REFRESHING DIFF
2024-09-04T13:25:19: 2024/09/04 13:25:19 : REFRESHING DIFF
2024-09-04T13:25:25: 2024/09/04 13:25:25 : REFRESHING DIFF
2024-09-04T13:25:33: 2024/09/04 13:25:33 : REFRESHING DIFF
2024-09-04T13:25:36: 2024/09/04 13:25:36 : REFRESHING DIFF
2024-09-04T13:25:43: 2024/09/04 13:25:43 : REFRESHING DIFF
2024-09-04T13:25:54: 2024/09/04 13:25:54 : REFRESHING DIFF
2024-09-04T13:28:27: 2024/09/04 13:28:27 : REFRESHING DIFF
2024-09-04T13:28:30: 2024/09/04 13:28:30 : REFRESHING DIFF
2024-09-04T13:34:01: Checking remote repositories...
2024-09-04T13:34:01: Trying without host
2024-09-04T13:34:05: Trying without host
2024-09-04T13:34:08: Trying without host
2024-09-04T13:44:11: Checking remote repositories...
2024-09-04T13:44:11: Trying without host
2024-09-04T13:44:14: Trying without host
2024-09-04T13:44:17: Trying without host
2024-09-04T13:44:19: Trying without host
2024-09-04T13:54:22: Checking remote repositories...
2024-09-04T13:54:22: Trying without host
2024-09-04T13:54:27: Trying without host
2024-09-04T13:54:30: Trying without host
2024-09-04T13:54:32: Trying without host
2024-09-04T14:04:35: Checking remote repositories...
2024-09-04T14:04:35: Trying without host
2024-09-04T14:04:38: Trying without host
2024-09-04T14:04:42: Trying without host
2024-09-04T14:04:44: Trying without host
2024-09-04T14:14:47: Checking remote repositories...
2024-09-04T14:14:47: Trying without host
2024-09-04T14:14:50: Trying without host
2024-09-04T14:14:53: Trying without host
2024-09-04T14:14:55: Trying without host
