2024-09-02T10:14:03: LogHost: Initializing to normal mode
2024-09-02T10:14:05: ReactiveList`1: Property change notifications are enabled and type SourceTree.Model.RepositoryRemoteProjectLink isn't INotifyPropertyChanged or IReactiveObject
2024-09-02T10:14:05: ReactiveList`1: Property change notifications are enabled and type SourceTree.Model.RepositoryRemoteProjectLink isn't INotifyPropertyChanged or IReactiveObject
2024-09-02T10:14:05: ReactiveList`1: Property change notifications are enabled and type SourceTree.Model.RepositoryRemoteProjectLink isn't INotifyPropertyChanged or IReactiveObject
2024-09-02T10:14:05: ReactiveList`1: Property change notifications are enabled and type SourceTree.Model.RepositoryRemoteProjectLink isn't INotifyPropertyChanged or IReactiveObject
2024-09-02T10:14:05: ReactiveList`1: Property change notifications are enabled and type SourceTree.Model.RepositoryRemoteProjectLink isn't INotifyPropertyChanged or IReactiveObject
2024-09-02T10:14:05: Could not obtain git dir,  is not a git repo.
2024-09-02T10:14:06: ScrollToItem idx:0 scrollHeight=77 offset=
2024-09-02T10:14:11: Trying without host
2024-09-02T10:14:11: Trying without host
2024-09-02T10:14:15: ScrollToItem idx:0 scrollHeight=77 offset=
2024-09-02T10:14:29: ReactiveList`1: Property change notifications are enabled and type SourceTree.Model.RepositoryRemoteProjectLink isn't INotifyPropertyChanged or IReactiveObject
2024-09-02T10:14:29: ScrollToItem idx:3 scrollHeight=83 offset=2.47
2024-09-02T10:14:29: 2024/09/02 10:14:29 : REFRESHING DIFF
2024-09-02T10:14:35: Trying without host
2024-09-02T10:14:35: Trying without host
2024-09-02T10:14:37: 2024/09/02 10:14:37 : REFRESHING DIFF
2024-09-02T10:14:37: ScrollToItem idx:10 scrollHeight=83 offset=8.22
2024-09-02T10:14:38: 2024/09/02 10:14:38 : REFRESHING DIFF
2024-09-02T10:24:06: Checking remote repositories...
2024-09-02T10:34:06: Checking remote repositories...
2024-09-02T10:34:06: Trying without host
2024-09-02T10:34:09: Trying without host
2024-09-02T10:34:12: Trying without host
2024-09-02T10:34:15: Trying without host
2024-09-02T10:44:18: Checking remote repositories...
2024-09-02T10:44:18: Trying without host
2024-09-02T10:44:23: Trying without host
2024-09-02T10:44:26: Trying without host
2024-09-02T10:44:28: Trying without host
2024-09-02T10:54:31: Checking remote repositories...
2024-09-02T10:54:31: Trying without host
2024-09-02T10:54:36: Trying without host
2024-09-02T10:54:39: Trying without host
2024-09-02T10:54:41: Trying without host
2024-09-02T11:04:44: Checking remote repositories...
2024-09-02T11:04:44: Trying without host
2024-09-02T11:04:47: Trying without host
2024-09-02T11:04:50: Trying without host
2024-09-02T11:04:53: Trying without host
2024-09-02T11:14:56: Checking remote repositories...
2024-09-02T11:14:56: Trying without host
2024-09-02T11:14:59: Trying without host
2024-09-02T11:15:02: Trying without host
2024-09-02T11:15:05: Trying without host
2024-09-02T11:25:07: Checking remote repositories...
2024-09-02T11:25:07: Trying without host
2024-09-02T11:25:11: Trying without host
2024-09-02T11:25:13: Trying without host
2024-09-02T11:25:16: Trying without host
2024-09-02T11:35:19: Checking remote repositories...
2024-09-02T11:35:19: Trying without host
2024-09-02T11:35:22: Trying without host
2024-09-02T11:35:25: Trying without host
2024-09-02T11:35:27: Trying without host
2024-09-02T11:45:30: Checking remote repositories...
2024-09-02T11:45:30: Trying without host
2024-09-02T11:45:34: Trying without host
2024-09-02T11:45:37: Trying without host
2024-09-02T11:45:40: Trying without host
2024-09-02T11:50:40: Could not obtain git dir,  is not a git repo.
2024-09-02T11:50:45: ScrollToItem idx:0 scrollHeight=77 offset=
2024-09-02T11:50:50: 2024/09/02 11:50:50 : REFRESHING DIFF
2024-09-02T11:50:50: ScrollToItem idx:10 scrollHeight=83 offset=8.22
2024-09-02T11:50:50: 2024/09/02 11:50:50 : REFRESHING DIFF
2024-09-02T11:50:52: LogHost: SuppressChangeNotifications was called (perhaps via AddRange), yet you do not
2024-09-02T11:50:52: LogHost: have a subscription to ShouldReset. This probably isn't what you want, as ItemsAdded
2024-09-02T11:50:52: LogHost: and friends will appear to 'miss' items
2024-09-02T11:50:56: ReactiveList`1: Property change notifications are enabled and type SourceTree.Model.RepositoryRemoteProjectLink isn't INotifyPropertyChanged or IReactiveObject
2024-09-02T11:50:57: ScrollToItem idx:0 scrollHeight=77 offset=
2024-09-02T11:50:57: ScrollToItem idx:10 scrollHeight=83 offset=8.22
