2024-07-30T17:09:56: LogHost: Initializing to normal mode
2024-07-30T17:09:58: ReactiveList`1: Property change notifications are enabled and type SourceTree.Model.RepositoryRemoteProjectLink isn't INotifyPropertyChanged or IReactiveObject
2024-07-30T17:09:58: ReactiveList`1: Property change notifications are enabled and type SourceTree.Model.RepositoryRemoteProjectLink isn't INotifyPropertyChanged or IReactiveObject
2024-07-30T17:09:58: ReactiveList`1: Property change notifications are enabled and type SourceTree.Model.RepositoryRemoteProjectLink isn't INotifyPropertyChanged or IReactiveObject
2024-07-30T17:09:58: ReactiveList`1: Property change notifications are enabled and type SourceTree.Model.RepositoryRemoteProjectLink isn't INotifyPropertyChanged or IReactiveObject
2024-07-30T17:09:58: ReactiveList`1: Property change notifications are enabled and type SourceTree.Model.RepositoryRemoteProjectLink isn't INotifyPropertyChanged or IReactiveObject
2024-07-30T17:09:58: Could not obtain git dir,  is not a git repo.
2024-07-30T17:09:59: ScrollToItem idx:0 scrollHeight=52 offset=
2024-07-30T17:10:06: Trying without host
2024-07-30T17:10:06: Trying without host
2024-07-30T17:10:12: ReactiveList`1: Property change notifications are enabled and type SourceTree.Model.RepositoryRemoteProjectLink isn't INotifyPropertyChanged or IReactiveObject
2024-07-30T17:10:12: ScrollToItem idx:0 scrollHeight=87 offset=
2024-07-30T17:10:14: 2024/07/30 17:10:14 : REFRESHING DIFF
2024-07-30T17:10:19: ScrollToItem idx:0 scrollHeight=52 offset=
2024-07-30T17:10:21: Trying without host
2024-07-30T17:10:21: Trying without host
2024-07-30T17:10:24: ScrollToItem idx:0 scrollHeight=55 offset=
2024-07-30T17:10:25: 2024/07/30 17:10:25 : REFRESHING DIFF
2024-07-30T17:10:27: 2024/07/30 17:10:27 : REFRESHING DIFF
2024-07-30T17:10:28: 2024/07/30 17:10:28 : REFRESHING DIFF
2024-07-30T17:10:29: 2024/07/30 17:10:29 : REFRESHING DIFF
2024-07-30T17:10:29: 2024/07/30 17:10:29 : REFRESHING DIFF
2024-07-30T17:10:31: 2024/07/30 17:10:31 : REFRESHING DIFF
2024-07-30T17:10:34: 2024/07/30 17:10:34 : REFRESHING DIFF
2024-07-30T17:10:34: ScrollToItem idx:1 scrollHeight=87 offset=.85
2024-07-30T17:10:34: 2024/07/30 17:10:34 : REFRESHING DIFF
2024-07-30T17:10:39: 2024/07/30 17:10:39 : REFRESHING DIFF
2024-07-30T17:10:39: 2024/07/30 17:10:39 : REFRESHING DIFF
2024-07-30T17:10:42: 2024/07/30 17:10:42 : REFRESHING DIFF
2024-07-30T17:10:42: ScrollToItem idx:1 scrollHeight=55 offset=.79
2024-07-30T17:10:42: 2024/07/30 17:10:42 : REFRESHING DIFF
2024-07-30T17:10:43: 2024/07/30 17:10:43 : REFRESHING DIFF
2024-07-30T17:10:43: ScrollToItem idx:1 scrollHeight=87 offset=.85
2024-07-30T17:10:44: 2024/07/30 17:10:44 : REFRESHING DIFF
2024-07-30T17:19:59: Checking remote repositories...
2024-07-30T17:29:59: Checking remote repositories...
2024-07-30T17:29:59: Trying without host
2024-07-30T17:30:03: Trying without host
2024-07-30T17:30:07: Trying without host
2024-07-30T17:30:11: Trying without host
2024-07-30T17:40:14: Checking remote repositories...
2024-07-30T17:40:14: Trying without host
2024-07-30T17:40:17: Trying without host
2024-07-30T17:40:20: Trying without host
2024-07-30T17:40:22: Trying without host
2024-07-30T17:50:25: Checking remote repositories...
2024-07-30T17:50:25: Trying without host
2024-07-30T17:50:29: Trying without host
2024-07-30T17:50:32: Trying without host
2024-07-30T17:50:34: Trying without host
