2024-08-09T09:09:46: LogHost: Initializing to normal mode
2024-08-09T09:09:47: ReactiveList`1: Property change notifications are enabled and type SourceTree.Model.RepositoryRemoteProjectLink isn't INotifyPropertyChanged or IReactiveObject
2024-08-09T09:09:47: ReactiveList`1: Property change notifications are enabled and type SourceTree.Model.RepositoryRemoteProjectLink isn't INotifyPropertyChanged or IReactiveObject
2024-08-09T09:09:47: ReactiveList`1: Property change notifications are enabled and type SourceTree.Model.RepositoryRemoteProjectLink isn't INotifyPropertyChanged or IReactiveObject
2024-08-09T09:09:47: ReactiveList`1: Property change notifications are enabled and type SourceTree.Model.RepositoryRemoteProjectLink isn't INotifyPropertyChanged or IReactiveObject
2024-08-09T09:09:48: ReactiveList`1: Property change notifications are enabled and type SourceTree.Model.RepositoryRemoteProjectLink isn't INotifyPropertyChanged or IReactiveObject
2024-08-09T09:09:48: Could not obtain git dir,  is not a git repo.
2024-08-09T09:09:49: ScrollToItem idx:0 scrollHeight=60 offset=
2024-08-09T09:09:53: Trying without host
2024-08-09T09:09:53: Trying without host
2024-08-09T09:09:58: ScrollToItem idx:0 scrollHeight=65 offset=
2024-08-09T09:10:05: ReactiveList`1: Property change notifications are enabled and type SourceTree.Model.RepositoryRemoteProjectLink isn't INotifyPropertyChanged or IReactiveObject
2024-08-09T09:10:05: ScrollToItem idx:0 scrollHeight=86 offset=
2024-08-09T09:10:05: 2024/08/09 9:10:05 : REFRESHING DIFF
2024-08-09T09:10:07: Trying without host
2024-08-09T09:10:07: Trying without host
2024-08-09T09:10:10: 2024/08/09 9:10:10 : REFRESHING DIFF
2024-08-09T09:10:10: ScrollToItem idx:4 scrollHeight=86 offset=3.41
2024-08-09T09:10:10: 2024/08/09 9:10:10 : REFRESHING DIFF
2024-08-09T09:10:15: 2024/08/09 9:10:15 : REFRESHING DIFF
2024-08-09T09:19:49: Checking remote repositories...
2024-08-09T09:29:49: Checking remote repositories...
2024-08-09T09:29:49: Trying without host
2024-08-09T09:29:56: Trying without host
2024-08-09T09:29:58: Trying without host
2024-08-09T09:30:01: Trying without host
2024-08-09T09:40:04: Checking remote repositories...
2024-08-09T09:40:04: Trying without host
2024-08-09T09:40:07: Trying without host
2024-08-09T09:40:10: Trying without host
2024-08-09T09:40:13: Trying without host
2024-08-09T09:50:15: Checking remote repositories...
2024-08-09T09:50:15: Trying without host
2024-08-09T09:50:18: Trying without host
2024-08-09T09:50:21: Trying without host
2024-08-09T09:50:24: Trying without host
2024-08-09T10:00:27: Checking remote repositories...
2024-08-09T10:00:27: Trying without host
2024-08-09T10:00:32: Trying without host
2024-08-09T10:00:35: Trying without host
2024-08-09T10:00:37: Trying without host
2024-08-09T10:10:40: Checking remote repositories...
2024-08-09T10:10:40: Trying without host
2024-08-09T10:10:43: Trying without host
2024-08-09T10:10:47: Trying without host
2024-08-09T10:10:49: Trying without host
2024-08-09T10:20:52: Checking remote repositories...
2024-08-09T10:20:52: Trying without host
2024-08-09T10:20:57: Trying without host
2024-08-09T10:21:00: Trying without host
2024-08-09T10:21:02: Trying without host
2024-08-09T10:31:05: Checking remote repositories...
2024-08-09T10:31:05: Trying without host
2024-08-09T10:31:10: Trying without host
2024-08-09T10:31:12: Trying without host
2024-08-09T10:31:16: Trying without host
2024-08-09T10:41:18: Checking remote repositories...
2024-08-09T10:41:18: Trying without host
2024-08-09T10:41:21: Trying without host
2024-08-09T10:41:24: Trying without host
2024-08-09T10:41:27: Trying without host
2024-08-09T10:51:30: Checking remote repositories...
2024-08-09T10:51:30: Trying without host
2024-08-09T10:51:35: Trying without host
2024-08-09T10:51:37: Trying without host
2024-08-09T10:51:41: Trying without host
2024-08-09T11:01:43: Checking remote repositories...
2024-08-09T11:01:43: Trying without host
2024-08-09T11:01:48: Trying without host
2024-08-09T11:01:51: Trying without host
2024-08-09T11:01:54: Trying without host
2024-08-09T11:11:57: Checking remote repositories...
2024-08-09T11:11:57: Trying without host
2024-08-09T11:12:00: Trying without host
2024-08-09T11:12:02: Trying without host
2024-08-09T11:12:05: Trying without host
2024-08-09T11:22:08: Checking remote repositories...
2024-08-09T11:22:08: Trying without host
2024-08-09T11:22:11: Trying without host
2024-08-09T11:22:14: Trying without host
2024-08-09T11:22:17: Trying without host
2024-08-09T11:32:20: Checking remote repositories...
2024-08-09T11:32:20: Trying without host
2024-08-09T11:32:25: Trying without host
2024-08-09T11:32:28: Trying without host
2024-08-09T11:32:30: Trying without host
2024-08-09T11:42:33: Checking remote repositories...
2024-08-09T11:42:33: Trying without host
2024-08-09T11:42:36: Trying without host
2024-08-09T11:42:39: Trying without host
2024-08-09T11:42:42: Trying without host
2024-08-09T11:52:44: Checking remote repositories...
2024-08-09T11:52:45: Trying without host
2024-08-09T11:52:48: Trying without host
2024-08-09T11:52:51: Trying without host
2024-08-09T11:52:53: Trying without host
2024-08-09T12:02:56: Checking remote repositories...
2024-08-09T12:02:56: Trying without host
2024-08-09T12:03:01: Trying without host
2024-08-09T12:03:04: Trying without host
2024-08-09T12:03:07: Trying without host
2024-08-09T12:13:09: Checking remote repositories...
2024-08-09T12:13:09: Trying without host
2024-08-09T12:13:15: Trying without host
2024-08-09T12:13:17: Trying without host
2024-08-09T12:13:20: Trying without host
2024-08-09T12:23:23: Checking remote repositories...
2024-08-09T12:23:23: Trying without host
2024-08-09T12:23:29: Trying without host
2024-08-09T12:23:31: Trying without host
2024-08-09T12:23:34: Trying without host
2024-08-09T12:33:37: Checking remote repositories...
2024-08-09T12:33:37: Trying without host
2024-08-09T12:33:40: Trying without host
2024-08-09T12:33:43: Trying without host
2024-08-09T12:33:46: Trying without host
2024-08-09T12:43:48: Checking remote repositories...
2024-08-09T12:43:48: Trying without host
2024-08-09T12:43:52: Trying without host
2024-08-09T12:43:54: Trying without host
2024-08-09T12:43:57: Trying without host
2024-08-09T12:54:00: Checking remote repositories...
2024-08-09T12:54:00: Trying without host
2024-08-09T12:54:03: Trying without host
2024-08-09T12:54:06: Trying without host
2024-08-09T12:54:09: Trying without host
2024-08-09T13:04:11: Checking remote repositories...
2024-08-09T13:04:11: Trying without host
2024-08-09T13:04:16: Trying without host
2024-08-09T13:04:19: Trying without host
2024-08-09T13:04:22: Trying without host
2024-08-09T13:14:25: Checking remote repositories...
2024-08-09T13:14:25: Trying without host
2024-08-09T13:14:30: Trying without host
2024-08-09T13:14:33: Trying without host
2024-08-09T13:14:35: Trying without host
2024-08-09T13:24:38: Checking remote repositories...
2024-08-09T13:24:38: Trying without host
2024-08-09T13:24:42: Trying without host
2024-08-09T13:24:45: Trying without host
2024-08-09T13:24:47: Trying without host
