2024-08-01T09:24:33: LogHost: Initializing to normal mode
2024-08-01T09:24:35: ReactiveList`1: Property change notifications are enabled and type SourceTree.Model.RepositoryRemoteProjectLink isn't INotifyPropertyChanged or IReactiveObject
2024-08-01T09:24:35: ReactiveList`1: Property change notifications are enabled and type SourceTree.Model.RepositoryRemoteProjectLink isn't INotifyPropertyChanged or IReactiveObject
2024-08-01T09:24:35: ReactiveList`1: Property change notifications are enabled and type SourceTree.Model.RepositoryRemoteProjectLink isn't INotifyPropertyChanged or IReactiveObject
2024-08-01T09:24:35: ReactiveList`1: Property change notifications are enabled and type SourceTree.Model.RepositoryRemoteProjectLink isn't INotifyPropertyChanged or IReactiveObject
2024-08-01T09:24:35: ReactiveList`1: Property change notifications are enabled and type SourceTree.Model.RepositoryRemoteProjectLink isn't INotifyPropertyChanged or IReactiveObject
2024-08-01T09:24:35: Could not obtain git dir,  is not a git repo.
2024-08-01T09:24:36: ScrollToItem idx:0 scrollHeight=57 offset=
2024-08-01T09:24:42: Trying without host
2024-08-01T09:24:42: Trying without host
2024-08-01T09:24:45: ScrollToItem idx:0 scrollHeight=57 offset=
2024-08-01T09:24:48: ReactiveList`1: Property change notifications are enabled and type SourceTree.Model.RepositoryRemoteProjectLink isn't INotifyPropertyChanged or IReactiveObject
2024-08-01T09:24:48: ScrollToItem idx:0 scrollHeight=87 offset=
2024-08-01T09:24:50: Trying without host
2024-08-01T09:24:50: Trying without host
2024-08-01T09:24:53: ScrollToItem idx:0 scrollHeight=87 offset=
2024-08-01T09:34:36: Checking remote repositories...
2024-08-01T09:41:46: Could not obtain git dir,  is not a git repo.
2024-08-01T09:41:52: ScrollToItem idx:0 scrollHeight=57 offset=
2024-08-01T09:42:41: 2024/08/01 9:42:41 : REFRESHING DIFF
2024-08-01T09:44:36: Checking remote repositories...
2024-08-01T09:44:36: Trying without host
2024-08-01T09:44:41: Trying without host
2024-08-01T09:44:43: Trying without host
2024-08-01T09:44:46: Trying without host
2024-08-01T09:54:49: Checking remote repositories...
2024-08-01T09:54:49: Trying without host
2024-08-01T09:54:53: Trying without host
2024-08-01T09:54:55: Trying without host
2024-08-01T09:54:58: Trying without host
2024-08-01T10:05:01: Checking remote repositories...
2024-08-01T10:05:01: Trying without host
2024-08-01T10:05:04: Trying without host
2024-08-01T10:05:08: Trying without host
2024-08-01T10:05:10: Trying without host
2024-08-01T10:15:13: Checking remote repositories...
2024-08-01T10:15:13: Trying without host
2024-08-01T10:15:16: Trying without host
2024-08-01T10:15:19: Trying without host
2024-08-01T10:15:22: Trying without host
