2024-07-29T14:35:55: LogHost: Initializing to normal mode
2024-07-29T14:35:57: ReactiveList`1: Property change notifications are enabled and type SourceTree.Model.RepositoryRemoteProjectLink isn't INotifyPropertyChanged or IReactiveObject
2024-07-29T14:35:57: ReactiveList`1: Property change notifications are enabled and type SourceTree.Model.RepositoryRemoteProjectLink isn't INotifyPropertyChanged or IReactiveObject
2024-07-29T14:35:57: ReactiveList`1: Property change notifications are enabled and type SourceTree.Model.RepositoryRemoteProjectLink isn't INotifyPropertyChanged or IReactiveObject
2024-07-29T14:35:57: ReactiveList`1: Property change notifications are enabled and type SourceTree.Model.RepositoryRemoteProjectLink isn't INotifyPropertyChanged or IReactiveObject
2024-07-29T14:35:57: ReactiveList`1: Property change notifications are enabled and type SourceTree.Model.RepositoryRemoteProjectLink isn't INotifyPropertyChanged or IReactiveObject
2024-07-29T14:35:57: Could not obtain git dir,  is not a git repo.
2024-07-29T14:35:58: ScrollToItem idx:0 scrollHeight=51 offset=
2024-07-29T14:36:03: 2024/07/29 14:36:03 : REFRESHING DIFF
2024-07-29T14:36:09: ReactiveList`1: Property change notifications are enabled and type SourceTree.Model.RepositoryRemoteProjectLink isn't INotifyPropertyChanged or IReactiveObject
2024-07-29T14:36:09: ScrollToItem idx:0 scrollHeight=86 offset=
2024-07-29T14:36:18: 2024/07/29 14:36:18 : REFRESHING DIFF
2024-07-29T14:36:28: 2024/07/29 14:36:28 : REFRESHING DIFF
2024-07-29T14:36:28: ScrollToItem idx:1 scrollHeight=51 offset=.76
2024-07-29T14:36:28: 2024/07/29 14:36:28 : REFRESHING DIFF
2024-07-29T14:36:30: 2024/07/29 14:36:30 : REFRESHING DIFF
2024-07-29T14:45:58: Checking remote repositories...
2024-07-29T14:45:58: Trying without host
2024-07-29T14:46:02: Trying without host
2024-07-29T14:56:05: Checking remote repositories...
2024-07-29T14:56:05: Trying without host
2024-07-29T14:56:10: Trying without host
2024-07-29T14:56:13: Trying without host
2024-07-29T14:56:16: Trying without host
2024-07-29T15:06:19: Checking remote repositories...
2024-07-29T15:06:19: Trying without host
2024-07-29T15:06:22: Trying without host
2024-07-29T15:06:25: Trying without host
2024-07-29T15:06:28: Trying without host
