2024-07-05T09:07:55: LogHost: Initializing to normal mode
2024-07-05T09:07:57: ReactiveList`1: Property change notifications are enabled and type SourceTree.Model.RepositoryRemoteProjectLink isn't INotifyPropertyChanged or IReactiveObject
2024-07-05T09:07:57: ReactiveList`1: Property change notifications are enabled and type SourceTree.Model.RepositoryRemoteProjectLink isn't INotifyPropertyChanged or IReactiveObject
2024-07-05T09:07:57: ReactiveList`1: Property change notifications are enabled and type SourceTree.Model.RepositoryRemoteProjectLink isn't INotifyPropertyChanged or IReactiveObject
2024-07-05T09:07:57: Could not obtain git dir,  is not a git repo.
2024-07-05T09:07:58: ScrollToItem idx:0 scrollHeight=86 offset=
2024-07-05T09:09:02: ScrollToItem idx:0 scrollHeight=86 offset=
2024-07-05T09:17:58: Checking remote repositories...
2024-07-05T09:17:58: Trying without host
2024-07-05T09:28:03: Checking remote repositories...
2024-07-05T09:28:03: Trying without host
2024-07-05T09:28:07: Trying without host
2024-07-05T09:38:09: Checking remote repositories...
2024-07-05T09:38:09: Trying without host
2024-07-05T09:38:13: Trying without host
2024-07-05T09:48:15: Checking remote repositories...
2024-07-05T09:48:15: Trying without host
2024-07-05T09:48:20: Trying without host
2024-07-05T09:58:23: Checking remote repositories...
2024-07-05T09:58:23: Trying without host
2024-07-05T09:58:26: Trying without host
2024-07-05T10:08:29: Checking remote repositories...
2024-07-05T10:08:29: Trying without host
2024-07-05T10:08:32: Trying without host
2024-07-05T10:18:35: Checking remote repositories...
2024-07-05T10:18:35: Trying without host
2024-07-05T10:18:39: Trying without host
2024-07-05T10:28:42: Checking remote repositories...
2024-07-05T10:28:42: Trying without host
2024-07-05T10:28:47: Trying without host
2024-07-05T10:38:50: Checking remote repositories...
2024-07-05T10:38:50: Trying without host
2024-07-05T10:38:53: Trying without host
2024-07-05T10:48:56: Checking remote repositories...
2024-07-05T10:48:56: Trying without host
2024-07-05T10:48:59: Trying without host
2024-07-05T10:59:02: Checking remote repositories...
2024-07-05T10:59:02: Trying without host
2024-07-05T10:59:05: Trying without host
2024-07-05T11:09:08: Checking remote repositories...
2024-07-05T11:09:08: Trying without host
2024-07-05T11:09:12: Trying without host
2024-07-05T11:19:14: Checking remote repositories...
2024-07-05T11:19:14: Trying without host
2024-07-05T11:19:19: Trying without host
2024-07-05T11:29:22: Checking remote repositories...
2024-07-05T11:29:22: Trying without host
2024-07-05T11:29:27: Trying without host
2024-07-05T11:39:30: Checking remote repositories...
2024-07-05T11:39:30: Trying without host
2024-07-05T11:39:34: Trying without host
2024-07-05T11:49:36: Checking remote repositories...
2024-07-05T11:49:36: Trying without host
2024-07-05T11:49:40: Trying without host
2024-07-05T11:59:43: Checking remote repositories...
2024-07-05T11:59:43: Trying without host
2024-07-05T11:59:46: Trying without host
2024-07-05T12:09:50: Checking remote repositories...
2024-07-05T12:09:50: Trying without host
2024-07-05T12:09:53: Trying without host
2024-07-05T12:19:57: Checking remote repositories...
2024-07-05T12:19:57: Trying without host
2024-07-05T12:20:00: Trying without host
2024-07-05T12:30:03: Checking remote repositories...
2024-07-05T12:30:03: Trying without host
2024-07-05T12:30:08: Trying without host
2024-07-05T12:40:11: Checking remote repositories...
2024-07-05T12:40:11: Trying without host
2024-07-05T12:40:14: Trying without host
2024-07-05T12:50:17: Checking remote repositories...
2024-07-05T12:50:17: Trying without host
2024-07-05T12:50:21: Trying without host
2024-07-05T13:00:23: Checking remote repositories...
2024-07-05T13:00:23: Trying without host
2024-07-05T13:00:28: Trying without host
2024-07-05T13:10:31: Checking remote repositories...
2024-07-05T13:10:31: Trying without host
2024-07-05T13:10:34: Trying without host
2024-07-05T13:20:37: Checking remote repositories...
2024-07-05T13:20:37: Trying without host
2024-07-05T13:20:40: Trying without host
2024-07-05T13:30:43: Checking remote repositories...
2024-07-05T13:30:43: Trying without host
2024-07-05T13:30:48: Trying without host
2024-07-05T13:40:51: Checking remote repositories...
2024-07-05T13:40:51: Trying without host
2024-07-05T13:40:54: Trying without host
2024-07-05T13:50:58: Checking remote repositories...
2024-07-05T13:50:58: Trying without host
2024-07-05T13:51:01: Trying without host
2024-07-05T14:01:04: Checking remote repositories...
2024-07-05T14:01:04: Trying without host
2024-07-05T14:01:07: Trying without host
2024-07-05T14:11:11: Checking remote repositories...
2024-07-05T14:11:11: Trying without host
2024-07-05T14:11:14: Trying without host
2024-07-05T14:21:17: Checking remote repositories...
2024-07-05T14:21:17: Trying without host
2024-07-05T14:21:20: Trying without host
2024-07-05T14:31:23: Checking remote repositories...
2024-07-05T14:31:23: Trying without host
2024-07-05T14:31:28: Trying without host
2024-07-05T14:41:31: Checking remote repositories...
2024-07-05T14:41:31: Trying without host
2024-07-05T14:41:34: Trying without host
2024-07-05T14:51:37: Checking remote repositories...
2024-07-05T14:51:37: Trying without host
2024-07-05T14:51:42: Trying without host
2024-07-05T15:01:45: Checking remote repositories...
2024-07-05T15:01:45: Trying without host
2024-07-05T15:01:48: Trying without host
2024-07-05T15:11:51: Checking remote repositories...
2024-07-05T15:11:51: Trying without host
2024-07-05T15:11:54: Trying without host
2024-07-05T15:21:57: Checking remote repositories...
2024-07-05T15:21:57: Trying without host
2024-07-05T15:22:00: Trying without host
2024-07-05T15:32:03: Checking remote repositories...
2024-07-05T15:32:03: Trying without host
2024-07-05T15:32:07: Trying without host
2024-07-05T15:42:09: Checking remote repositories...
2024-07-05T15:42:09: Trying without host
2024-07-05T15:42:14: Trying without host
