2024-08-27T09:15:49: LogHost: Initializing to normal mode
2024-08-27T09:15:51: ReactiveList`1: Property change notifications are enabled and type SourceTree.Model.RepositoryRemoteProjectLink isn't INotifyPropertyChanged or IReactiveObject
2024-08-27T09:15:51: ReactiveList`1: Property change notifications are enabled and type SourceTree.Model.RepositoryRemoteProjectLink isn't INotifyPropertyChanged or IReactiveObject
2024-08-27T09:15:51: ReactiveList`1: Property change notifications are enabled and type SourceTree.Model.RepositoryRemoteProjectLink isn't INotifyPropertyChanged or IReactiveObject
2024-08-27T09:15:51: ReactiveList`1: Property change notifications are enabled and type SourceTree.Model.RepositoryRemoteProjectLink isn't INotifyPropertyChanged or IReactiveObject
2024-08-27T09:15:51: ReactiveList`1: Property change notifications are enabled and type SourceTree.Model.RepositoryRemoteProjectLink isn't INotifyPropertyChanged or IReactiveObject
2024-08-27T09:15:51: Could not obtain git dir,  is not a git repo.
2024-08-27T09:15:52: ScrollToItem idx:0 scrollHeight=77 offset=
2024-08-27T09:16:04: Trying without host
2024-08-27T09:16:04: Trying without host
2024-08-27T09:16:11: ReactiveList`1: Property change notifications are enabled and type SourceTree.Model.RepositoryRemoteProjectLink isn't INotifyPropertyChanged or IReactiveObject
2024-08-27T09:16:11: ScrollToItem idx:1 scrollHeight=83 offset=.82
2024-08-27T09:16:12: 2024/08/27 9:16:12 : REFRESHING DIFF
2024-08-27T09:16:16: Trying without host
2024-08-27T09:16:16: Trying without host
2024-08-27T09:16:18: 2024/08/27 9:16:18 : REFRESHING DIFF
2024-08-27T09:16:18: ScrollToItem idx:1 scrollHeight=83 offset=.82
2024-08-27T09:16:18: 2024/08/27 9:16:18 : REFRESHING DIFF
2024-08-27T09:16:20: ScrollToItem idx:0 scrollHeight=77 offset=
2024-08-27T09:16:26: Trying without host
2024-08-27T09:16:26: Trying without host
2024-08-27T09:16:28: ScrollToItem idx:0 scrollHeight=77 offset=
