2024-08-23T10:53:36: LogHost: Initializing to normal mode
2024-08-23T10:53:37: ReactiveList`1: Property change notifications are enabled and type SourceTree.Model.RepositoryRemoteProjectLink isn't INotifyPropertyChanged or IReactiveObject
2024-08-23T10:53:37: ReactiveList`1: Property change notifications are enabled and type SourceTree.Model.RepositoryRemoteProjectLink isn't INotifyPropertyChanged or IReactiveObject
2024-08-23T10:53:37: ReactiveList`1: Property change notifications are enabled and type SourceTree.Model.RepositoryRemoteProjectLink isn't INotifyPropertyChanged or IReactiveObject
2024-08-23T10:53:37: ReactiveList`1: Property change notifications are enabled and type SourceTree.Model.RepositoryRemoteProjectLink isn't INotifyPropertyChanged or IReactiveObject
2024-08-23T10:53:37: ReactiveList`1: Property change notifications are enabled and type SourceTree.Model.RepositoryRemoteProjectLink isn't INotifyPropertyChanged or IReactiveObject
2024-08-23T10:53:37: Could not obtain git dir,  is not a git repo.
2024-08-23T10:53:39: ScrollToItem idx:0 scrollHeight=81 offset=
2024-08-23T10:53:49: ReactiveList`1: Property change notifications are enabled and type SourceTree.Model.RepositoryRemoteProjectLink isn't INotifyPropertyChanged or IReactiveObject
2024-08-23T10:53:49: ScrollToItem idx:0 scrollHeight=75 offset=
2024-08-23T10:53:54: 2024/08/23 10:53:54 : REFRESHING DIFF
2024-08-23T11:03:38: Checking remote repositories...
2024-08-23T11:13:38: Checking remote repositories...
2024-08-23T11:13:38: Trying without host
2024-08-23T11:13:44: Trying without host
2024-08-23T11:13:47: Trying without host
2024-08-23T11:13:50: Trying without host
2024-08-23T11:23:53: Checking remote repositories...
2024-08-23T11:23:53: Trying without host
2024-08-23T11:23:56: Trying without host
2024-08-23T11:23:59: Trying without host
2024-08-23T11:24:03: Trying without host
2024-08-23T11:34:05: Checking remote repositories...
2024-08-23T11:34:05: Trying without host
2024-08-23T11:34:09: Trying without host
2024-08-23T11:34:11: Trying without host
2024-08-23T11:34:15: Trying without host
2024-08-23T11:44:17: Checking remote repositories...
2024-08-23T11:44:17: Trying without host
2024-08-23T11:44:22: Trying without host
2024-08-23T11:44:25: Trying without host
2024-08-23T11:44:28: Trying without host
2024-08-23T11:54:31: Checking remote repositories...
2024-08-23T11:54:31: Trying without host
2024-08-23T11:54:35: Trying without host
2024-08-23T11:54:37: Trying without host
2024-08-23T11:54:41: Trying without host
2024-08-23T12:04:44: Checking remote repositories...
2024-08-23T12:04:44: Trying without host
2024-08-23T12:04:47: Trying without host
2024-08-23T12:04:50: Trying without host
2024-08-23T12:04:53: Trying without host
2024-08-23T12:14:56: Checking remote repositories...
2024-08-23T12:14:56: Trying without host
2024-08-23T12:15:01: Trying without host
2024-08-23T12:15:04: Trying without host
2024-08-23T12:15:07: Trying without host
2024-08-23T12:25:10: Checking remote repositories...
2024-08-23T12:25:10: Trying without host
2024-08-23T12:25:13: Trying without host
2024-08-23T12:25:15: Trying without host
2024-08-23T12:25:19: Trying without host
2024-08-23T12:35:21: Checking remote repositories...
2024-08-23T12:35:21: Trying without host
2024-08-23T12:35:25: Trying without host
2024-08-23T12:35:28: Trying without host
2024-08-23T12:35:30: Trying without host
2024-08-23T12:45:33: Checking remote repositories...
2024-08-23T12:45:33: Trying without host
2024-08-23T12:45:38: Trying without host
2024-08-23T12:45:41: Trying without host
2024-08-23T12:45:44: Trying without host
2024-08-23T12:55:46: Checking remote repositories...
2024-08-23T12:55:46: Trying without host
2024-08-23T12:55:50: Trying without host
2024-08-23T12:55:53: Trying without host
2024-08-23T12:55:55: Trying without host
2024-08-23T13:03:11: 2024/08/23 13:03:11 : REFRESHING DIFF
2024-08-23T13:05:58: Checking remote repositories...
2024-08-23T13:05:58: Trying without host
2024-08-23T13:06:01: Trying without host
2024-08-23T13:06:04: Trying without host
2024-08-23T13:06:07: Trying without host
2024-08-23T13:16:09: Checking remote repositories...
2024-08-23T13:16:09: Trying without host
2024-08-23T13:16:14: Trying without host
2024-08-23T13:16:17: Trying without host
2024-08-23T13:16:20: Trying without host
2024-08-23T13:26:22: Checking remote repositories...
2024-08-23T13:26:22: Trying without host
2024-08-23T13:26:26: Trying without host
2024-08-23T13:26:28: Trying without host
2024-08-23T13:26:31: Trying without host
2024-08-23T13:36:34: Checking remote repositories...
2024-08-23T13:36:34: Trying without host
2024-08-23T13:36:37: Trying without host
2024-08-23T13:36:40: Trying without host
2024-08-23T13:36:43: Trying without host
2024-08-23T13:39:33: 2024/08/23 13:39:33 : REFRESHING DIFF
2024-08-23T13:39:34: 2024/08/23 13:39:34 : REFRESHING DIFF
2024-08-23T13:39:36: 2024/08/23 13:39:36 : REFRESHING DIFF
2024-08-23T13:39:45: 2024/08/23 13:39:45 : REFRESHING DIFF
2024-08-23T13:39:46: 2024/08/23 13:39:46 : REFRESHING DIFF
2024-08-23T13:46:46: Checking remote repositories...
2024-08-23T13:46:46: Trying without host
2024-08-23T13:46:51: Trying without host
2024-08-23T13:46:54: Trying without host
2024-08-23T13:46:57: Trying without host
2024-08-23T13:56:59: Checking remote repositories...
2024-08-23T13:56:59: Trying without host
2024-08-23T13:57:03: Trying without host
2024-08-23T13:57:05: Trying without host
2024-08-23T13:57:08: Trying without host
2024-08-23T14:05:48: ScrollToItem idx:1 scrollHeight=81 offset=.8
2024-08-23T14:05:51: 2024/08/23 14:05:51 : REFRESHING DIFF
2024-08-23T14:05:55: 2024/08/23 14:05:55 : REFRESHING DIFF
2024-08-23T14:05:55: ScrollToItem idx:7 scrollHeight=75 offset=5.53
2024-08-23T14:05:55: 2024/08/23 14:05:55 : REFRESHING DIFF
2024-08-23T14:05:59: 2024/08/23 14:05:59 : REFRESHING DIFF
2024-08-23T14:05:59: ScrollToItem idx:4 scrollHeight=81 offset=3.21
2024-08-23T14:05:59: 2024/08/23 14:05:59 : REFRESHING DIFF
2024-08-23T14:06:09: 2024/08/23 14:06:09 : REFRESHING DIFF
2024-08-23T14:06:09: ScrollToItem idx:7 scrollHeight=75 offset=5.53
2024-08-23T14:06:09: 2024/08/23 14:06:09 : REFRESHING DIFF
2024-08-23T14:06:13: 2024/08/23 14:06:13 : REFRESHING DIFF
2024-08-23T14:06:13: ScrollToItem idx:4 scrollHeight=81 offset=3.21
2024-08-23T14:06:13: 2024/08/23 14:06:13 : REFRESHING DIFF
2024-08-23T14:06:18: 2024/08/23 14:06:18 : REFRESHING DIFF
2024-08-23T14:06:18: ScrollToItem idx:7 scrollHeight=75 offset=5.53
2024-08-23T14:06:18: 2024/08/23 14:06:18 : REFRESHING DIFF
2024-08-23T14:06:22: 2024/08/23 14:06:22 : REFRESHING DIFF
2024-08-23T14:06:22: ScrollToItem idx:4 scrollHeight=81 offset=3.21
2024-08-23T14:06:22: 2024/08/23 14:06:22 : REFRESHING DIFF
2024-08-23T14:07:10: Checking remote repositories...
2024-08-23T14:07:10: Trying without host
2024-08-23T14:07:14: Trying without host
2024-08-23T14:07:16: Trying without host
2024-08-23T14:07:19: Trying without host
2024-08-23T14:17:22: Checking remote repositories...
2024-08-23T14:17:22: Trying without host
2024-08-23T14:17:27: Trying without host
2024-08-23T14:17:30: Trying without host
2024-08-23T14:17:32: Trying without host
2024-08-23T14:27:35: Checking remote repositories...
2024-08-23T14:27:35: Trying without host
2024-08-23T14:27:38: Trying without host
2024-08-23T14:27:41: Trying without host
2024-08-23T14:27:44: Trying without host
2024-08-23T14:37:47: Checking remote repositories...
2024-08-23T14:37:47: Trying without host
2024-08-23T14:37:51: Trying without host
2024-08-23T14:37:53: Trying without host
2024-08-23T14:37:56: Trying without host
2024-08-23T14:47:59: Checking remote repositories...
2024-08-23T14:47:59: Trying without host
2024-08-23T14:48:02: Trying without host
2024-08-23T14:48:05: Trying without host
2024-08-23T14:48:08: Trying without host
2024-08-23T14:58:10: Checking remote repositories...
2024-08-23T14:58:10: Trying without host
2024-08-23T14:58:15: Trying without host
2024-08-23T14:58:18: Trying without host
2024-08-23T14:58:21: Trying without host
2024-08-23T15:08:23: Checking remote repositories...
2024-08-23T15:08:23: Trying without host
2024-08-23T15:08:26: Trying without host
2024-08-23T15:08:29: Trying without host
2024-08-23T15:08:32: Trying without host
2024-08-23T15:18:35: Checking remote repositories...
2024-08-23T15:18:35: Trying without host
2024-08-23T15:18:40: Trying without host
2024-08-23T15:18:43: Trying without host
2024-08-23T15:18:45: Trying without host
2024-08-23T15:28:48: Checking remote repositories...
2024-08-23T15:28:48: Trying without host
2024-08-23T15:28:51: Trying without host
2024-08-23T15:28:54: Trying without host
2024-08-23T15:28:57: Trying without host
2024-08-23T15:39:00: Checking remote repositories...
2024-08-23T15:39:00: Trying without host
2024-08-23T15:39:03: Trying without host
2024-08-23T15:39:06: Trying without host
2024-08-23T15:39:08: Trying without host
2024-08-23T15:49:11: Checking remote repositories...
2024-08-23T15:49:11: Trying without host
2024-08-23T15:49:15: Trying without host
2024-08-23T15:49:18: Trying without host
2024-08-23T15:49:21: Trying without host
2024-08-23T15:59:24: Checking remote repositories...
2024-08-23T15:59:24: Trying without host
2024-08-23T15:59:27: Trying without host
2024-08-23T15:59:29: Trying without host
2024-08-23T15:59:32: Trying without host
2024-08-23T16:09:35: Checking remote repositories...
2024-08-23T16:09:35: Trying without host
2024-08-23T16:09:38: Trying without host
2024-08-23T16:09:41: Trying without host
2024-08-23T16:09:44: Trying without host
2024-08-23T16:19:46: Checking remote repositories...
2024-08-23T16:19:46: Trying without host
2024-08-23T16:19:51: Trying without host
2024-08-23T16:19:54: Trying without host
2024-08-23T16:19:57: Trying without host
2024-08-23T16:30:00: Checking remote repositories...
2024-08-23T16:30:00: Trying without host
2024-08-23T16:30:05: Trying without host
2024-08-23T16:30:08: Trying without host
2024-08-23T16:30:10: Trying without host
2024-08-23T16:40:13: Checking remote repositories...
2024-08-23T16:40:13: Trying without host
2024-08-23T16:40:16: Trying without host
2024-08-23T16:40:19: Trying without host
2024-08-23T16:40:22: Trying without host
2024-08-23T16:50:25: Checking remote repositories...
2024-08-23T16:50:25: Trying without host
2024-08-23T16:50:28: Trying without host
2024-08-23T16:50:30: Trying without host
2024-08-23T16:50:33: Trying without host
2024-08-23T17:00:36: Checking remote repositories...
2024-08-23T17:00:36: Trying without host
2024-08-23T17:00:39: Trying without host
2024-08-23T17:00:41: Trying without host
2024-08-23T17:00:44: Trying without host
2024-08-23T17:02:55: ScrollToItem idx:1 scrollHeight=81 offset=.8
2024-08-23T17:03:04: Trying without host
2024-08-23T17:03:04: Trying without host
2024-08-23T17:03:07: ScrollToItem idx:1 scrollHeight=81 offset=.8
2024-08-23T17:03:09: 2024/08/23 17:03:09 : REFRESHING DIFF
2024-08-23T17:03:09: ScrollToItem idx:7 scrollHeight=75 offset=5.53
2024-08-23T17:03:09: 2024/08/23 17:03:09 : REFRESHING DIFF
