00:00:00.025944 VirtualBox DHCP Server 7.0.18 r162988 win.amd64 (May  2 2024 10:02:16) release log
00:00:00.025946 Log opened 2024-08-30T04:21:47.427365500Z
00:00:00.025946 Build Type: release
00:00:00.025948 OS Product: Windows 10
00:00:00.025949 OS Release: 10.0.19045
00:00:00.025949 OS Service Pack: 
00:00:00.232161 DMI Product Name: OptiPlex SFF Plus 7010
00:00:00.242349 DMI Product Version: 
00:00:00.242356 Firmware type: UEFI
00:00:00.242899 Secure Boot: VERR_PRIVILEGE_NOT_HELD
00:00:00.242912 Host RAM: 16072MB (15.6GB) total, 6094MB (5.9GB) available
00:00:00.242914 Executable: C:\Program Files\Oracle\VirtualBox\VBoxNetDHCP.exe
00:00:00.242915 Process ID: 22476
00:00:00.242915 Package type: WINDOWS_64BITS_GENERIC
00:00:00.242990 --config:  HostInterfaceNetworking-VirtualBox Host-Only Ethernet Adapter
00:00:00.242994 --comment: HostInterfaceNetworking-VirtualBox Host-Only Ethernet Adapter
00:00:00.348028 IP address:   192.168.56.100/24
00:00:00.348039 Address pool: 192.168.56.101 - 192.168.56.254
00:00:00.348053 MAC address is not specified: will use generated MAC 08:00:27:34:61:15
00:00:00.348057 Db::i_enterFixedAddressAssignment: 08:00:27:34:61:15: 192.168.56.100
00:00:00.348061 loading leases from C:\Users\y.kojima\.VirtualBox\HostInterfaceNetworking-VirtualBox Host-Only Ethernet Adapter-Dhcpd.leases
00:00:00.349956 > LOAD:         lease 192.168.56.107 to [01:08:00:27:16:25:79] (08:00:27:16:25:79), expired, valid from 2024-06-24T04:49:49Z for 600s until 2024-06-24T04:59:49Z
00:00:00.349967 > LOAD:         lease 192.168.56.106 to [01:08:00:27:22:d0:47] (08:00:27:22:d0:47), expired, valid from 2024-06-25T02:52:18Z for 600s until 2024-06-25T03:02:18Z
00:00:00.349971 > LOAD: EXPIRED lease 192.168.56.105 to 08:00:27:71:8b:04, expired, valid from 2024-08-30T04:04:29Z for 600s until 2024-08-30T04:14:29Z
00:00:00.349975 > LOAD:         lease 192.168.56.104 to 08:00:27:38:7c:b7, expired, valid from 2024-06-20T08:22:57Z for 600s until 2024-06-20T08:32:57Z
00:00:00.349977 > LOAD:         lease 192.168.56.103 to 08:00:27:5e:fc:b8, expired, valid from 2024-06-19T07:49:10Z for 600s until 2024-06-19T07:59:10Z
00:00:00.349980 > LOAD:         lease 192.168.56.102 to 08:00:27:0f:58:7c, expired, valid from 2024-06-19T05:41:20Z for 600s until 2024-06-19T05:51:20Z
00:00:00.349983 > LOAD:         lease 192.168.56.101 to 08:00:27:a1:64:04, expired, valid from 2024-06-19T05:26:57Z for 600s until 2024-06-19T05:36:57Z
00:00:00.419700 SUP: Opened VMMR0.r0 (C:\Program Files\Oracle\VirtualBox\VMMR0.r0) at 0xXXXXXXXXXXXXXXXX loaded by the native ring-0 loader.
00:00:00.419712 SUP: windbg> .reload /f C:\Program Files\Oracle\VirtualBox\VMMR0.r0=0xXXXXXXXXXXXXXXXX
00:00:11.843309 DISCOVER xid 0x47667de3 chaddr 08:00:27:71:8b:04
00:00:11.843333  ciaddr 0.0.0.0
00:00:11.843340  requested address 192.168.56.105
00:00:11.843348  params { 1 28 2 121 15 6 12 40 41 42 26 119 3 121 249 33 252 42 17 }
00:00:11.843416 > allocateAddress 192.168.56.105 to client 08:00:27:71:8b:04
00:00:11.843421 > .... noted expired binding 192.168.56.107 to [01:08:00:27:16:25:79] (08:00:27:16:25:79), expired, valid from 2024-06-24T04:49:49Z for 600s until 2024-06-24T04:59:49Z
00:00:11.843427 > ... found existing binding 192.168.56.105 to 08:00:27:71:8b:04, expired, valid from 2024-08-30T04:04:29Z for 600s until 2024-08-30T04:14:29Z
00:00:11.843429 Lease time 600 secs (default)
00:00:11.843435 >>> requested option 1 (SubnetMask)
00:00:11.843437 ... always supplied
00:00:11.843439 >>> requested option 28 (BroadcastAddress)
00:00:11.843441 ... not found
00:00:11.843443 >>> requested option 2 (TimeOffset)
00:00:11.843444 ... not found
00:00:11.843446 >>> requested option 121 (unknown)
00:00:11.843447 ... not found
00:00:11.843449 >>> requested option 15 (DomainName)
00:00:11.843450 ... not found
00:00:11.843452 >>> requested option 6 (DNSes)
00:00:11.843453 ... not found
00:00:11.843455 >>> requested option 12 (HostName)
00:00:11.843456 ... not found
00:00:11.843458 >>> requested option 40 (NISDomain)
00:00:11.843459 ... not found
00:00:11.843508 >>> requested option 41 (NISServers)
00:00:11.843511 ... not found
00:00:11.843512 >>> requested option 42 (NTPServers)
00:00:11.843514 ... not found
00:00:11.843515 >>> requested option 26 (InterfaceMTU)
00:00:11.843517 ... not found
00:00:11.843518 >>> requested option 119 (DomainSearch)
00:00:11.843520 ... not found
00:00:11.843522 >>> requested option 3 (Routers)
00:00:11.843523 ... not found
00:00:11.843525 >>> requested option 249 (unknown)
00:00:11.843526 ... not found
00:00:11.843528 >>> requested option 33 (StaticRoute)
00:00:11.843529 ... not found
00:00:11.843531 >>> requested option 252 (unknown)
00:00:11.843532 ... not found
00:00:11.843538 >>> requested option 17 (RootPath)
00:00:11.843540 ... not found
00:00:11.843543 encoding option 1 (SubnetMask)
00:00:11.843545 encoding option 51 (LeaseTime)
00:00:11.843547 OFFER xid 0x47667de3 chaddr 08:00:27:71:8b:04
00:00:11.843552  ciaddr 0.0.0.0 yiaddr 192.168.56.105
00:00:11.843557 encoded message: 548 bytes
00:00:11.843558 00000246e895a510/0000: 02 01 06 00 e3 7d 66 47-00 00 00 00 00 00 00 00 .....}fG........
00:00:11.843559 00000246e895a520/0010: c0 a8 38 69 00 00 00 00-00 00 00 00 08 00 27 71 ..8i..........'q
00:00:11.843560 00000246e895a530/0020: 8b 04 00 00 00 00 00 00-00 00 00 00 00 00 00 00 ................
00:00:11.843561 00000246e895a540/0030: 00 00 00 00 00 00 00 00-00 00 00 00 00 00 00 00 ................
00:00:11.843561 00000246e895a550/0040: 00 00 00 00 00 00 00 00-00 00 00 00 00 00 00 00 ................
00:00:11.843562 00000246e895a560/0050: 00 00 00 00 00 00 00 00-00 00 00 00 00 00 00 00 ................
00:00:11.843563 00000246e895a570/0060: 00 00 00 00 00 00 00 00-00 00 00 00 00 00 00 00 ................
00:00:11.843564 00000246e895a580/0070: 00 00 00 00 00 00 00 00-00 00 00 00 00 00 00 00 ................
00:00:11.843564 00000246e895a590/0080: 00 00 00 00 00 00 00 00-00 00 00 00 00 00 00 00 ................
00:00:11.843565 00000246e895a5a0/0090: 00 00 00 00 00 00 00 00-00 00 00 00 00 00 00 00 ................
00:00:11.843566 00000246e895a5b0/00a0: 00 00 00 00 00 00 00 00-00 00 00 00 00 00 00 00 ................
00:00:11.843566 00000246e895a5c0/00b0: 00 00 00 00 00 00 00 00-00 00 00 00 00 00 00 00 ................
00:00:11.843567 00000246e895a5d0/00c0: 00 00 00 00 00 00 00 00-00 00 00 00 00 00 00 00 ................
00:00:11.843568 00000246e895a5e0/00d0: 00 00 00 00 00 00 00 00-00 00 00 00 00 00 00 00 ................
00:00:11.843568 00000246e895a5f0/00e0: 00 00 00 00 00 00 00 00-00 00 00 00 63 82 53 63 ............c.Sc
00:00:11.843569 00000246e895a600/00f0: 36 04 c0 a8 38 64 35 01-02 01 04 ff ff ff 00 33 6...8d5........3
00:00:11.843570 00000246e895a610/0100: 04 00 00 02 58 ff 00 00-00 00 00 00 00 00 00 00 ....X...........
00:00:11.843571 00000246e895a620/0110: 00 00 00 00 00 00 00 00-00 00 00 00 00 00 00 00 ................
00:00:11.843571 00000246e895a630/0120: 00 00 00 00 00 00 00 00-00 00 00 00 00 00 00 00 ................
00:00:11.843572 00000246e895a640/0130: 00 00 00 00 00 00 00 00-00 00 00 00 00 00 00 00 ................
00:00:11.843573 00000246e895a650/0140: 00 00 00 00 00 00 00 00-00 00 00 00 00 00 00 00 ................
00:00:11.843573 00000246e895a660/0150: 00 00 00 00 00 00 00 00-00 00 00 00 00 00 00 00 ................
00:00:11.843574 00000246e895a670/0160: 00 00 00 00 00 00 00 00-00 00 00 00 00 00 00 00 ................
00:00:11.843575 00000246e895a680/0170: 00 00 00 00 00 00 00 00-00 00 00 00 00 00 00 00 ................
00:00:11.843575 00000246e895a690/0180: 00 00 00 00 00 00 00 00-00 00 00 00 00 00 00 00 ................
00:00:11.843576 00000246e895a6a0/0190: 00 00 00 00 00 00 00 00-00 00 00 00 00 00 00 00 ................
00:00:11.843577 00000246e895a6b0/01a0: 00 00 00 00 00 00 00 00-00 00 00 00 00 00 00 00 ................
00:00:11.843577 00000246e895a6c0/01b0: 00 00 00 00 00 00 00 00-00 00 00 00 00 00 00 00 ................
00:00:11.843578 00000246e895a6d0/01c0: 00 00 00 00 00 00 00 00-00 00 00 00 00 00 00 00 ................
00:00:11.843579 00000246e895a6e0/01d0: 00 00 00 00 00 00 00 00-00 00 00 00 00 00 00 00 ................
00:00:11.843580 00000246e895a6f0/01e0: 00 00 00 00 00 00 00 00-00 00 00 00 00 00 00 00 ................
00:00:11.843580 00000246e895a700/01f0: 00 00 00 00 00 00 00 00-00 00 00 00 00 00 00 00 ................
00:00:11.843581 00000246e895a710/0200: 00 00 00 00 00 00 00 00-00 00 00 00 00 00 00 00 ................
00:00:11.843582 00000246e895a720/0210: 00 00 00 00 00 00 00 00-00 00 00 00 00 00 00 00 ................
00:00:11.843582 00000246e895a730/0220: 00 00 00 00                                     ....
00:00:11.844003 REQUEST xid 0x47667de3 chaddr 08:00:27:71:8b:04
00:00:11.844023  ciaddr 0.0.0.0
00:00:11.844030  for server 192.168.56.100 requested address 192.168.56.105
00:00:11.844040  params { 1 28 2 121 15 6 12 40 41 42 26 119 3 121 249 33 252 42 17 }
00:00:11.844095   54: c0 a8 38 64
00:00:11.844100 > allocateAddress 192.168.56.105 to client 08:00:27:71:8b:04
00:00:11.844105 > .... noted expired binding 192.168.56.107 to [01:08:00:27:16:25:79] (08:00:27:16:25:79), expired, valid from 2024-06-24T04:49:49Z for 600s until 2024-06-24T04:59:49Z
00:00:11.844111 > ... found existing binding 192.168.56.105 to 08:00:27:71:8b:04, offered, valid from 2024-08-30T04:21:59Z for 600s until 2024-08-30T04:31:59Z
00:00:11.844116 Lease time 600 secs (default)
00:00:11.844120 writing leases to C:\Users\y.kojima\.VirtualBox\HostInterfaceNetworking-VirtualBox Host-Only Ethernet Adapter-Dhcpd.leases
00:00:11.853161 >>> requested option 1 (SubnetMask)
00:00:11.853169 ... always supplied
00:00:11.853171 >>> requested option 28 (BroadcastAddress)
00:00:11.853173 ... not found
00:00:11.853174 >>> requested option 2 (TimeOffset)
00:00:11.853176 ... not found
00:00:11.853178 >>> requested option 121 (unknown)
00:00:11.853179 ... not found
00:00:11.853181 >>> requested option 15 (DomainName)
00:00:11.853182 ... not found
00:00:11.853184 >>> requested option 6 (DNSes)
00:00:11.853185 ... not found
00:00:11.853187 >>> requested option 12 (HostName)
00:00:11.853188 ... not found
00:00:11.853190 >>> requested option 40 (NISDomain)
00:00:11.853191 ... not found
00:00:11.853193 >>> requested option 41 (NISServers)
00:00:11.853194 ... not found
00:00:11.853196 >>> requested option 42 (NTPServers)
00:00:11.853197 ... not found
00:00:11.853199 >>> requested option 26 (InterfaceMTU)
00:00:11.853200 ... not found
00:00:11.853202 >>> requested option 119 (DomainSearch)
00:00:11.853203 ... not found
00:00:11.853205 >>> requested option 3 (Routers)
00:00:11.853206 ... not found
00:00:11.853208 >>> requested option 249 (unknown)
00:00:11.853209 ... not found
00:00:11.853211 >>> requested option 33 (StaticRoute)
00:00:11.853212 ... not found
00:00:11.853214 >>> requested option 252 (unknown)
00:00:11.853215 ... not found
00:00:11.853217 >>> requested option 17 (RootPath)
00:00:11.853218 ... not found
00:00:11.853221 encoding option 1 (SubnetMask)
00:00:11.853223 encoding option 51 (LeaseTime)
00:00:11.853225 ACK xid 0x47667de3 chaddr 08:00:27:71:8b:04
00:00:11.853231  ciaddr 0.0.0.0 yiaddr 192.168.56.105
00:00:11.853236 encoded message: 548 bytes
00:00:11.853237 00000246e895add0/0000: 02 01 06 00 e3 7d 66 47-00 00 00 00 00 00 00 00 .....}fG........
00:00:11.853238 00000246e895ade0/0010: c0 a8 38 69 00 00 00 00-00 00 00 00 08 00 27 71 ..8i..........'q
00:00:11.853239 00000246e895adf0/0020: 8b 04 00 00 00 00 00 00-00 00 00 00 00 00 00 00 ................
00:00:11.853239 00000246e895ae00/0030: 00 00 00 00 00 00 00 00-00 00 00 00 00 00 00 00 ................
00:00:11.853240 00000246e895ae10/0040: 00 00 00 00 00 00 00 00-00 00 00 00 00 00 00 00 ................
00:00:11.853241 00000246e895ae20/0050: 00 00 00 00 00 00 00 00-00 00 00 00 00 00 00 00 ................
00:00:11.853242 00000246e895ae30/0060: 00 00 00 00 00 00 00 00-00 00 00 00 00 00 00 00 ................
00:00:11.853242 00000246e895ae40/0070: 00 00 00 00 00 00 00 00-00 00 00 00 00 00 00 00 ................
00:00:11.853243 00000246e895ae50/0080: 00 00 00 00 00 00 00 00-00 00 00 00 00 00 00 00 ................
00:00:11.853244 00000246e895ae60/0090: 00 00 00 00 00 00 00 00-00 00 00 00 00 00 00 00 ................
00:00:11.853244 00000246e895ae70/00a0: 00 00 00 00 00 00 00 00-00 00 00 00 00 00 00 00 ................
00:00:11.853245 00000246e895ae80/00b0: 00 00 00 00 00 00 00 00-00 00 00 00 00 00 00 00 ................
00:00:11.853246 00000246e895ae90/00c0: 00 00 00 00 00 00 00 00-00 00 00 00 00 00 00 00 ................
00:00:11.853246 00000246e895aea0/00d0: 00 00 00 00 00 00 00 00-00 00 00 00 00 00 00 00 ................
00:00:11.853247 00000246e895aeb0/00e0: 00 00 00 00 00 00 00 00-00 00 00 00 63 82 53 63 ............c.Sc
00:00:11.853248 00000246e895aec0/00f0: 36 04 c0 a8 38 64 35 01-05 01 04 ff ff ff 00 33 6...8d5........3
00:00:11.853248 00000246e895aed0/0100: 04 00 00 02 58 ff 00 00-00 00 00 00 00 00 00 00 ....X...........
00:00:11.853249 00000246e895aee0/0110: 00 00 00 00 00 00 00 00-00 00 00 00 00 00 00 00 ................
00:00:11.853250 00000246e895aef0/0120: 00 00 00 00 00 00 00 00-00 00 00 00 00 00 00 00 ................
00:00:11.853251 00000246e895af00/0130: 00 00 00 00 00 00 00 00-00 00 00 00 00 00 00 00 ................
00:00:11.853251 00000246e895af10/0140: 00 00 00 00 00 00 00 00-00 00 00 00 00 00 00 00 ................
00:00:11.853252 00000246e895af20/0150: 00 00 00 00 00 00 00 00-00 00 00 00 00 00 00 00 ................
00:00:11.853253 00000246e895af30/0160: 00 00 00 00 00 00 00 00-00 00 00 00 00 00 00 00 ................
00:00:11.853253 00000246e895af40/0170: 00 00 00 00 00 00 00 00-00 00 00 00 00 00 00 00 ................
00:00:11.853254 00000246e895af50/0180: 00 00 00 00 00 00 00 00-00 00 00 00 00 00 00 00 ................
00:00:11.853255 00000246e895af60/0190: 00 00 00 00 00 00 00 00-00 00 00 00 00 00 00 00 ................
00:00:11.853255 00000246e895af70/01a0: 00 00 00 00 00 00 00 00-00 00 00 00 00 00 00 00 ................
00:00:11.853256 00000246e895af80/01b0: 00 00 00 00 00 00 00 00-00 00 00 00 00 00 00 00 ................
00:00:11.853257 00000246e895af90/01c0: 00 00 00 00 00 00 00 00-00 00 00 00 00 00 00 00 ................
00:00:11.853257 00000246e895afa0/01d0: 00 00 00 00 00 00 00 00-00 00 00 00 00 00 00 00 ................
00:00:11.853258 00000246e895afb0/01e0: 00 00 00 00 00 00 00 00-00 00 00 00 00 00 00 00 ................
00:00:11.853259 00000246e895afc0/01f0: 00 00 00 00 00 00 00 00-00 00 00 00 00 00 00 00 ................
00:00:11.853260 00000246e895afd0/0200: 00 00 00 00 00 00 00 00-00 00 00 00 00 00 00 00 ................
00:00:11.853260 00000246e895afe0/0210: 00 00 00 00 00 00 00 00-00 00 00 00 00 00 00 00 ................
00:00:11.853261 00000246e895aff0/0220: 00 00 00 00                                     ....
00:04:12.132990 REQUEST xid 0x47667de3 chaddr 08:00:27:71:8b:04
00:04:12.133028  ciaddr 192.168.56.105
00:04:12.133037  params { 1 28 2 121 15 6 12 40 41 42 26 119 3 121 249 33 252 42 17 }
00:04:12.133095 > allocateAddress to client 08:00:27:71:8b:04
00:04:12.133100 > .... noted expired binding 192.168.56.107 to [01:08:00:27:16:25:79] (08:00:27:16:25:79), expired, valid from 2024-06-24T04:49:49Z for 600s until 2024-06-24T04:59:49Z
00:04:12.133107 > ... found existing binding 192.168.56.105 to 08:00:27:71:8b:04, acked, valid from 2024-08-30T04:21:59Z for 600s until 2024-08-30T04:31:59Z
00:04:12.133110 Lease time 600 secs (default)
00:04:12.133113 writing leases to C:\Users\y.kojima\.VirtualBox\HostInterfaceNetworking-VirtualBox Host-Only Ethernet Adapter-Dhcpd.leases
00:04:12.141185 >>> requested option 1 (SubnetMask)
00:04:12.141192 ... always supplied
00:04:12.141194 >>> requested option 28 (BroadcastAddress)
00:04:12.141196 ... not found
00:04:12.141197 >>> requested option 2 (TimeOffset)
00:04:12.141199 ... not found
00:04:12.141200 >>> requested option 121 (unknown)
00:04:12.141202 ... not found
00:04:12.141204 >>> requested option 15 (DomainName)
00:04:12.141205 ... not found
00:04:12.141207 >>> requested option 6 (DNSes)
00:04:12.141208 ... not found
00:04:12.141210 >>> requested option 12 (HostName)
00:04:12.141243 ... not found
00:04:12.141246 >>> requested option 40 (NISDomain)
00:04:12.141248 ... not found
00:04:12.141250 >>> requested option 41 (NISServers)
00:04:12.141251 ... not found
00:04:12.141253 >>> requested option 42 (NTPServers)
00:04:12.141254 ... not found
00:04:12.141256 >>> requested option 26 (InterfaceMTU)
00:04:12.141257 ... not found
00:04:12.141259 >>> requested option 119 (DomainSearch)
00:04:12.141260 ... not found
00:04:12.141262 >>> requested option 3 (Routers)
00:04:12.141263 ... not found
00:04:12.141265 >>> requested option 249 (unknown)
00:04:12.141266 ... not found
00:04:12.141268 >>> requested option 33 (StaticRoute)
00:04:12.141269 ... not found
00:04:12.141271 >>> requested option 252 (unknown)
00:04:12.141272 ... not found
00:04:12.141274 >>> requested option 17 (RootPath)
00:04:12.141276 ... not found
00:04:12.141279 encoding option 1 (SubnetMask)
00:04:12.141281 encoding option 51 (LeaseTime)
00:04:12.141283 ACK xid 0x47667de3 chaddr 08:00:27:71:8b:04
00:04:12.141289  ciaddr 192.168.56.105 yiaddr 192.168.56.105
00:04:12.141296 encoded message: 548 bytes
00:04:12.141297 00000246e895baf0/0000: 02 01 06 00 e3 7d 66 47-00 00 00 00 c0 a8 38 69 .....}fG......8i
00:04:12.141299 00000246e895bb00/0010: c0 a8 38 69 00 00 00 00-00 00 00 00 08 00 27 71 ..8i..........'q
00:04:12.141300 00000246e895bb10/0020: 8b 04 00 00 00 00 00 00-00 00 00 00 00 00 00 00 ................
00:04:12.141301 00000246e895bb20/0030: 00 00 00 00 00 00 00 00-00 00 00 00 00 00 00 00 ................
00:04:12.141301 00000246e895bb30/0040: 00 00 00 00 00 00 00 00-00 00 00 00 00 00 00 00 ................
00:04:12.141302 00000246e895bb40/0050: 00 00 00 00 00 00 00 00-00 00 00 00 00 00 00 00 ................
00:04:12.141303 00000246e895bb50/0060: 00 00 00 00 00 00 00 00-00 00 00 00 00 00 00 00 ................
00:04:12.141303 00000246e895bb60/0070: 00 00 00 00 00 00 00 00-00 00 00 00 00 00 00 00 ................
00:04:12.141304 00000246e895bb70/0080: 00 00 00 00 00 00 00 00-00 00 00 00 00 00 00 00 ................
00:04:12.141305 00000246e895bb80/0090: 00 00 00 00 00 00 00 00-00 00 00 00 00 00 00 00 ................
00:04:12.141305 00000246e895bb90/00a0: 00 00 00 00 00 00 00 00-00 00 00 00 00 00 00 00 ................
00:04:12.141306 00000246e895bba0/00b0: 00 00 00 00 00 00 00 00-00 00 00 00 00 00 00 00 ................
00:04:12.141307 00000246e895bbb0/00c0: 00 00 00 00 00 00 00 00-00 00 00 00 00 00 00 00 ................
00:04:12.141307 00000246e895bbc0/00d0: 00 00 00 00 00 00 00 00-00 00 00 00 00 00 00 00 ................
00:04:12.141308 00000246e895bbd0/00e0: 00 00 00 00 00 00 00 00-00 00 00 00 63 82 53 63 ............c.Sc
00:04:12.141309 00000246e895bbe0/00f0: 36 04 c0 a8 38 64 35 01-05 01 04 ff ff ff 00 33 6...8d5........3
00:04:12.141309 00000246e895bbf0/0100: 04 00 00 02 58 ff 00 00-00 00 00 00 00 00 00 00 ....X...........
00:04:12.141310 00000246e895bc00/0110: 00 00 00 00 00 00 00 00-00 00 00 00 00 00 00 00 ................
00:04:12.141311 00000246e895bc10/0120: 00 00 00 00 00 00 00 00-00 00 00 00 00 00 00 00 ................
00:04:12.141312 00000246e895bc20/0130: 00 00 00 00 00 00 00 00-00 00 00 00 00 00 00 00 ................
00:04:12.141312 00000246e895bc30/0140: 00 00 00 00 00 00 00 00-00 00 00 00 00 00 00 00 ................
00:04:12.141313 00000246e895bc40/0150: 00 00 00 00 00 00 00 00-00 00 00 00 00 00 00 00 ................
00:04:12.141314 00000246e895bc50/0160: 00 00 00 00 00 00 00 00-00 00 00 00 00 00 00 00 ................
00:04:12.141314 00000246e895bc60/0170: 00 00 00 00 00 00 00 00-00 00 00 00 00 00 00 00 ................
00:04:12.141315 00000246e895bc70/0180: 00 00 00 00 00 00 00 00-00 00 00 00 00 00 00 00 ................
00:04:12.141316 00000246e895bc80/0190: 00 00 00 00 00 00 00 00-00 00 00 00 00 00 00 00 ................
00:04:12.141317 00000246e895bc90/01a0: 00 00 00 00 00 00 00 00-00 00 00 00 00 00 00 00 ................
00:04:12.141317 00000246e895bca0/01b0: 00 00 00 00 00 00 00 00-00 00 00 00 00 00 00 00 ................
00:04:12.141318 00000246e895bcb0/01c0: 00 00 00 00 00 00 00 00-00 00 00 00 00 00 00 00 ................
00:04:12.141319 00000246e895bcc0/01d0: 00 00 00 00 00 00 00 00-00 00 00 00 00 00 00 00 ................
00:04:12.141319 00000246e895bcd0/01e0: 00 00 00 00 00 00 00 00-00 00 00 00 00 00 00 00 ................
00:04:12.141320 00000246e895bce0/01f0: 00 00 00 00 00 00 00 00-00 00 00 00 00 00 00 00 ................
00:04:12.141321 00000246e895bcf0/0200: 00 00 00 00 00 00 00 00-00 00 00 00 00 00 00 00 ................
00:04:12.141321 00000246e895bd00/0210: 00 00 00 00 00 00 00 00-00 00 00 00 00 00 00 00 ................
00:04:12.141322 00000246e895bd10/0220: 00 00 00 00                                     ....
00:08:11.616046 REQUEST xid 0x47667de3 chaddr 08:00:27:71:8b:04
00:08:11.616061  ciaddr 192.168.56.105
00:08:11.616066  params { 1 28 2 121 15 6 12 40 41 42 26 119 3 121 249 33 252 42 17 }
00:08:11.616099 > allocateAddress to client 08:00:27:71:8b:04
00:08:11.616103 > .... noted expired binding 192.168.56.107 to [01:08:00:27:16:25:79] (08:00:27:16:25:79), expired, valid from 2024-06-24T04:49:49Z for 600s until 2024-06-24T04:59:49Z
00:08:11.616109 > ... found existing binding 192.168.56.105 to 08:00:27:71:8b:04, acked, valid from 2024-08-30T04:25:59Z for 600s until 2024-08-30T04:35:59Z
00:08:11.616111 Lease time 600 secs (default)
00:08:11.616116 writing leases to C:\Users\y.kojima\.VirtualBox\HostInterfaceNetworking-VirtualBox Host-Only Ethernet Adapter-Dhcpd.leases
00:08:11.623298 >>> requested option 1 (SubnetMask)
00:08:11.623305 ... always supplied
00:08:11.623307 >>> requested option 28 (BroadcastAddress)
00:08:11.623309 ... not found
00:08:11.623311 >>> requested option 2 (TimeOffset)
00:08:11.623312 ... not found
00:08:11.623314 >>> requested option 121 (unknown)
00:08:11.623316 ... not found
00:08:11.623317 >>> requested option 15 (DomainName)
00:08:11.623319 ... not found
00:08:11.623320 >>> requested option 6 (DNSes)
00:08:11.623322 ... not found
00:08:11.623324 >>> requested option 12 (HostName)
00:08:11.623325 ... not found
00:08:11.623327 >>> requested option 40 (NISDomain)
00:08:11.623328 ... not found
00:08:11.623330 >>> requested option 41 (NISServers)
00:08:11.623331 ... not found
00:08:11.623333 >>> requested option 42 (NTPServers)
00:08:11.623334 ... not found
00:08:11.623336 >>> requested option 26 (InterfaceMTU)
00:08:11.623338 ... not found
00:08:11.623339 >>> requested option 119 (DomainSearch)
00:08:11.623341 ... not found
00:08:11.623342 >>> requested option 3 (Routers)
00:08:11.623344 ... not found
00:08:11.623345 >>> requested option 249 (unknown)
00:08:11.623347 ... not found
00:08:11.623348 >>> requested option 33 (StaticRoute)
00:08:11.623350 ... not found
00:08:11.623352 >>> requested option 252 (unknown)
00:08:11.623353 ... not found
00:08:11.623355 >>> requested option 17 (RootPath)
00:08:11.623356 ... not found
00:08:11.623360 encoding option 1 (SubnetMask)
00:08:11.623362 encoding option 51 (LeaseTime)
00:08:11.623365 ACK xid 0x47667de3 chaddr 08:00:27:71:8b:04
00:08:11.623371  ciaddr 192.168.56.105 yiaddr 192.168.56.105
00:08:11.623376 encoded message: 548 bytes
00:08:11.623377 00000246e895b460/0000: 02 01 06 00 e3 7d 66 47-00 00 00 00 c0 a8 38 69 .....}fG......8i
00:08:11.623379 00000246e895b470/0010: c0 a8 38 69 00 00 00 00-00 00 00 00 08 00 27 71 ..8i..........'q
00:08:11.623380 00000246e895b480/0020: 8b 04 00 00 00 00 00 00-00 00 00 00 00 00 00 00 ................
00:08:11.623380 00000246e895b490/0030: 00 00 00 00 00 00 00 00-00 00 00 00 00 00 00 00 ................
00:08:11.623381 00000246e895b4a0/0040: 00 00 00 00 00 00 00 00-00 00 00 00 00 00 00 00 ................
00:08:11.623382 00000246e895b4b0/0050: 00 00 00 00 00 00 00 00-00 00 00 00 00 00 00 00 ................
00:08:11.623383 00000246e895b4c0/0060: 00 00 00 00 00 00 00 00-00 00 00 00 00 00 00 00 ................
00:08:11.623383 00000246e895b4d0/0070: 00 00 00 00 00 00 00 00-00 00 00 00 00 00 00 00 ................
00:08:11.623384 00000246e895b4e0/0080: 00 00 00 00 00 00 00 00-00 00 00 00 00 00 00 00 ................
00:08:11.623385 00000246e895b4f0/0090: 00 00 00 00 00 00 00 00-00 00 00 00 00 00 00 00 ................
00:08:11.623385 00000246e895b500/00a0: 00 00 00 00 00 00 00 00-00 00 00 00 00 00 00 00 ................
00:08:11.623386 00000246e895b510/00b0: 00 00 00 00 00 00 00 00-00 00 00 00 00 00 00 00 ................
00:08:11.623387 00000246e895b520/00c0: 00 00 00 00 00 00 00 00-00 00 00 00 00 00 00 00 ................
00:08:11.623388 00000246e895b530/00d0: 00 00 00 00 00 00 00 00-00 00 00 00 00 00 00 00 ................
00:08:11.623388 00000246e895b540/00e0: 00 00 00 00 00 00 00 00-00 00 00 00 63 82 53 63 ............c.Sc
00:08:11.623389 00000246e895b550/00f0: 36 04 c0 a8 38 64 35 01-05 01 04 ff ff ff 00 33 6...8d5........3
00:08:11.623390 00000246e895b560/0100: 04 00 00 02 58 ff 00 00-00 00 00 00 00 00 00 00 ....X...........
00:08:11.623391 00000246e895b570/0110: 00 00 00 00 00 00 00 00-00 00 00 00 00 00 00 00 ................
00:08:11.623391 00000246e895b580/0120: 00 00 00 00 00 00 00 00-00 00 00 00 00 00 00 00 ................
00:08:11.623392 00000246e895b590/0130: 00 00 00 00 00 00 00 00-00 00 00 00 00 00 00 00 ................
00:08:11.623393 00000246e895b5a0/0140: 00 00 00 00 00 00 00 00-00 00 00 00 00 00 00 00 ................
00:08:11.623393 00000246e895b5b0/0150: 00 00 00 00 00 00 00 00-00 00 00 00 00 00 00 00 ................
00:08:11.623394 00000246e895b5c0/0160: 00 00 00 00 00 00 00 00-00 00 00 00 00 00 00 00 ................
00:08:11.623395 00000246e895b5d0/0170: 00 00 00 00 00 00 00 00-00 00 00 00 00 00 00 00 ................
00:08:11.623396 00000246e895b5e0/0180: 00 00 00 00 00 00 00 00-00 00 00 00 00 00 00 00 ................
00:08:11.623396 00000246e895b5f0/0190: 00 00 00 00 00 00 00 00-00 00 00 00 00 00 00 00 ................
00:08:11.623397 00000246e895b600/01a0: 00 00 00 00 00 00 00 00-00 00 00 00 00 00 00 00 ................
00:08:11.623398 00000246e895b610/01b0: 00 00 00 00 00 00 00 00-00 00 00 00 00 00 00 00 ................
00:08:11.623398 00000246e895b620/01c0: 00 00 00 00 00 00 00 00-00 00 00 00 00 00 00 00 ................
00:08:11.623399 00000246e895b630/01d0: 00 00 00 00 00 00 00 00-00 00 00 00 00 00 00 00 ................
00:08:11.623400 00000246e895b640/01e0: 00 00 00 00 00 00 00 00-00 00 00 00 00 00 00 00 ................
00:08:11.623400 00000246e895b650/01f0: 00 00 00 00 00 00 00 00-00 00 00 00 00 00 00 00 ................
00:08:11.623401 00000246e895b660/0200: 00 00 00 00 00 00 00 00-00 00 00 00 00 00 00 00 ................
00:08:11.623402 00000246e895b670/0210: 00 00 00 00 00 00 00 00-00 00 00 00 00 00 00 00 ................
00:08:11.623403 00000246e895b680/0220: 00 00 00 00                                     ....
00:12:29.411270 REQUEST xid 0x47667de3 chaddr 08:00:27:71:8b:04
00:12:29.411302  ciaddr 192.168.56.105
00:12:29.411311  params { 1 28 2 121 15 6 12 40 41 42 26 119 3 121 249 33 252 42 17 }
00:12:29.411367 > allocateAddress to client 08:00:27:71:8b:04
00:12:29.411373 > .... noted expired binding 192.168.56.107 to [01:08:00:27:16:25:79] (08:00:27:16:25:79), expired, valid from 2024-06-24T04:49:49Z for 600s until 2024-06-24T04:59:49Z
00:12:29.411383 > ... found existing binding 192.168.56.105 to 08:00:27:71:8b:04, acked, valid from 2024-08-30T04:29:59Z for 600s until 2024-08-30T04:39:59Z
00:12:29.411388 Lease time 600 secs (default)
00:12:29.411394 writing leases to C:\Users\y.kojima\.VirtualBox\HostInterfaceNetworking-VirtualBox Host-Only Ethernet Adapter-Dhcpd.leases
00:12:29.419252 >>> requested option 1 (SubnetMask)
00:12:29.419258 ... always supplied
00:12:29.419260 >>> requested option 28 (BroadcastAddress)
00:12:29.419261 ... not found
00:12:29.419263 >>> requested option 2 (TimeOffset)
00:12:29.419265 ... not found
00:12:29.419266 >>> requested option 121 (unknown)
00:12:29.419268 ... not found
00:12:29.419269 >>> requested option 15 (DomainName)
00:12:29.419271 ... not found
00:12:29.419272 >>> requested option 6 (DNSes)
00:12:29.419274 ... not found
00:12:29.419275 >>> requested option 12 (HostName)
00:12:29.419279 ... not found
00:12:29.419281 >>> requested option 40 (NISDomain)
00:12:29.419283 ... not found
00:12:29.419284 >>> requested option 41 (NISServers)
00:12:29.419286 ... not found
00:12:29.419288 >>> requested option 42 (NTPServers)
00:12:29.419289 ... not found
00:12:29.419291 >>> requested option 26 (InterfaceMTU)
00:12:29.419292 ... not found
00:12:29.419294 >>> requested option 119 (DomainSearch)
00:12:29.419295 ... not found
00:12:29.419297 >>> requested option 3 (Routers)
00:12:29.419298 ... not found
00:12:29.419300 >>> requested option 249 (unknown)
00:12:29.419301 ... not found
00:12:29.419303 >>> requested option 33 (StaticRoute)
00:12:29.419304 ... not found
00:12:29.419306 >>> requested option 252 (unknown)
00:12:29.419307 ... not found
00:12:29.419309 >>> requested option 17 (RootPath)
00:12:29.419310 ... not found
00:12:29.419313 encoding option 1 (SubnetMask)
00:12:29.419315 encoding option 51 (LeaseTime)
00:12:29.419317 ACK xid 0x47667de3 chaddr 08:00:27:71:8b:04
00:12:29.419322  ciaddr 192.168.56.105 yiaddr 192.168.56.105
00:12:29.419327 encoded message: 548 bytes
00:12:29.419329 00000246e895add0/0000: 02 01 06 00 e3 7d 66 47-00 00 00 00 c0 a8 38 69 .....}fG......8i
00:12:29.419330 00000246e895ade0/0010: c0 a8 38 69 00 00 00 00-00 00 00 00 08 00 27 71 ..8i..........'q
00:12:29.419331 00000246e895adf0/0020: 8b 04 00 00 00 00 00 00-00 00 00 00 00 00 00 00 ................
00:12:29.419332 00000246e895ae00/0030: 00 00 00 00 00 00 00 00-00 00 00 00 00 00 00 00 ................
00:12:29.419332 00000246e895ae10/0040: 00 00 00 00 00 00 00 00-00 00 00 00 00 00 00 00 ................
00:12:29.419333 00000246e895ae20/0050: 00 00 00 00 00 00 00 00-00 00 00 00 00 00 00 00 ................
00:12:29.419334 00000246e895ae30/0060: 00 00 00 00 00 00 00 00-00 00 00 00 00 00 00 00 ................
00:12:29.419334 00000246e895ae40/0070: 00 00 00 00 00 00 00 00-00 00 00 00 00 00 00 00 ................
00:12:29.419335 00000246e895ae50/0080: 00 00 00 00 00 00 00 00-00 00 00 00 00 00 00 00 ................
00:12:29.419336 00000246e895ae60/0090: 00 00 00 00 00 00 00 00-00 00 00 00 00 00 00 00 ................
00:12:29.419336 00000246e895ae70/00a0: 00 00 00 00 00 00 00 00-00 00 00 00 00 00 00 00 ................
00:12:29.419337 00000246e895ae80/00b0: 00 00 00 00 00 00 00 00-00 00 00 00 00 00 00 00 ................
00:12:29.419338 00000246e895ae90/00c0: 00 00 00 00 00 00 00 00-00 00 00 00 00 00 00 00 ................
00:12:29.419339 00000246e895aea0/00d0: 00 00 00 00 00 00 00 00-00 00 00 00 00 00 00 00 ................
00:12:29.419339 00000246e895aeb0/00e0: 00 00 00 00 00 00 00 00-00 00 00 00 63 82 53 63 ............c.Sc
00:12:29.419340 00000246e895aec0/00f0: 36 04 c0 a8 38 64 35 01-05 01 04 ff ff ff 00 33 6...8d5........3
00:12:29.419341 00000246e895aed0/0100: 04 00 00 02 58 ff 00 00-00 00 00 00 00 00 00 00 ....X...........
00:12:29.419341 00000246e895aee0/0110: 00 00 00 00 00 00 00 00-00 00 00 00 00 00 00 00 ................
00:12:29.419342 00000246e895aef0/0120: 00 00 00 00 00 00 00 00-00 00 00 00 00 00 00 00 ................
00:12:29.419343 00000246e895af00/0130: 00 00 00 00 00 00 00 00-00 00 00 00 00 00 00 00 ................
00:12:29.419343 00000246e895af10/0140: 00 00 00 00 00 00 00 00-00 00 00 00 00 00 00 00 ................
00:12:29.419344 00000246e895af20/0150: 00 00 00 00 00 00 00 00-00 00 00 00 00 00 00 00 ................
00:12:29.419345 00000246e895af30/0160: 00 00 00 00 00 00 00 00-00 00 00 00 00 00 00 00 ................
00:12:29.419346 00000246e895af40/0170: 00 00 00 00 00 00 00 00-00 00 00 00 00 00 00 00 ................
00:12:29.419346 00000246e895af50/0180: 00 00 00 00 00 00 00 00-00 00 00 00 00 00 00 00 ................
00:12:29.419347 00000246e895af60/0190: 00 00 00 00 00 00 00 00-00 00 00 00 00 00 00 00 ................
00:12:29.419348 00000246e895af70/01a0: 00 00 00 00 00 00 00 00-00 00 00 00 00 00 00 00 ................
00:12:29.419348 00000246e895af80/01b0: 00 00 00 00 00 00 00 00-00 00 00 00 00 00 00 00 ................
00:12:29.419349 00000246e895af90/01c0: 00 00 00 00 00 00 00 00-00 00 00 00 00 00 00 00 ................
00:12:29.419350 00000246e895afa0/01d0: 00 00 00 00 00 00 00 00-00 00 00 00 00 00 00 00 ................
00:12:29.419350 00000246e895afb0/01e0: 00 00 00 00 00 00 00 00-00 00 00 00 00 00 00 00 ................
00:12:29.419351 00000246e895afc0/01f0: 00 00 00 00 00 00 00 00-00 00 00 00 00 00 00 00 ................
00:12:29.419352 00000246e895afd0/0200: 00 00 00 00 00 00 00 00-00 00 00 00 00 00 00 00 ................
00:12:29.419352 00000246e895afe0/0210: 00 00 00 00 00 00 00 00-00 00 00 00 00 00 00 00 ................
00:12:29.419353 00000246e895aff0/0220: 00 00 00 00                                     ....
00:16:24.787729 REQUEST xid 0x47667de3 chaddr 08:00:27:71:8b:04
00:16:24.787757  ciaddr 192.168.56.105
00:16:24.787766  params { 1 28 2 121 15 6 12 40 41 42 26 119 3 121 249 33 252 42 17 }
00:16:24.787823 > allocateAddress to client 08:00:27:71:8b:04
00:16:24.787829 > .... noted expired binding 192.168.56.107 to [01:08:00:27:16:25:79] (08:00:27:16:25:79), expired, valid from 2024-06-24T04:49:49Z for 600s until 2024-06-24T04:59:49Z
00:16:24.787837 > ... found existing binding 192.168.56.105 to 08:00:27:71:8b:04, acked, valid from 2024-08-30T04:34:16Z for 600s until 2024-08-30T04:44:16Z
00:16:24.787843 Lease time 600 secs (default)
00:16:24.787848 writing leases to C:\Users\y.kojima\.VirtualBox\HostInterfaceNetworking-VirtualBox Host-Only Ethernet Adapter-Dhcpd.leases
00:16:24.797226 >>> requested option 1 (SubnetMask)
00:16:24.797236 ... always supplied
00:16:24.797239 >>> requested option 28 (BroadcastAddress)
00:16:24.797243 ... not found
00:16:24.797245 >>> requested option 2 (TimeOffset)
00:16:24.797248 ... not found
00:16:24.797251 >>> requested option 121 (unknown)
00:16:24.797254 ... not found
00:16:24.797257 >>> requested option 15 (DomainName)
00:16:24.797260 ... not found
00:16:24.797263 >>> requested option 6 (DNSes)
00:16:24.797266 ... not found
00:16:24.797269 >>> requested option 12 (HostName)
00:16:24.797272 ... not found
00:16:24.797275 >>> requested option 40 (NISDomain)
00:16:24.797278 ... not found
00:16:24.797281 >>> requested option 41 (NISServers)
00:16:24.797284 ... not found
00:16:24.797287 >>> requested option 42 (NTPServers)
00:16:24.797290 ... not found
00:16:24.797293 >>> requested option 26 (InterfaceMTU)
00:16:24.797296 ... not found
00:16:24.797299 >>> requested option 119 (DomainSearch)
00:16:24.797302 ... not found
00:16:24.797305 >>> requested option 3 (Routers)
00:16:24.797308 ... not found
00:16:24.797311 >>> requested option 249 (unknown)
00:16:24.797314 ... not found
00:16:24.797329 >>> requested option 33 (StaticRoute)
00:16:24.797334 ... not found
00:16:24.797337 >>> requested option 252 (unknown)
00:16:24.797341 ... not found
00:16:24.797343 >>> requested option 17 (RootPath)
00:16:24.797346 ... not found
00:16:24.797352 encoding option 1 (SubnetMask)
00:16:24.797356 encoding option 51 (LeaseTime)
00:16:24.797360 ACK xid 0x47667de3 chaddr 08:00:27:71:8b:04
00:16:24.797370  ciaddr 192.168.56.105 yiaddr 192.168.56.105
00:16:24.797379 encoded message: 548 bytes
00:16:24.797380 00000246e895baf0/0000: 02 01 06 00 e3 7d 66 47-00 00 00 00 c0 a8 38 69 .....}fG......8i
00:16:24.797382 00000246e895bb00/0010: c0 a8 38 69 00 00 00 00-00 00 00 00 08 00 27 71 ..8i..........'q
00:16:24.797383 00000246e895bb10/0020: 8b 04 00 00 00 00 00 00-00 00 00 00 00 00 00 00 ................
00:16:24.797384 00000246e895bb20/0030: 00 00 00 00 00 00 00 00-00 00 00 00 00 00 00 00 ................
00:16:24.797386 00000246e895bb30/0040: 00 00 00 00 00 00 00 00-00 00 00 00 00 00 00 00 ................
00:16:24.797387 00000246e895bb40/0050: 00 00 00 00 00 00 00 00-00 00 00 00 00 00 00 00 ................
00:16:24.797388 00000246e895bb50/0060: 00 00 00 00 00 00 00 00-00 00 00 00 00 00 00 00 ................
00:16:24.797389 00000246e895bb60/0070: 00 00 00 00 00 00 00 00-00 00 00 00 00 00 00 00 ................
00:16:24.797390 00000246e895bb70/0080: 00 00 00 00 00 00 00 00-00 00 00 00 00 00 00 00 ................
00:16:24.797391 00000246e895bb80/0090: 00 00 00 00 00 00 00 00-00 00 00 00 00 00 00 00 ................
00:16:24.797392 00000246e895bb90/00a0: 00 00 00 00 00 00 00 00-00 00 00 00 00 00 00 00 ................
00:16:24.797393 00000246e895bba0/00b0: 00 00 00 00 00 00 00 00-00 00 00 00 00 00 00 00 ................
00:16:24.797394 00000246e895bbb0/00c0: 00 00 00 00 00 00 00 00-00 00 00 00 00 00 00 00 ................
00:16:24.797395 00000246e895bbc0/00d0: 00 00 00 00 00 00 00 00-00 00 00 00 00 00 00 00 ................
00:16:24.797397 00000246e895bbd0/00e0: 00 00 00 00 00 00 00 00-00 00 00 00 63 82 53 63 ............c.Sc
00:16:24.797398 00000246e895bbe0/00f0: 36 04 c0 a8 38 64 35 01-05 01 04 ff ff ff 00 33 6...8d5........3
00:16:24.797399 00000246e895bbf0/0100: 04 00 00 02 58 ff 00 00-00 00 00 00 00 00 00 00 ....X...........
00:16:24.797400 00000246e895bc00/0110: 00 00 00 00 00 00 00 00-00 00 00 00 00 00 00 00 ................
00:16:24.797401 00000246e895bc10/0120: 00 00 00 00 00 00 00 00-00 00 00 00 00 00 00 00 ................
00:16:24.797402 00000246e895bc20/0130: 00 00 00 00 00 00 00 00-00 00 00 00 00 00 00 00 ................
00:16:24.797403 00000246e895bc30/0140: 00 00 00 00 00 00 00 00-00 00 00 00 00 00 00 00 ................
00:16:24.797405 00000246e895bc40/0150: 00 00 00 00 00 00 00 00-00 00 00 00 00 00 00 00 ................
00:16:24.797406 00000246e895bc50/0160: 00 00 00 00 00 00 00 00-00 00 00 00 00 00 00 00 ................
00:16:24.797407 00000246e895bc60/0170: 00 00 00 00 00 00 00 00-00 00 00 00 00 00 00 00 ................
00:16:24.797408 00000246e895bc70/0180: 00 00 00 00 00 00 00 00-00 00 00 00 00 00 00 00 ................
00:16:24.797409 00000246e895bc80/0190: 00 00 00 00 00 00 00 00-00 00 00 00 00 00 00 00 ................
00:16:24.797410 00000246e895bc90/01a0: 00 00 00 00 00 00 00 00-00 00 00 00 00 00 00 00 ................
00:16:24.797411 00000246e895bca0/01b0: 00 00 00 00 00 00 00 00-00 00 00 00 00 00 00 00 ................
00:16:24.797412 00000246e895bcb0/01c0: 00 00 00 00 00 00 00 00-00 00 00 00 00 00 00 00 ................
00:16:24.797413 00000246e895bcc0/01d0: 00 00 00 00 00 00 00 00-00 00 00 00 00 00 00 00 ................
00:16:24.797414 00000246e895bcd0/01e0: 00 00 00 00 00 00 00 00-00 00 00 00 00 00 00 00 ................
00:16:24.797416 00000246e895bce0/01f0: 00 00 00 00 00 00 00 00-00 00 00 00 00 00 00 00 ................
00:16:24.797417 00000246e895bcf0/0200: 00 00 00 00 00 00 00 00-00 00 00 00 00 00 00 00 ................
00:16:24.797418 00000246e895bd00/0210: 00 00 00 00 00 00 00 00-00 00 00 00 00 00 00 00 ................
00:16:24.797419 00000246e895bd10/0220: 00 00 00 00                                     ....
00:20:14.941149 REQUEST xid 0x47667de3 chaddr 08:00:27:71:8b:04
00:20:14.941181  ciaddr 192.168.56.105
00:20:14.941190  params { 1 28 2 121 15 6 12 40 41 42 26 119 3 121 249 33 252 42 17 }
00:20:14.941246 > allocateAddress to client 08:00:27:71:8b:04
00:20:14.941252 > .... noted expired binding 192.168.56.107 to [01:08:00:27:16:25:79] (08:00:27:16:25:79), expired, valid from 2024-06-24T04:49:49Z for 600s until 2024-06-24T04:59:49Z
00:20:14.941261 > ... found existing binding 192.168.56.105 to 08:00:27:71:8b:04, acked, valid from 2024-08-30T04:38:12Z for 600s until 2024-08-30T04:48:12Z
00:20:14.941266 Lease time 600 secs (default)
00:20:14.941272 writing leases to C:\Users\y.kojima\.VirtualBox\HostInterfaceNetworking-VirtualBox Host-Only Ethernet Adapter-Dhcpd.leases
00:20:14.950744 >>> requested option 1 (SubnetMask)
00:20:14.950753 ... always supplied
00:20:14.950756 >>> requested option 28 (BroadcastAddress)
00:20:14.950760 ... not found
00:20:14.950763 >>> requested option 2 (TimeOffset)
00:20:14.950766 ... not found
00:20:14.950769 >>> requested option 121 (unknown)
00:20:14.950772 ... not found
00:20:14.950774 >>> requested option 15 (DomainName)
00:20:14.950777 ... not found
00:20:14.950780 >>> requested option 6 (DNSes)
00:20:14.950783 ... not found
00:20:14.950786 >>> requested option 12 (HostName)
00:20:14.950791 ... not found
00:20:14.950796 >>> requested option 40 (NISDomain)
00:20:14.950799 ... not found
00:20:14.950802 >>> requested option 41 (NISServers)
00:20:14.950805 ... not found
00:20:14.950808 >>> requested option 42 (NTPServers)
00:20:14.950811 ... not found
00:20:14.950814 >>> requested option 26 (InterfaceMTU)
00:20:14.950817 ... not found
00:20:14.950820 >>> requested option 119 (DomainSearch)
00:20:14.950823 ... not found
00:20:14.950826 >>> requested option 3 (Routers)
00:20:14.950829 ... not found
00:20:14.950832 >>> requested option 249 (unknown)
00:20:14.950835 ... not found
00:20:14.950838 >>> requested option 33 (StaticRoute)
00:20:14.950841 ... not found
00:20:14.950844 >>> requested option 252 (unknown)
00:20:14.950847 ... not found
00:20:14.950851 >>> requested option 17 (RootPath)
00:20:14.950854 ... not found
00:20:14.950859 encoding option 1 (SubnetMask)
00:20:14.950863 encoding option 51 (LeaseTime)
00:20:14.950870 ACK xid 0x47667de3 chaddr 08:00:27:71:8b:04
00:20:14.950880  ciaddr 192.168.56.105 yiaddr 192.168.56.105
00:20:14.950890 encoded message: 548 bytes
00:20:14.950892 00000246e895a510/0000: 02 01 06 00 e3 7d 66 47-00 00 00 00 c0 a8 38 69 .....}fG......8i
00:20:14.950893 00000246e895a520/0010: c0 a8 38 69 00 00 00 00-00 00 00 00 08 00 27 71 ..8i..........'q
00:20:14.950895 00000246e895a530/0020: 8b 04 00 00 00 00 00 00-00 00 00 00 00 00 00 00 ................
00:20:14.950896 00000246e895a540/0030: 00 00 00 00 00 00 00 00-00 00 00 00 00 00 00 00 ................
00:20:14.950897 00000246e895a550/0040: 00 00 00 00 00 00 00 00-00 00 00 00 00 00 00 00 ................
00:20:14.950898 00000246e895a560/0050: 00 00 00 00 00 00 00 00-00 00 00 00 00 00 00 00 ................
00:20:14.950899 00000246e895a570/0060: 00 00 00 00 00 00 00 00-00 00 00 00 00 00 00 00 ................
00:20:14.950901 00000246e895a580/0070: 00 00 00 00 00 00 00 00-00 00 00 00 00 00 00 00 ................
00:20:14.950902 00000246e895a590/0080: 00 00 00 00 00 00 00 00-00 00 00 00 00 00 00 00 ................
00:20:14.950903 00000246e895a5a0/0090: 00 00 00 00 00 00 00 00-00 00 00 00 00 00 00 00 ................
00:20:14.950904 00000246e895a5b0/00a0: 00 00 00 00 00 00 00 00-00 00 00 00 00 00 00 00 ................
00:20:14.950905 00000246e895a5c0/00b0: 00 00 00 00 00 00 00 00-00 00 00 00 00 00 00 00 ................
00:20:14.950906 00000246e895a5d0/00c0: 00 00 00 00 00 00 00 00-00 00 00 00 00 00 00 00 ................
00:20:14.950907 00000246e895a5e0/00d0: 00 00 00 00 00 00 00 00-00 00 00 00 00 00 00 00 ................
00:20:14.950908 00000246e895a5f0/00e0: 00 00 00 00 00 00 00 00-00 00 00 00 63 82 53 63 ............c.Sc
00:20:14.950910 00000246e895a600/00f0: 36 04 c0 a8 38 64 35 01-05 01 04 ff ff ff 00 33 6...8d5........3
00:20:14.950911 00000246e895a610/0100: 04 00 00 02 58 ff 00 00-00 00 00 00 00 00 00 00 ....X...........
00:20:14.950912 00000246e895a620/0110: 00 00 00 00 00 00 00 00-00 00 00 00 00 00 00 00 ................
00:20:14.950913 00000246e895a630/0120: 00 00 00 00 00 00 00 00-00 00 00 00 00 00 00 00 ................
00:20:14.950914 00000246e895a640/0130: 00 00 00 00 00 00 00 00-00 00 00 00 00 00 00 00 ................
00:20:14.950915 00000246e895a650/0140: 00 00 00 00 00 00 00 00-00 00 00 00 00 00 00 00 ................
00:20:14.950916 00000246e895a660/0150: 00 00 00 00 00 00 00 00-00 00 00 00 00 00 00 00 ................
00:20:14.950918 00000246e895a670/0160: 00 00 00 00 00 00 00 00-00 00 00 00 00 00 00 00 ................
00:20:14.950919 00000246e895a680/0170: 00 00 00 00 00 00 00 00-00 00 00 00 00 00 00 00 ................
00:20:14.950920 00000246e895a690/0180: 00 00 00 00 00 00 00 00-00 00 00 00 00 00 00 00 ................
00:20:14.950921 00000246e895a6a0/0190: 00 00 00 00 00 00 00 00-00 00 00 00 00 00 00 00 ................
00:20:14.950922 00000246e895a6b0/01a0: 00 00 00 00 00 00 00 00-00 00 00 00 00 00 00 00 ................
00:20:14.950923 00000246e895a6c0/01b0: 00 00 00 00 00 00 00 00-00 00 00 00 00 00 00 00 ................
00:20:14.950924 00000246e895a6d0/01c0: 00 00 00 00 00 00 00 00-00 00 00 00 00 00 00 00 ................
00:20:14.950925 00000246e895a6e0/01d0: 00 00 00 00 00 00 00 00-00 00 00 00 00 00 00 00 ................
00:20:14.950926 00000246e895a6f0/01e0: 00 00 00 00 00 00 00 00-00 00 00 00 00 00 00 00 ................
00:20:14.950928 00000246e895a700/01f0: 00 00 00 00 00 00 00 00-00 00 00 00 00 00 00 00 ................
00:20:14.950929 00000246e895a710/0200: 00 00 00 00 00 00 00 00-00 00 00 00 00 00 00 00 ................
00:20:14.950930 00000246e895a720/0210: 00 00 00 00 00 00 00 00-00 00 00 00 00 00 00 00 ................
00:20:14.950931 00000246e895a730/0220: 00 00 00 00                                     ....
00:25:11.805779 REQUEST xid 0x47667de3 chaddr 08:00:27:71:8b:04
00:25:11.805815  ciaddr 192.168.56.105
00:25:11.805824  params { 1 28 2 121 15 6 12 40 41 42 26 119 3 121 249 33 252 42 17 }
00:25:11.805881 > allocateAddress to client 08:00:27:71:8b:04
00:25:11.805887 > .... noted expired binding 192.168.56.107 to [01:08:00:27:16:25:79] (08:00:27:16:25:79), expired, valid from 2024-06-24T04:49:49Z for 600s until 2024-06-24T04:59:49Z
00:25:11.805895 > ... found existing binding 192.168.56.105 to 08:00:27:71:8b:04, acked, valid from 2024-08-30T04:42:02Z for 600s until 2024-08-30T04:52:02Z
00:25:11.805900 Lease time 600 secs (default)
00:25:11.805906 writing leases to C:\Users\y.kojima\.VirtualBox\HostInterfaceNetworking-VirtualBox Host-Only Ethernet Adapter-Dhcpd.leases
00:25:11.812988 >>> requested option 1 (SubnetMask)
00:25:11.812994 ... always supplied
00:25:11.812995 >>> requested option 28 (BroadcastAddress)
00:25:11.812997 ... not found
00:25:11.812999 >>> requested option 2 (TimeOffset)
00:25:11.813000 ... not found
00:25:11.813002 >>> requested option 121 (unknown)
00:25:11.813004 ... not found
00:25:11.813005 >>> requested option 15 (DomainName)
00:25:11.813007 ... not found
00:25:11.813008 >>> requested option 6 (DNSes)
00:25:11.813010 ... not found
00:25:11.813011 >>> requested option 12 (HostName)
00:25:11.813013 ... not found
00:25:11.813014 >>> requested option 40 (NISDomain)
00:25:11.813016 ... not found
00:25:11.813018 >>> requested option 41 (NISServers)
00:25:11.813019 ... not found
00:25:11.813021 >>> requested option 42 (NTPServers)
00:25:11.813022 ... not found
00:25:11.813024 >>> requested option 26 (InterfaceMTU)
00:25:11.813025 ... not found
00:25:11.813027 >>> requested option 119 (DomainSearch)
00:25:11.813028 ... not found
00:25:11.813030 >>> requested option 3 (Routers)
00:25:11.813031 ... not found
00:25:11.813033 >>> requested option 249 (unknown)
00:25:11.813034 ... not found
00:25:11.813036 >>> requested option 33 (StaticRoute)
00:25:11.813037 ... not found
00:25:11.813039 >>> requested option 252 (unknown)
00:25:11.813040 ... not found
00:25:11.813042 >>> requested option 17 (RootPath)
00:25:11.813044 ... not found
00:25:11.813047 encoding option 1 (SubnetMask)
00:25:11.813049 encoding option 51 (LeaseTime)
00:25:11.813051 ACK xid 0x47667de3 chaddr 08:00:27:71:8b:04
00:25:11.813057  ciaddr 192.168.56.105 yiaddr 192.168.56.105
00:25:11.813062 encoded message: 548 bytes
00:25:11.813063 00000246e895bf50/0000: 02 01 06 00 e3 7d 66 47-00 00 00 00 c0 a8 38 69 .....}fG......8i
00:25:11.813064 00000246e895bf60/0010: c0 a8 38 69 00 00 00 00-00 00 00 00 08 00 27 71 ..8i..........'q
00:25:11.813065 00000246e895bf70/0020: 8b 04 00 00 00 00 00 00-00 00 00 00 00 00 00 00 ................
00:25:11.813066 00000246e895bf80/0030: 00 00 00 00 00 00 00 00-00 00 00 00 00 00 00 00 ................
00:25:11.813067 00000246e895bf90/0040: 00 00 00 00 00 00 00 00-00 00 00 00 00 00 00 00 ................
00:25:11.813067 00000246e895bfa0/0050: 00 00 00 00 00 00 00 00-00 00 00 00 00 00 00 00 ................
00:25:11.813068 00000246e895bfb0/0060: 00 00 00 00 00 00 00 00-00 00 00 00 00 00 00 00 ................
00:25:11.813069 00000246e895bfc0/0070: 00 00 00 00 00 00 00 00-00 00 00 00 00 00 00 00 ................
00:25:11.813069 00000246e895bfd0/0080: 00 00 00 00 00 00 00 00-00 00 00 00 00 00 00 00 ................
00:25:11.813070 00000246e895bfe0/0090: 00 00 00 00 00 00 00 00-00 00 00 00 00 00 00 00 ................
00:25:11.813071 00000246e895bff0/00a0: 00 00 00 00 00 00 00 00-00 00 00 00 00 00 00 00 ................
00:25:11.813071 00000246e895c000/00b0: 00 00 00 00 00 00 00 00-00 00 00 00 00 00 00 00 ................
00:25:11.813072 00000246e895c010/00c0: 00 00 00 00 00 00 00 00-00 00 00 00 00 00 00 00 ................
00:25:11.813073 00000246e895c020/00d0: 00 00 00 00 00 00 00 00-00 00 00 00 00 00 00 00 ................
00:25:11.813073 00000246e895c030/00e0: 00 00 00 00 00 00 00 00-00 00 00 00 63 82 53 63 ............c.Sc
00:25:11.813074 00000246e895c040/00f0: 36 04 c0 a8 38 64 35 01-05 01 04 ff ff ff 00 33 6...8d5........3
00:25:11.813075 00000246e895c050/0100: 04 00 00 02 58 ff 00 00-00 00 00 00 00 00 00 00 ....X...........
00:25:11.813076 00000246e895c060/0110: 00 00 00 00 00 00 00 00-00 00 00 00 00 00 00 00 ................
00:25:11.813076 00000246e895c070/0120: 00 00 00 00 00 00 00 00-00 00 00 00 00 00 00 00 ................
00:25:11.813077 00000246e895c080/0130: 00 00 00 00 00 00 00 00-00 00 00 00 00 00 00 00 ................
00:25:11.813078 00000246e895c090/0140: 00 00 00 00 00 00 00 00-00 00 00 00 00 00 00 00 ................
00:25:11.813078 00000246e895c0a0/0150: 00 00 00 00 00 00 00 00-00 00 00 00 00 00 00 00 ................
00:25:11.813084 00000246e895c0b0/0160: 00 00 00 00 00 00 00 00-00 00 00 00 00 00 00 00 ................
00:25:11.813084 00000246e895c0c0/0170: 00 00 00 00 00 00 00 00-00 00 00 00 00 00 00 00 ................
00:25:11.813085 00000246e895c0d0/0180: 00 00 00 00 00 00 00 00-00 00 00 00 00 00 00 00 ................
00:25:11.813086 00000246e895c0e0/0190: 00 00 00 00 00 00 00 00-00 00 00 00 00 00 00 00 ................
00:25:11.813086 00000246e895c0f0/01a0: 00 00 00 00 00 00 00 00-00 00 00 00 00 00 00 00 ................
00:25:11.813087 00000246e895c100/01b0: 00 00 00 00 00 00 00 00-00 00 00 00 00 00 00 00 ................
00:25:11.813088 00000246e895c110/01c0: 00 00 00 00 00 00 00 00-00 00 00 00 00 00 00 00 ................
00:25:11.813088 00000246e895c120/01d0: 00 00 00 00 00 00 00 00-00 00 00 00 00 00 00 00 ................
00:25:11.813089 00000246e895c130/01e0: 00 00 00 00 00 00 00 00-00 00 00 00 00 00 00 00 ................
00:25:11.813090 00000246e895c140/01f0: 00 00 00 00 00 00 00 00-00 00 00 00 00 00 00 00 ................
00:25:11.813090 00000246e895c150/0200: 00 00 00 00 00 00 00 00-00 00 00 00 00 00 00 00 ................
00:25:11.813091 00000246e895c160/0210: 00 00 00 00 00 00 00 00-00 00 00 00 00 00 00 00 ................
00:25:11.813092 00000246e895c170/0220: 00 00 00 00                                     ....
00:29:16.685168 REQUEST xid 0x47667de3 chaddr 08:00:27:71:8b:04
00:29:16.685209  ciaddr 192.168.56.105
00:29:16.685219  params { 1 28 2 121 15 6 12 40 41 42 26 119 3 121 249 33 252 42 17 }
00:29:16.685276 > allocateAddress to client 08:00:27:71:8b:04
00:29:16.685282 > .... noted expired binding 192.168.56.107 to [01:08:00:27:16:25:79] (08:00:27:16:25:79), expired, valid from 2024-06-24T04:49:49Z for 600s until 2024-06-24T04:59:49Z
00:29:16.685291 > ... found existing binding 192.168.56.105 to 08:00:27:71:8b:04, acked, valid from 2024-08-30T04:46:59Z for 600s until 2024-08-30T04:56:59Z
00:29:16.685297 Lease time 600 secs (default)
00:29:16.685302 writing leases to C:\Users\y.kojima\.VirtualBox\HostInterfaceNetworking-VirtualBox Host-Only Ethernet Adapter-Dhcpd.leases
00:29:16.694415 >>> requested option 1 (SubnetMask)
00:29:16.694421 ... always supplied
00:29:16.694423 >>> requested option 28 (BroadcastAddress)
00:29:16.694425 ... not found
00:29:16.694427 >>> requested option 2 (TimeOffset)
00:29:16.694428 ... not found
00:29:16.694430 >>> requested option 121 (unknown)
00:29:16.694431 ... not found
00:29:16.694433 >>> requested option 15 (DomainName)
00:29:16.694434 ... not found
00:29:16.694436 >>> requested option 6 (DNSes)
00:29:16.694437 ... not found
00:29:16.694441 >>> requested option 12 (HostName)
00:29:16.694444 ... not found
00:29:16.694445 >>> requested option 40 (NISDomain)
00:29:16.694447 ... not found
00:29:16.694448 >>> requested option 41 (NISServers)
00:29:16.694450 ... not found
00:29:16.694451 >>> requested option 42 (NTPServers)
00:29:16.694453 ... not found
00:29:16.694454 >>> requested option 26 (InterfaceMTU)
00:29:16.694456 ... not found
00:29:16.694458 >>> requested option 119 (DomainSearch)
00:29:16.694459 ... not found
00:29:16.694461 >>> requested option 3 (Routers)
00:29:16.694462 ... not found
00:29:16.694464 >>> requested option 249 (unknown)
00:29:16.694465 ... not found
00:29:16.694466 >>> requested option 33 (StaticRoute)
00:29:16.694468 ... not found
00:29:16.694469 >>> requested option 252 (unknown)
00:29:16.694471 ... not found
00:29:16.694472 >>> requested option 17 (RootPath)
00:29:16.694474 ... not found
00:29:16.694477 encoding option 1 (SubnetMask)
00:29:16.694479 encoding option 51 (LeaseTime)
00:29:16.694481 ACK xid 0x47667de3 chaddr 08:00:27:71:8b:04
00:29:16.694486  ciaddr 192.168.56.105 yiaddr 192.168.56.105
00:29:16.694492 encoded message: 548 bytes
00:29:16.694493 00000246e895b000/0000: 02 01 06 00 e3 7d 66 47-00 00 00 00 c0 a8 38 69 .....}fG......8i
00:29:16.694494 00000246e895b010/0010: c0 a8 38 69 00 00 00 00-00 00 00 00 08 00 27 71 ..8i..........'q
00:29:16.694495 00000246e895b020/0020: 8b 04 00 00 00 00 00 00-00 00 00 00 00 00 00 00 ................
00:29:16.694495 00000246e895b030/0030: 00 00 00 00 00 00 00 00-00 00 00 00 00 00 00 00 ................
00:29:16.694496 00000246e895b040/0040: 00 00 00 00 00 00 00 00-00 00 00 00 00 00 00 00 ................
00:29:16.694497 00000246e895b050/0050: 00 00 00 00 00 00 00 00-00 00 00 00 00 00 00 00 ................
00:29:16.694498 00000246e895b060/0060: 00 00 00 00 00 00 00 00-00 00 00 00 00 00 00 00 ................
00:29:16.694498 00000246e895b070/0070: 00 00 00 00 00 00 00 00-00 00 00 00 00 00 00 00 ................
00:29:16.694499 00000246e895b080/0080: 00 00 00 00 00 00 00 00-00 00 00 00 00 00 00 00 ................
00:29:16.694500 00000246e895b090/0090: 00 00 00 00 00 00 00 00-00 00 00 00 00 00 00 00 ................
00:29:16.694500 00000246e895b0a0/00a0: 00 00 00 00 00 00 00 00-00 00 00 00 00 00 00 00 ................
00:29:16.694501 00000246e895b0b0/00b0: 00 00 00 00 00 00 00 00-00 00 00 00 00 00 00 00 ................
00:29:16.694502 00000246e895b0c0/00c0: 00 00 00 00 00 00 00 00-00 00 00 00 00 00 00 00 ................
00:29:16.694502 00000246e895b0d0/00d0: 00 00 00 00 00 00 00 00-00 00 00 00 00 00 00 00 ................
00:29:16.694503 00000246e895b0e0/00e0: 00 00 00 00 00 00 00 00-00 00 00 00 63 82 53 63 ............c.Sc
00:29:16.694504 00000246e895b0f0/00f0: 36 04 c0 a8 38 64 35 01-05 01 04 ff ff ff 00 33 6...8d5........3
00:29:16.694505 00000246e895b100/0100: 04 00 00 02 58 ff 00 00-00 00 00 00 00 00 00 00 ....X...........
00:29:16.694505 00000246e895b110/0110: 00 00 00 00 00 00 00 00-00 00 00 00 00 00 00 00 ................
00:29:16.694506 00000246e895b120/0120: 00 00 00 00 00 00 00 00-00 00 00 00 00 00 00 00 ................
00:29:16.694507 00000246e895b130/0130: 00 00 00 00 00 00 00 00-00 00 00 00 00 00 00 00 ................
00:29:16.694507 00000246e895b140/0140: 00 00 00 00 00 00 00 00-00 00 00 00 00 00 00 00 ................
00:29:16.694508 00000246e895b150/0150: 00 00 00 00 00 00 00 00-00 00 00 00 00 00 00 00 ................
00:29:16.694509 00000246e895b160/0160: 00 00 00 00 00 00 00 00-00 00 00 00 00 00 00 00 ................
00:29:16.694510 00000246e895b170/0170: 00 00 00 00 00 00 00 00-00 00 00 00 00 00 00 00 ................
00:29:16.694510 00000246e895b180/0180: 00 00 00 00 00 00 00 00-00 00 00 00 00 00 00 00 ................
00:29:16.694511 00000246e895b190/0190: 00 00 00 00 00 00 00 00-00 00 00 00 00 00 00 00 ................
00:29:16.694512 00000246e895b1a0/01a0: 00 00 00 00 00 00 00 00-00 00 00 00 00 00 00 00 ................
00:29:16.694512 00000246e895b1b0/01b0: 00 00 00 00 00 00 00 00-00 00 00 00 00 00 00 00 ................
00:29:16.694513 00000246e895b1c0/01c0: 00 00 00 00 00 00 00 00-00 00 00 00 00 00 00 00 ................
00:29:16.694514 00000246e895b1d0/01d0: 00 00 00 00 00 00 00 00-00 00 00 00 00 00 00 00 ................
00:29:16.694514 00000246e895b1e0/01e0: 00 00 00 00 00 00 00 00-00 00 00 00 00 00 00 00 ................
00:29:16.694515 00000246e895b1f0/01f0: 00 00 00 00 00 00 00 00-00 00 00 00 00 00 00 00 ................
00:29:16.694516 00000246e895b200/0200: 00 00 00 00 00 00 00 00-00 00 00 00 00 00 00 00 ................
00:29:16.694516 00000246e895b210/0210: 00 00 00 00 00 00 00 00-00 00 00 00 00 00 00 00 ................
00:29:16.694517 00000246e895b220/0220: 00 00 00 00                                     ....
00:34:10.241830 REQUEST xid 0x47667de3 chaddr 08:00:27:71:8b:04
00:34:10.241863  ciaddr 192.168.56.105
00:34:10.241872  params { 1 28 2 121 15 6 12 40 41 42 26 119 3 121 249 33 252 42 17 }
00:34:10.241929 > allocateAddress to client 08:00:27:71:8b:04
00:34:10.241935 > .... noted expired binding 192.168.56.107 to [01:08:00:27:16:25:79] (08:00:27:16:25:79), expired, valid from 2024-06-24T04:49:49Z for 600s until 2024-06-24T04:59:49Z
00:34:10.241944 > ... found existing binding 192.168.56.105 to 08:00:27:71:8b:04, acked, valid from 2024-08-30T04:51:04Z for 600s until 2024-08-30T05:01:04Z
00:34:10.241949 Lease time 600 secs (default)
00:34:10.241954 writing leases to C:\Users\y.kojima\.VirtualBox\HostInterfaceNetworking-VirtualBox Host-Only Ethernet Adapter-Dhcpd.leases
00:34:10.250962 >>> requested option 1 (SubnetMask)
00:34:10.250974 ... always supplied
00:34:10.250978 >>> requested option 28 (BroadcastAddress)
00:34:10.250982 ... not found
00:34:10.250985 >>> requested option 2 (TimeOffset)
00:34:10.250988 ... not found
00:34:10.250991 >>> requested option 121 (unknown)
00:34:10.250994 ... not found
00:34:10.250996 >>> requested option 15 (DomainName)
00:34:10.250999 ... not found
00:34:10.251002 >>> requested option 6 (DNSes)
00:34:10.251005 ... not found
00:34:10.251008 >>> requested option 12 (HostName)
00:34:10.251011 ... not found
00:34:10.251014 >>> requested option 40 (NISDomain)
00:34:10.251017 ... not found
00:34:10.251019 >>> requested option 41 (NISServers)
00:34:10.251022 ... not found
00:34:10.251025 >>> requested option 42 (NTPServers)
00:34:10.251028 ... not found
00:34:10.251030 >>> requested option 26 (InterfaceMTU)
00:34:10.251033 ... not found
00:34:10.251036 >>> requested option 119 (DomainSearch)
00:34:10.251039 ... not found
00:34:10.251042 >>> requested option 3 (Routers)
00:34:10.251044 ... not found
00:34:10.251047 >>> requested option 249 (unknown)
00:34:10.251050 ... not found
00:34:10.251053 >>> requested option 33 (StaticRoute)
00:34:10.251056 ... not found
00:34:10.251058 >>> requested option 252 (unknown)
00:34:10.251061 ... not found
00:34:10.251064 >>> requested option 17 (RootPath)
00:34:10.251080 ... not found
00:34:10.251086 encoding option 1 (SubnetMask)
00:34:10.251089 encoding option 51 (LeaseTime)
00:34:10.251093 ACK xid 0x47667de3 chaddr 08:00:27:71:8b:04
00:34:10.251103  ciaddr 192.168.56.105 yiaddr 192.168.56.105
00:34:10.251112 encoded message: 548 bytes
00:34:10.251113 00000246e895add0/0000: 02 01 06 00 e3 7d 66 47-00 00 00 00 c0 a8 38 69 .....}fG......8i
00:34:10.251115 00000246e895ade0/0010: c0 a8 38 69 00 00 00 00-00 00 00 00 08 00 27 71 ..8i..........'q
00:34:10.251117 00000246e895adf0/0020: 8b 04 00 00 00 00 00 00-00 00 00 00 00 00 00 00 ................
00:34:10.251118 00000246e895ae00/0030: 00 00 00 00 00 00 00 00-00 00 00 00 00 00 00 00 ................
00:34:10.251119 00000246e895ae10/0040: 00 00 00 00 00 00 00 00-00 00 00 00 00 00 00 00 ................
00:34:10.251120 00000246e895ae20/0050: 00 00 00 00 00 00 00 00-00 00 00 00 00 00 00 00 ................
00:34:10.251121 00000246e895ae30/0060: 00 00 00 00 00 00 00 00-00 00 00 00 00 00 00 00 ................
00:34:10.251122 00000246e895ae40/0070: 00 00 00 00 00 00 00 00-00 00 00 00 00 00 00 00 ................
00:34:10.251124 00000246e895ae50/0080: 00 00 00 00 00 00 00 00-00 00 00 00 00 00 00 00 ................
00:34:10.251125 00000246e895ae60/0090: 00 00 00 00 00 00 00 00-00 00 00 00 00 00 00 00 ................
00:34:10.251126 00000246e895ae70/00a0: 00 00 00 00 00 00 00 00-00 00 00 00 00 00 00 00 ................
00:34:10.251127 00000246e895ae80/00b0: 00 00 00 00 00 00 00 00-00 00 00 00 00 00 00 00 ................
00:34:10.251128 00000246e895ae90/00c0: 00 00 00 00 00 00 00 00-00 00 00 00 00 00 00 00 ................
00:34:10.251129 00000246e895aea0/00d0: 00 00 00 00 00 00 00 00-00 00 00 00 00 00 00 00 ................
00:34:10.251130 00000246e895aeb0/00e0: 00 00 00 00 00 00 00 00-00 00 00 00 63 82 53 63 ............c.Sc
00:34:10.251132 00000246e895aec0/00f0: 36 04 c0 a8 38 64 35 01-05 01 04 ff ff ff 00 33 6...8d5........3
00:34:10.251133 00000246e895aed0/0100: 04 00 00 02 58 ff 00 00-00 00 00 00 00 00 00 00 ....X...........
00:34:10.251134 00000246e895aee0/0110: 00 00 00 00 00 00 00 00-00 00 00 00 00 00 00 00 ................
00:34:10.251135 00000246e895aef0/0120: 00 00 00 00 00 00 00 00-00 00 00 00 00 00 00 00 ................
00:34:10.251136 00000246e895af00/0130: 00 00 00 00 00 00 00 00-00 00 00 00 00 00 00 00 ................
00:34:10.251137 00000246e895af10/0140: 00 00 00 00 00 00 00 00-00 00 00 00 00 00 00 00 ................
00:34:10.251139 00000246e895af20/0150: 00 00 00 00 00 00 00 00-00 00 00 00 00 00 00 00 ................
00:34:10.251140 00000246e895af30/0160: 00 00 00 00 00 00 00 00-00 00 00 00 00 00 00 00 ................
00:34:10.251141 00000246e895af40/0170: 00 00 00 00 00 00 00 00-00 00 00 00 00 00 00 00 ................
00:34:10.251142 00000246e895af50/0180: 00 00 00 00 00 00 00 00-00 00 00 00 00 00 00 00 ................
00:34:10.251143 00000246e895af60/0190: 00 00 00 00 00 00 00 00-00 00 00 00 00 00 00 00 ................
00:34:10.251144 00000246e895af70/01a0: 00 00 00 00 00 00 00 00-00 00 00 00 00 00 00 00 ................
00:34:10.251145 00000246e895af80/01b0: 00 00 00 00 00 00 00 00-00 00 00 00 00 00 00 00 ................
00:34:10.251146 00000246e895af90/01c0: 00 00 00 00 00 00 00 00-00 00 00 00 00 00 00 00 ................
00:34:10.251148 00000246e895afa0/01d0: 00 00 00 00 00 00 00 00-00 00 00 00 00 00 00 00 ................
00:34:10.251149 00000246e895afb0/01e0: 00 00 00 00 00 00 00 00-00 00 00 00 00 00 00 00 ................
00:34:10.251150 00000246e895afc0/01f0: 00 00 00 00 00 00 00 00-00 00 00 00 00 00 00 00 ................
00:34:10.251151 00000246e895afd0/0200: 00 00 00 00 00 00 00 00-00 00 00 00 00 00 00 00 ................
00:34:10.251152 00000246e895afe0/0210: 00 00 00 00 00 00 00 00-00 00 00 00 00 00 00 00 ................
00:34:10.251153 00000246e895aff0/0220: 00 00 00 00                                     ....
00:38:17.109495 REQUEST xid 0x47667de3 chaddr 08:00:27:71:8b:04
00:38:17.109524  ciaddr 192.168.56.105
00:38:17.109533  params { 1 28 2 121 15 6 12 40 41 42 26 119 3 121 249 33 252 42 17 }
00:38:17.109589 > allocateAddress to client 08:00:27:71:8b:04
00:38:17.109595 > .... noted expired binding 192.168.56.107 to [01:08:00:27:16:25:79] (08:00:27:16:25:79), expired, valid from 2024-06-24T04:49:49Z for 600s until 2024-06-24T04:59:49Z
00:38:17.109604 > ... found existing binding 192.168.56.105 to 08:00:27:71:8b:04, acked, valid from 2024-08-30T04:55:57Z for 600s until 2024-08-30T05:05:57Z
00:38:17.109610 Lease time 600 secs (default)
00:38:17.109615 writing leases to C:\Users\y.kojima\.VirtualBox\HostInterfaceNetworking-VirtualBox Host-Only Ethernet Adapter-Dhcpd.leases
00:38:17.118439 >>> requested option 1 (SubnetMask)
00:38:17.118448 ... always supplied
00:38:17.118452 >>> requested option 28 (BroadcastAddress)
00:38:17.118456 ... not found
00:38:17.118458 >>> requested option 2 (TimeOffset)
00:38:17.118461 ... not found
00:38:17.118464 >>> requested option 121 (unknown)
00:38:17.118467 ... not found
00:38:17.118470 >>> requested option 15 (DomainName)
00:38:17.118473 ... not found
00:38:17.118476 >>> requested option 6 (DNSes)
00:38:17.118478 ... not found
00:38:17.118522 >>> requested option 12 (HostName)
00:38:17.118528 ... not found
00:38:17.118531 >>> requested option 40 (NISDomain)
00:38:17.118534 ... not found
00:38:17.118536 >>> requested option 41 (NISServers)
00:38:17.118539 ... not found
00:38:17.118542 >>> requested option 42 (NTPServers)
00:38:17.118545 ... not found
00:38:17.118548 >>> requested option 26 (InterfaceMTU)
00:38:17.118551 ... not found
00:38:17.118553 >>> requested option 119 (DomainSearch)
00:38:17.118556 ... not found
00:38:17.118559 >>> requested option 3 (Routers)
00:38:17.118562 ... not found
00:38:17.118565 >>> requested option 249 (unknown)
00:38:17.118567 ... not found
00:38:17.118570 >>> requested option 33 (StaticRoute)
00:38:17.118573 ... not found
00:38:17.118576 >>> requested option 252 (unknown)
00:38:17.118579 ... not found
00:38:17.118581 >>> requested option 17 (RootPath)
00:38:17.118584 ... not found
00:38:17.118589 encoding option 1 (SubnetMask)
00:38:17.118593 encoding option 51 (LeaseTime)
00:38:17.118597 ACK xid 0x47667de3 chaddr 08:00:27:71:8b:04
00:38:17.118607  ciaddr 192.168.56.105 yiaddr 192.168.56.105
00:38:17.118616 encoded message: 548 bytes
00:38:17.118618 00000246e7ee6ba0/0000: 02 01 06 00 e3 7d 66 47-00 00 00 00 c0 a8 38 69 .....}fG......8i
00:38:17.118619 00000246e7ee6bb0/0010: c0 a8 38 69 00 00 00 00-00 00 00 00 08 00 27 71 ..8i..........'q
00:38:17.118621 00000246e7ee6bc0/0020: 8b 04 00 00 00 00 00 00-00 00 00 00 00 00 00 00 ................
00:38:17.118622 00000246e7ee6bd0/0030: 00 00 00 00 00 00 00 00-00 00 00 00 00 00 00 00 ................
00:38:17.118623 00000246e7ee6be0/0040: 00 00 00 00 00 00 00 00-00 00 00 00 00 00 00 00 ................
00:38:17.118624 00000246e7ee6bf0/0050: 00 00 00 00 00 00 00 00-00 00 00 00 00 00 00 00 ................
00:38:17.118625 00000246e7ee6c00/0060: 00 00 00 00 00 00 00 00-00 00 00 00 00 00 00 00 ................
00:38:17.118626 00000246e7ee6c10/0070: 00 00 00 00 00 00 00 00-00 00 00 00 00 00 00 00 ................
00:38:17.118628 00000246e7ee6c20/0080: 00 00 00 00 00 00 00 00-00 00 00 00 00 00 00 00 ................
00:38:17.118629 00000246e7ee6c30/0090: 00 00 00 00 00 00 00 00-00 00 00 00 00 00 00 00 ................
00:38:17.118630 00000246e7ee6c40/00a0: 00 00 00 00 00 00 00 00-00 00 00 00 00 00 00 00 ................
00:38:17.118631 00000246e7ee6c50/00b0: 00 00 00 00 00 00 00 00-00 00 00 00 00 00 00 00 ................
00:38:17.118632 00000246e7ee6c60/00c0: 00 00 00 00 00 00 00 00-00 00 00 00 00 00 00 00 ................
00:38:17.118633 00000246e7ee6c70/00d0: 00 00 00 00 00 00 00 00-00 00 00 00 00 00 00 00 ................
00:38:17.118634 00000246e7ee6c80/00e0: 00 00 00 00 00 00 00 00-00 00 00 00 63 82 53 63 ............c.Sc
00:38:17.118635 00000246e7ee6c90/00f0: 36 04 c0 a8 38 64 35 01-05 01 04 ff ff ff 00 33 6...8d5........3
00:38:17.118637 00000246e7ee6ca0/0100: 04 00 00 02 58 ff 00 00-00 00 00 00 00 00 00 00 ....X...........
00:38:17.118638 00000246e7ee6cb0/0110: 00 00 00 00 00 00 00 00-00 00 00 00 00 00 00 00 ................
00:38:17.118639 00000246e7ee6cc0/0120: 00 00 00 00 00 00 00 00-00 00 00 00 00 00 00 00 ................
00:38:17.118640 00000246e7ee6cd0/0130: 00 00 00 00 00 00 00 00-00 00 00 00 00 00 00 00 ................
00:38:17.118641 00000246e7ee6ce0/0140: 00 00 00 00 00 00 00 00-00 00 00 00 00 00 00 00 ................
00:38:17.118642 00000246e7ee6cf0/0150: 00 00 00 00 00 00 00 00-00 00 00 00 00 00 00 00 ................
00:38:17.118643 00000246e7ee6d00/0160: 00 00 00 00 00 00 00 00-00 00 00 00 00 00 00 00 ................
00:38:17.118644 00000246e7ee6d10/0170: 00 00 00 00 00 00 00 00-00 00 00 00 00 00 00 00 ................
00:38:17.118646 00000246e7ee6d20/0180: 00 00 00 00 00 00 00 00-00 00 00 00 00 00 00 00 ................
00:38:17.118647 00000246e7ee6d30/0190: 00 00 00 00 00 00 00 00-00 00 00 00 00 00 00 00 ................
00:38:17.118648 00000246e7ee6d40/01a0: 00 00 00 00 00 00 00 00-00 00 00 00 00 00 00 00 ................
00:38:17.118649 00000246e7ee6d50/01b0: 00 00 00 00 00 00 00 00-00 00 00 00 00 00 00 00 ................
00:38:17.118650 00000246e7ee6d60/01c0: 00 00 00 00 00 00 00 00-00 00 00 00 00 00 00 00 ................
00:38:17.118651 00000246e7ee6d70/01d0: 00 00 00 00 00 00 00 00-00 00 00 00 00 00 00 00 ................
00:38:17.118652 00000246e7ee6d80/01e0: 00 00 00 00 00 00 00 00-00 00 00 00 00 00 00 00 ................
00:38:17.118653 00000246e7ee6d90/01f0: 00 00 00 00 00 00 00 00-00 00 00 00 00 00 00 00 ................
00:38:17.118654 00000246e7ee6da0/0200: 00 00 00 00 00 00 00 00-00 00 00 00 00 00 00 00 ................
00:38:17.118656 00000246e7ee6db0/0210: 00 00 00 00 00 00 00 00-00 00 00 00 00 00 00 00 ................
00:38:17.118657 00000246e7ee6dc0/0220: 00 00 00 00                                     ....
00:42:58.238641 REQUEST xid 0x47667de3 chaddr 08:00:27:71:8b:04
00:42:58.238668  ciaddr 192.168.56.105
00:42:58.238677  params { 1 28 2 121 15 6 12 40 41 42 26 119 3 121 249 33 252 42 17 }
00:42:58.238734 > allocateAddress to client 08:00:27:71:8b:04
00:42:58.238740 > .... noted expired binding 192.168.56.107 to [01:08:00:27:16:25:79] (08:00:27:16:25:79), expired, valid from 2024-06-24T04:49:49Z for 600s until 2024-06-24T04:59:49Z
00:42:58.238749 > ... found existing binding 192.168.56.105 to 08:00:27:71:8b:04, acked, valid from 2024-08-30T05:00:04Z for 600s until 2024-08-30T05:10:04Z
00:42:58.238754 Lease time 600 secs (default)
00:42:58.238759 writing leases to C:\Users\y.kojima\.VirtualBox\HostInterfaceNetworking-VirtualBox Host-Only Ethernet Adapter-Dhcpd.leases
00:42:58.247657 >>> requested option 1 (SubnetMask)
00:42:58.247666 ... always supplied
00:42:58.247670 >>> requested option 28 (BroadcastAddress)
00:42:58.247673 ... not found
00:42:58.247676 >>> requested option 2 (TimeOffset)
00:42:58.247679 ... not found
00:42:58.247682 >>> requested option 121 (unknown)
00:42:58.247685 ... not found
00:42:58.247688 >>> requested option 15 (DomainName)
00:42:58.247691 ... not found
00:42:58.247693 >>> requested option 6 (DNSes)
00:42:58.247696 ... not found
00:42:58.247699 >>> requested option 12 (HostName)
00:42:58.247701 ... not found
00:42:58.247704 >>> requested option 40 (NISDomain)
00:42:58.247707 ... not found
00:42:58.247710 >>> requested option 41 (NISServers)
00:42:58.247713 ... not found
00:42:58.247715 >>> requested option 42 (NTPServers)
00:42:58.247718 ... not found
00:42:58.247721 >>> requested option 26 (InterfaceMTU)
00:42:58.247724 ... not found
00:42:58.247727 >>> requested option 119 (DomainSearch)
00:42:58.247729 ... not found
00:42:58.247732 >>> requested option 3 (Routers)
00:42:58.247735 ... not found
00:42:58.247737 >>> requested option 249 (unknown)
00:42:58.247740 ... not found
00:42:58.247743 >>> requested option 33 (StaticRoute)
00:42:58.247746 ... not found
00:42:58.247748 >>> requested option 252 (unknown)
00:42:58.247751 ... not found
00:42:58.247754 >>> requested option 17 (RootPath)
00:42:58.247757 ... not found
00:42:58.247762 encoding option 1 (SubnetMask)
00:42:58.247765 encoding option 51 (LeaseTime)
00:42:58.247770 ACK xid 0x47667de3 chaddr 08:00:27:71:8b:04
00:42:58.247780  ciaddr 192.168.56.105 yiaddr 192.168.56.105
00:42:58.247789 encoded message: 548 bytes
00:42:58.247790 00000246e7ee6dd0/0000: 02 01 06 00 e3 7d 66 47-00 00 00 00 c0 a8 38 69 .....}fG......8i
00:42:58.247791 00000246e7ee6de0/0010: c0 a8 38 69 00 00 00 00-00 00 00 00 08 00 27 71 ..8i..........'q
00:42:58.247793 00000246e7ee6df0/0020: 8b 04 00 00 00 00 00 00-00 00 00 00 00 00 00 00 ................
00:42:58.247794 00000246e7ee6e00/0030: 00 00 00 00 00 00 00 00-00 00 00 00 00 00 00 00 ................
00:42:58.247795 00000246e7ee6e10/0040: 00 00 00 00 00 00 00 00-00 00 00 00 00 00 00 00 ................
00:42:58.247796 00000246e7ee6e20/0050: 00 00 00 00 00 00 00 00-00 00 00 00 00 00 00 00 ................
00:42:58.247798 00000246e7ee6e30/0060: 00 00 00 00 00 00 00 00-00 00 00 00 00 00 00 00 ................
00:42:58.247799 00000246e7ee6e40/0070: 00 00 00 00 00 00 00 00-00 00 00 00 00 00 00 00 ................
00:42:58.247800 00000246e7ee6e50/0080: 00 00 00 00 00 00 00 00-00 00 00 00 00 00 00 00 ................
00:42:58.247801 00000246e7ee6e60/0090: 00 00 00 00 00 00 00 00-00 00 00 00 00 00 00 00 ................
00:42:58.247802 00000246e7ee6e70/00a0: 00 00 00 00 00 00 00 00-00 00 00 00 00 00 00 00 ................
00:42:58.247803 00000246e7ee6e80/00b0: 00 00 00 00 00 00 00 00-00 00 00 00 00 00 00 00 ................
00:42:58.247804 00000246e7ee6e90/00c0: 00 00 00 00 00 00 00 00-00 00 00 00 00 00 00 00 ................
00:42:58.247805 00000246e7ee6ea0/00d0: 00 00 00 00 00 00 00 00-00 00 00 00 00 00 00 00 ................
00:42:58.247807 00000246e7ee6eb0/00e0: 00 00 00 00 00 00 00 00-00 00 00 00 63 82 53 63 ............c.Sc
00:42:58.247808 00000246e7ee6ec0/00f0: 36 04 c0 a8 38 64 35 01-05 01 04 ff ff ff 00 33 6...8d5........3
00:42:58.247809 00000246e7ee6ed0/0100: 04 00 00 02 58 ff 00 00-00 00 00 00 00 00 00 00 ....X...........
00:42:58.247810 00000246e7ee6ee0/0110: 00 00 00 00 00 00 00 00-00 00 00 00 00 00 00 00 ................
00:42:58.247811 00000246e7ee6ef0/0120: 00 00 00 00 00 00 00 00-00 00 00 00 00 00 00 00 ................
00:42:58.247812 00000246e7ee6f00/0130: 00 00 00 00 00 00 00 00-00 00 00 00 00 00 00 00 ................
00:42:58.247813 00000246e7ee6f10/0140: 00 00 00 00 00 00 00 00-00 00 00 00 00 00 00 00 ................
00:42:58.247815 00000246e7ee6f20/0150: 00 00 00 00 00 00 00 00-00 00 00 00 00 00 00 00 ................
00:42:58.247816 00000246e7ee6f30/0160: 00 00 00 00 00 00 00 00-00 00 00 00 00 00 00 00 ................
00:42:58.247817 00000246e7ee6f40/0170: 00 00 00 00 00 00 00 00-00 00 00 00 00 00 00 00 ................
00:42:58.247818 00000246e7ee6f50/0180: 00 00 00 00 00 00 00 00-00 00 00 00 00 00 00 00 ................
00:42:58.247819 00000246e7ee6f60/0190: 00 00 00 00 00 00 00 00-00 00 00 00 00 00 00 00 ................
00:42:58.247820 00000246e7ee6f70/01a0: 00 00 00 00 00 00 00 00-00 00 00 00 00 00 00 00 ................
00:42:58.247821 00000246e7ee6f80/01b0: 00 00 00 00 00 00 00 00-00 00 00 00 00 00 00 00 ................
00:42:58.247822 00000246e7ee6f90/01c0: 00 00 00 00 00 00 00 00-00 00 00 00 00 00 00 00 ................
00:42:58.247823 00000246e7ee6fa0/01d0: 00 00 00 00 00 00 00 00-00 00 00 00 00 00 00 00 ................
00:42:58.247824 00000246e7ee6fb0/01e0: 00 00 00 00 00 00 00 00-00 00 00 00 00 00 00 00 ................
00:42:58.247826 00000246e7ee6fc0/01f0: 00 00 00 00 00 00 00 00-00 00 00 00 00 00 00 00 ................
00:42:58.247827 00000246e7ee6fd0/0200: 00 00 00 00 00 00 00 00-00 00 00 00 00 00 00 00 ................
00:42:58.247828 00000246e7ee6fe0/0210: 00 00 00 00 00 00 00 00-00 00 00 00 00 00 00 00 ................
00:42:58.247829 00000246e7ee6ff0/0220: 00 00 00 00                                     ....
00:47:02.793400 REQUEST xid 0x47667de3 chaddr 08:00:27:71:8b:04
00:47:02.793426  ciaddr 192.168.56.105
00:47:02.793435  params { 1 28 2 121 15 6 12 40 41 42 26 119 3 121 249 33 252 42 17 }
00:47:02.793491 > allocateAddress to client 08:00:27:71:8b:04
00:47:02.793497 > .... noted expired binding 192.168.56.107 to [01:08:00:27:16:25:79] (08:00:27:16:25:79), expired, valid from 2024-06-24T04:49:49Z for 600s until 2024-06-24T04:59:49Z
00:47:02.793506 > ... found existing binding 192.168.56.105 to 08:00:27:71:8b:04, acked, valid from 2024-08-30T05:04:45Z for 600s until 2024-08-30T05:14:45Z
00:47:02.793511 Lease time 600 secs (default)
00:47:02.793515 writing leases to C:\Users\y.kojima\.VirtualBox\HostInterfaceNetworking-VirtualBox Host-Only Ethernet Adapter-Dhcpd.leases
00:47:02.802891 >>> requested option 1 (SubnetMask)
00:47:02.802898 ... always supplied
00:47:02.802900 >>> requested option 28 (BroadcastAddress)
00:47:02.802902 ... not found
00:47:02.802903 >>> requested option 2 (TimeOffset)
00:47:02.802905 ... not found
00:47:02.802907 >>> requested option 121 (unknown)
00:47:02.802908 ... not found
00:47:02.802910 >>> requested option 15 (DomainName)
00:47:02.802911 ... not found
00:47:02.802913 >>> requested option 6 (DNSes)
00:47:02.802917 ... not found
00:47:02.802920 >>> requested option 12 (HostName)
00:47:02.802921 ... not found
00:47:02.802923 >>> requested option 40 (NISDomain)
00:47:02.802924 ... not found
00:47:02.802926 >>> requested option 41 (NISServers)
00:47:02.802927 ... not found
00:47:02.802929 >>> requested option 42 (NTPServers)
00:47:02.802930 ... not found
00:47:02.802932 >>> requested option 26 (InterfaceMTU)
00:47:02.802933 ... not found
00:47:02.802935 >>> requested option 119 (DomainSearch)
00:47:02.802936 ... not found
00:47:02.802938 >>> requested option 3 (Routers)
00:47:02.802939 ... not found
00:47:02.802941 >>> requested option 249 (unknown)
00:47:02.802942 ... not found
00:47:02.802944 >>> requested option 33 (StaticRoute)
00:47:02.802946 ... not found
00:47:02.802947 >>> requested option 252 (unknown)
00:47:02.802949 ... not found
00:47:02.802950 >>> requested option 17 (RootPath)
00:47:02.802952 ... not found
00:47:02.802956 encoding option 1 (SubnetMask)
00:47:02.802957 encoding option 51 (LeaseTime)
00:47:02.802960 ACK xid 0x47667de3 chaddr 08:00:27:71:8b:04
00:47:02.802966  ciaddr 192.168.56.105 yiaddr 192.168.56.105
00:47:02.802971 encoded message: 548 bytes
00:47:02.802972 00000246e7ee62e0/0000: 02 01 06 00 e3 7d 66 47-00 00 00 00 c0 a8 38 69 .....}fG......8i
00:47:02.802973 00000246e7ee62f0/0010: c0 a8 38 69 00 00 00 00-00 00 00 00 08 00 27 71 ..8i..........'q
00:47:02.802974 00000246e7ee6300/0020: 8b 04 00 00 00 00 00 00-00 00 00 00 00 00 00 00 ................
00:47:02.802975 00000246e7ee6310/0030: 00 00 00 00 00 00 00 00-00 00 00 00 00 00 00 00 ................
00:47:02.802976 00000246e7ee6320/0040: 00 00 00 00 00 00 00 00-00 00 00 00 00 00 00 00 ................
00:47:02.802976 00000246e7ee6330/0050: 00 00 00 00 00 00 00 00-00 00 00 00 00 00 00 00 ................
00:47:02.802977 00000246e7ee6340/0060: 00 00 00 00 00 00 00 00-00 00 00 00 00 00 00 00 ................
00:47:02.802978 00000246e7ee6350/0070: 00 00 00 00 00 00 00 00-00 00 00 00 00 00 00 00 ................
00:47:02.802978 00000246e7ee6360/0080: 00 00 00 00 00 00 00 00-00 00 00 00 00 00 00 00 ................
00:47:02.802979 00000246e7ee6370/0090: 00 00 00 00 00 00 00 00-00 00 00 00 00 00 00 00 ................
00:47:02.802980 00000246e7ee6380/00a0: 00 00 00 00 00 00 00 00-00 00 00 00 00 00 00 00 ................
00:47:02.802980 00000246e7ee6390/00b0: 00 00 00 00 00 00 00 00-00 00 00 00 00 00 00 00 ................
00:47:02.802981 00000246e7ee63a0/00c0: 00 00 00 00 00 00 00 00-00 00 00 00 00 00 00 00 ................
00:47:02.802982 00000246e7ee63b0/00d0: 00 00 00 00 00 00 00 00-00 00 00 00 00 00 00 00 ................
00:47:02.802982 00000246e7ee63c0/00e0: 00 00 00 00 00 00 00 00-00 00 00 00 63 82 53 63 ............c.Sc
00:47:02.802983 00000246e7ee63d0/00f0: 36 04 c0 a8 38 64 35 01-05 01 04 ff ff ff 00 33 6...8d5........3
00:47:02.802984 00000246e7ee63e0/0100: 04 00 00 02 58 ff 00 00-00 00 00 00 00 00 00 00 ....X...........
00:47:02.802985 00000246e7ee63f0/0110: 00 00 00 00 00 00 00 00-00 00 00 00 00 00 00 00 ................
00:47:02.802986 00000246e7ee6400/0120: 00 00 00 00 00 00 00 00-00 00 00 00 00 00 00 00 ................
00:47:02.802986 00000246e7ee6410/0130: 00 00 00 00 00 00 00 00-00 00 00 00 00 00 00 00 ................
00:47:02.802987 00000246e7ee6420/0140: 00 00 00 00 00 00 00 00-00 00 00 00 00 00 00 00 ................
00:47:02.802988 00000246e7ee6430/0150: 00 00 00 00 00 00 00 00-00 00 00 00 00 00 00 00 ................
00:47:02.802988 00000246e7ee6440/0160: 00 00 00 00 00 00 00 00-00 00 00 00 00 00 00 00 ................
00:47:02.802989 00000246e7ee6450/0170: 00 00 00 00 00 00 00 00-00 00 00 00 00 00 00 00 ................
00:47:02.802990 00000246e7ee6460/0180: 00 00 00 00 00 00 00 00-00 00 00 00 00 00 00 00 ................
00:47:02.802990 00000246e7ee6470/0190: 00 00 00 00 00 00 00 00-00 00 00 00 00 00 00 00 ................
00:47:02.802991 00000246e7ee6480/01a0: 00 00 00 00 00 00 00 00-00 00 00 00 00 00 00 00 ................
00:47:02.802992 00000246e7ee6490/01b0: 00 00 00 00 00 00 00 00-00 00 00 00 00 00 00 00 ................
00:47:02.802992 00000246e7ee64a0/01c0: 00 00 00 00 00 00 00 00-00 00 00 00 00 00 00 00 ................
00:47:02.802993 00000246e7ee64b0/01d0: 00 00 00 00 00 00 00 00-00 00 00 00 00 00 00 00 ................
00:47:02.802994 00000246e7ee64c0/01e0: 00 00 00 00 00 00 00 00-00 00 00 00 00 00 00 00 ................
00:47:02.802994 00000246e7ee64d0/01f0: 00 00 00 00 00 00 00 00-00 00 00 00 00 00 00 00 ................
00:47:02.802995 00000246e7ee64e0/0200: 00 00 00 00 00 00 00 00-00 00 00 00 00 00 00 00 ................
00:47:02.802996 00000246e7ee64f0/0210: 00 00 00 00 00 00 00 00-00 00 00 00 00 00 00 00 ................
00:47:02.802996 00000246e7ee6500/0220: 00 00 00 00                                     ....
00:51:36.079456 REQUEST xid 0x47667de3 chaddr 08:00:27:71:8b:04
00:51:36.079485  ciaddr 192.168.56.105
00:51:36.079494  params { 1 28 2 121 15 6 12 40 41 42 26 119 3 121 249 33 252 42 17 }
00:51:36.079550 > allocateAddress to client 08:00:27:71:8b:04
00:51:36.079556 > .... noted expired binding 192.168.56.107 to [01:08:00:27:16:25:79] (08:00:27:16:25:79), expired, valid from 2024-06-24T04:49:49Z for 600s until 2024-06-24T04:59:49Z
00:51:36.079565 > ... found existing binding 192.168.56.105 to 08:00:27:71:8b:04, acked, valid from 2024-08-30T05:08:50Z for 600s until 2024-08-30T05:18:50Z
00:51:36.079570 Lease time 600 secs (default)
00:51:36.079574 writing leases to C:\Users\y.kojima\.VirtualBox\HostInterfaceNetworking-VirtualBox Host-Only Ethernet Adapter-Dhcpd.leases
00:51:36.089944 >>> requested option 1 (SubnetMask)
00:51:36.089952 ... always supplied
00:51:36.089954 >>> requested option 28 (BroadcastAddress)
00:51:36.089956 ... not found
00:51:36.089957 >>> requested option 2 (TimeOffset)
00:51:36.089959 ... not found
00:51:36.089960 >>> requested option 121 (unknown)
00:51:36.089962 ... not found
00:51:36.089964 >>> requested option 15 (DomainName)
00:51:36.089965 ... not found
00:51:36.089967 >>> requested option 6 (DNSes)
00:51:36.089968 ... not found
00:51:36.089970 >>> requested option 12 (HostName)
00:51:36.089972 ... not found
00:51:36.089973 >>> requested option 40 (NISDomain)
00:51:36.089975 ... not found
00:51:36.089976 >>> requested option 41 (NISServers)
00:51:36.089978 ... not found
00:51:36.089979 >>> requested option 42 (NTPServers)
00:51:36.089981 ... not found
00:51:36.089982 >>> requested option 26 (InterfaceMTU)
00:51:36.089984 ... not found
00:51:36.089985 >>> requested option 119 (DomainSearch)
00:51:36.089987 ... not found
00:51:36.089988 >>> requested option 3 (Routers)
00:51:36.089990 ... not found
00:51:36.089991 >>> requested option 249 (unknown)
00:51:36.089993 ... not found
00:51:36.089994 >>> requested option 33 (StaticRoute)
00:51:36.089996 ... not found
00:51:36.089997 >>> requested option 252 (unknown)
00:51:36.089999 ... not found
00:51:36.090000 >>> requested option 17 (RootPath)
00:51:36.090002 ... not found
00:51:36.090005 encoding option 1 (SubnetMask)
00:51:36.090007 encoding option 51 (LeaseTime)
00:51:36.090009 ACK xid 0x47667de3 chaddr 08:00:27:71:8b:04
00:51:36.090016  ciaddr 192.168.56.105 yiaddr 192.168.56.105
00:51:36.090021 encoded message: 548 bytes
00:51:36.090021 00000246e7ee62e0/0000: 02 01 06 00 e3 7d 66 47-00 00 00 00 c0 a8 38 69 .....}fG......8i
00:51:36.090023 00000246e7ee62f0/0010: c0 a8 38 69 00 00 00 00-00 00 00 00 08 00 27 71 ..8i..........'q
00:51:36.090024 00000246e7ee6300/0020: 8b 04 00 00 00 00 00 00-00 00 00 00 00 00 00 00 ................
00:51:36.090024 00000246e7ee6310/0030: 00 00 00 00 00 00 00 00-00 00 00 00 00 00 00 00 ................
00:51:36.090025 00000246e7ee6320/0040: 00 00 00 00 00 00 00 00-00 00 00 00 00 00 00 00 ................
00:51:36.090026 00000246e7ee6330/0050: 00 00 00 00 00 00 00 00-00 00 00 00 00 00 00 00 ................
00:51:36.090027 00000246e7ee6340/0060: 00 00 00 00 00 00 00 00-00 00 00 00 00 00 00 00 ................
00:51:36.090027 00000246e7ee6350/0070: 00 00 00 00 00 00 00 00-00 00 00 00 00 00 00 00 ................
00:51:36.090028 00000246e7ee6360/0080: 00 00 00 00 00 00 00 00-00 00 00 00 00 00 00 00 ................
00:51:36.090029 00000246e7ee6370/0090: 00 00 00 00 00 00 00 00-00 00 00 00 00 00 00 00 ................
00:51:36.090029 00000246e7ee6380/00a0: 00 00 00 00 00 00 00 00-00 00 00 00 00 00 00 00 ................
00:51:36.090030 00000246e7ee6390/00b0: 00 00 00 00 00 00 00 00-00 00 00 00 00 00 00 00 ................
00:51:36.090031 00000246e7ee63a0/00c0: 00 00 00 00 00 00 00 00-00 00 00 00 00 00 00 00 ................
00:51:36.090031 00000246e7ee63b0/00d0: 00 00 00 00 00 00 00 00-00 00 00 00 00 00 00 00 ................
00:51:36.090032 00000246e7ee63c0/00e0: 00 00 00 00 00 00 00 00-00 00 00 00 63 82 53 63 ............c.Sc
00:51:36.090033 00000246e7ee63d0/00f0: 36 04 c0 a8 38 64 35 01-05 01 04 ff ff ff 00 33 6...8d5........3
00:51:36.090033 00000246e7ee63e0/0100: 04 00 00 02 58 ff 00 00-00 00 00 00 00 00 00 00 ....X...........
00:51:36.090034 00000246e7ee63f0/0110: 00 00 00 00 00 00 00 00-00 00 00 00 00 00 00 00 ................
00:51:36.090035 00000246e7ee6400/0120: 00 00 00 00 00 00 00 00-00 00 00 00 00 00 00 00 ................
00:51:36.090035 00000246e7ee6410/0130: 00 00 00 00 00 00 00 00-00 00 00 00 00 00 00 00 ................
00:51:36.090036 00000246e7ee6420/0140: 00 00 00 00 00 00 00 00-00 00 00 00 00 00 00 00 ................
00:51:36.090037 00000246e7ee6430/0150: 00 00 00 00 00 00 00 00-00 00 00 00 00 00 00 00 ................
00:51:36.090038 00000246e7ee6440/0160: 00 00 00 00 00 00 00 00-00 00 00 00 00 00 00 00 ................
00:51:36.090038 00000246e7ee6450/0170: 00 00 00 00 00 00 00 00-00 00 00 00 00 00 00 00 ................
00:51:36.090039 00000246e7ee6460/0180: 00 00 00 00 00 00 00 00-00 00 00 00 00 00 00 00 ................
00:51:36.090040 00000246e7ee6470/0190: 00 00 00 00 00 00 00 00-00 00 00 00 00 00 00 00 ................
00:51:36.090040 00000246e7ee6480/01a0: 00 00 00 00 00 00 00 00-00 00 00 00 00 00 00 00 ................
00:51:36.090041 00000246e7ee6490/01b0: 00 00 00 00 00 00 00 00-00 00 00 00 00 00 00 00 ................
00:51:36.090042 00000246e7ee64a0/01c0: 00 00 00 00 00 00 00 00-00 00 00 00 00 00 00 00 ................
00:51:36.090042 00000246e7ee64b0/01d0: 00 00 00 00 00 00 00 00-00 00 00 00 00 00 00 00 ................
00:51:36.090043 00000246e7ee64c0/01e0: 00 00 00 00 00 00 00 00-00 00 00 00 00 00 00 00 ................
00:51:36.090044 00000246e7ee64d0/01f0: 00 00 00 00 00 00 00 00-00 00 00 00 00 00 00 00 ................
00:51:36.090044 00000246e7ee64e0/0200: 00 00 00 00 00 00 00 00-00 00 00 00 00 00 00 00 ................
00:51:36.090045 00000246e7ee64f0/0210: 00 00 00 00 00 00 00 00-00 00 00 00 00 00 00 00 ................
00:51:36.090046 00000246e7ee6500/0220: 00 00 00 00                                     ....
